#
# A fatal error has been detected by the Java Runtime Environment:
#
#  EXCEPTION_ACCESS_VIOLATION (0xc0000005) at pc=0x00007ffcff22f6af, pid=12992, tid=11880
#
# JRE version: OpenJDK Runtime Environment (23.0.2+7) (build 23.0.2+7-58)
# Java VM: OpenJDK 64-Bit Server VM (23.0.2+7-58, mixed mode, sharing, tiered, compressed oops, compressed class ptrs, g1 gc, windows-amd64)
# Problematic frame:
# V  [jvm.dll+0x24f6af]
#
# No core dump will be written. Minidumps are not enabled by default on client versions of Windows
#
# If you would like to submit a bug report, please visit:
#   https://bugreport.java.com/bugreport/crash.jsp
#

---------------  S U M M A R Y ------------

Command Line: -Dspring.profiles.active=local -Dfile.encoding=UTF-8 -Duser.country=US -Duser.language=en -Duser.variant davlaga.demo.DemoApplication

Host: 12th Gen Intel(R) Core(TM) i7-12700F, 20 cores, 15G,  Windows 11 , 64 bit Build 22621 (10.0.22621.4974)
Time: Mon Mar 10 15:48:23 2025 Georgian Standard Time elapsed time: 5.904652 seconds (0d 0h 0m 5s)

---------------  T H R E A D  ---------------

Current thread (0x000001964f222cb0):  JavaThread "C2 CompilerThread3" daemon [_thread_in_native, id=11880, stack(0x0000002816a00000,0x0000002816b00000) (1024K)]


Current CompileTask:
C2:5904 8866       4       org.springframework.transaction.interceptor.AbstractFallbackTransactionAttributeSource::getTransactionAttribute (173 bytes)

Stack: [0x0000002816a00000,0x0000002816b00000],  sp=0x0000002816afc290,  free space=1008k
Native frames: (J=compiled Java code, j=interpreted, Vv=VM code, C=native code)
V  [jvm.dll+0x24f6af]  (no source info available)
V  [jvm.dll+0x245e1f]  (no source info available)
V  [jvm.dll+0x243e04]  (no source info available)
V  [jvm.dll+0x1c34b0]  (no source info available)
V  [jvm.dll+0x253df1]  (no source info available)
V  [jvm.dll+0x2520aa]  (no source info available)
V  [jvm.dll+0x3ee226]  (no source info available)
V  [jvm.dll+0x8254cb]  (no source info available)
V  [jvm.dll+0x6df345]  (no source info available)
C  [ucrtbase.dll+0x29333]  (no source info available)
C  [KERNEL32.DLL+0x1259d]  (no source info available)
C  [ntdll.dll+0x5af38]  (no source info available)


siginfo: EXCEPTION_ACCESS_VIOLATION (0xc0000005), reading address 0x0000000400000004


Registers:
RAX=0x000001964c0ef1f0, RBX=0x0000000400000004, RCX=0x0000000000000000, RDX=0x00000196991b6760
RSP=0x0000002816afc290, RBP=0x0000002816afc310, RSI=0x000001964bd4b7f0, RDI=0x0000000000001602
R8 =0x0000000001000000, R9 =0x000001969fa0d050, R10=0x00007ffd8d240000, R11=0x0000000000000000
R12=0x0000000000000f02, R13=0x0000002816afc540, R14=0x0000000000000018, R15=0x000001964dd4b7a0
RIP=0x00007ffcff22f6af, EFLAGS=0x0000000000010246


Register to memory mapping:

RAX=0x000001964c0ef1f0 points into unknown readable memory: 0x000001964733b050 | 50 b0 33 47 96 01 00 00
RBX=0x0000000400000004 is an unknown value
RCX=0x0 is null
RDX=0x00000196991b6760 points into unknown readable memory: 0x0000000001000000 | 00 00 00 01 00 00 00 00
RSP=0x0000002816afc290 is pointing into the stack for thread: 0x000001964f222cb0
RBP=0x0000002816afc310 is pointing into the stack for thread: 0x000001964f222cb0
RSI=0x000001964bd4b7f0 points into unknown readable memory: 0x0000000400000004 | 04 00 00 00 04 00 00 00
RDI=0x0000000000001602 is an unknown value
R8 =0x0000000001000000 is an unknown value
R9 =0x000001969fa0d050 points into unknown readable memory: 0x0000000000000000 | 00 00 00 00 00 00 00 00
R10=0x00007ffd8d240000 VCRUNTIME140.dll
R11=0x0 is null
R12=0x0000000000000f02 is an unknown value
R13=0x0000002816afc540 is pointing into the stack for thread: 0x000001964f222cb0
R14=0x0000000000000018 is an unknown value
R15=0x000001964dd4b7a0 points into unknown readable memory: 0x0000000000000000 | 00 00 00 00 00 00 00 00

Top of Stack: (sp=0x0000002816afc290)
0x0000002816afc290:   00007ffcff997288 0000002816afc310
0x0000002816afc2a0:   0000019649fd3e40 00000196506566b8
0x0000002816afc2b0:   000001964f443320 0000002800002000
0x0000002816afc2c0:   000001964c0ef1f0 00007ffc00001603
0x0000002816afc2d0:   0000002808000000 000001968fa0d050
0x0000002816afc2e0:   0000000008000000 000001964f443320
0x0000002816afc2f0:   0000019600000000 00007ffcff810047
0x0000002816afc300:   000001964d04e970 0000002816afe688
0x0000002816afc310:   000001964fae82d0 0000002816afe688
0x0000002816afc320:   0000002816afc430 00007ffcff225e1f
0x0000002816afc330:   0000002816afe510 0000002816afe510
0x0000002816afc340:   00007ffc00000001 000001964fae8320
0x0000002816afc350:   0000000000000000 0000002816afc4b0
0x0000002816afc360:   0000019648aa0000 0000000000000000
0x0000002816afc370:   0000002816afc4f0 000001964f222c00
0x0000002816afc380:   0000002816aff2d0 00007ffcff9c55b0
0x0000002816afc390:   0000000000000000 0000002816afe510
0x0000002816afc3a0:   0000000000000000 00007ffcff9c55b0
0x0000002816afc3b0:   0000019647634000 00007ffcff81770a
0x0000002816afc3c0:   0000000000000000 0000000000000000
0x0000002816afc3d0:   0000000000000001 000001964fcbdb38
0x0000002816afc3e0:   000001964d2398b8 000000000364e647
0x0000002816afc3f0:   0000000000000000 000001964d050200
0x0000002816afc400:   000001964d056958 0000002816afc5a0
0x0000002816afc410:   0000000000000000 00007ffda71ef532
0x0000002816afc420:   0000019600000000 0000000000000000
0x0000002816afc430:   000001964d230000 0000000000000000
0x0000002816afc440:   0000000000000070 00007ffcff2c2700
0x0000002816afc450:   0000019647634000 00007ffcff9c55a0
0x0000002816afc460:   0000000000000000 0000002816afe510
0x0000002816afc470:   0000000000000000 00007ffcff9c55a0
0x0000002816afc480:   000001964d237c00 00007ffcff817482 

Instructions: (pc=0x00007ffcff22f6af)
0x00007ffcff22f5af:   89 75 e0 8b 7e 28 8b df c1 eb 05 3b 5d c0 72 0b
0x00007ffcff22f5bf:   8b d3 48 8d 4d c0 e8 86 7a 61 00 48 8b 45 c8 83
0x00007ffcff22f5cf:   e7 1f 48 8d 14 98 40 0f b6 cf 41 b8 01 00 00 00
0x00007ffcff22f5df:   41 d3 e0 8b 0a 8b c1 41 0b c0 89 02 41 85 c8 75
0x00007ffcff22f5ef:   21 8b 5d b8 8d 43 01 89 45 b8 3b 5d a8 72 0b 8b
0x00007ffcff22f5ff:   d3 48 8d 4d a0 e8 77 d5 46 00 48 8b 45 b0 48 89
0x00007ffcff22f60f:   34 d8 45 8b e6 44 39 75 b8 0f 86 18 01 00 00 4c
0x00007ffcff22f61f:   89 7c 24 70 0f 1f 40 00 66 0f 1f 84 00 00 00 00
0x00007ffcff22f62f:   00 48 8b 45 b0 41 8b cc 48 8b 3c c8 8b 47 2c 24
0x00007ffcff22f63f:   07 3c 04 75 4a 48 8b 5f 38 48 8b cb 48 8b 03 ff
0x00007ffcff22f64f:   90 80 00 00 00 48 8b f0 48 3b c3 74 32 49 8b 4d
0x00007ffcff22f65f:   20 48 8b d7 e8 18 77 4b 00 48 89 77 38 48 8b d7
0x00007ffcff22f66f:   49 8b 4d 20 e8 b8 79 4b 00 49 8b 8d 68 09 00 00
0x00007ffcff22f67f:   48 8b d7 e8 19 92 e7 ff 41 ff c6 44 89 75 30 48
0x00007ffcff22f68f:   8b 77 10 8b 47 20 4c 8d 3c c6 49 3b f7 0f 83 82
0x00007ffcff22f69f:   00 00 00 48 8b 1e 48 85 db 74 6d f6 c3 01 75 68
0x00007ffcff22f6af:   48 83 3b fe 74 62 44 8b 73 28 41 8b fe c1 ef 05
0x00007ffcff22f6bf:   3b 7d c0 72 0b 8b d7 48 8d 4d c0 e8 81 79 61 00
0x00007ffcff22f6cf:   48 8b 45 c8 41 83 e6 1f 48 8d 14 b8 41 0f b6 ce
0x00007ffcff22f6df:   41 b8 01 00 00 00 41 d3 e0 8b 0a 8b c1 41 0b c0
0x00007ffcff22f6ef:   89 02 41 85 c8 75 21 8b 7d b8 8d 47 01 89 45 b8
0x00007ffcff22f6ff:   3b 7d a8 72 0b 8b d7 48 8d 4d a0 e8 71 d4 46 00
0x00007ffcff22f70f:   48 8b 45 b0 48 89 1c f8 48 83 c6 08 49 3b f7 72
0x00007ffcff22f71f:   82 44 8b 75 30 41 ff c4 44 3b 65 b8 0f 82 ff fe
0x00007ffcff22f72f:   ff ff 4c 8b 7c 24 70 49 8b cd e8 f2 89 4b 00 4c
0x00007ffcff22f73f:   8b a4 24 b8 00 00 00 45 85 f6 4c 8b 74 24 78 48
0x00007ffcff22f74f:   8b bc 24 a8 00 00 00 48 8b 9c 24 a0 00 00 00 7e
0x00007ffcff22f75f:   08 49 8b cd e8 28 7e 4b 00 48 81 c4 80 00 00 00
0x00007ffcff22f76f:   41 5d 5e 5d c3 cc cc cc cc cc cc cc cc cc cc cc
0x00007ffcff22f77f:   cc 48 89 5c 24 08 48 63 81 18 02 00 00 45 33 d2
0x00007ffcff22f78f:   48 8b da 48 8b d1 85 c0 7e 66 4c 8b 89 20 02 00
0x00007ffcff22f79f:   00 4c 8b d8 41 8b c2 49 8b 09 48 39 19 74 17 41 


Stack slot to memory mapping:

stack at sp + 0 slots: 0x00007ffcff997288 jvm.dll
stack at sp + 1 slots: 0x0000002816afc310 is pointing into the stack for thread: 0x000001964f222cb0
stack at sp + 2 slots: 0x0000019649fd3e40 points into unknown readable memory: 0x0000019649fd41d0 | d0 41 fd 49 96 01 00 00
stack at sp + 3 slots: 0x00000196506566b8 points into unknown readable memory: 0x00007ffcff9b5258 | 58 52 9b ff fc 7f 00 00
stack at sp + 4 slots: 0x000001964f443320 points into unknown readable memory: 0x0000000100000007 | 07 00 00 00 01 00 00 00
stack at sp + 5 slots: 0x0000002800002000 is an unknown value
stack at sp + 6 slots: 0x000001964c0ef1f0 points into unknown readable memory: 0x000001964733b050 | 50 b0 33 47 96 01 00 00
stack at sp + 7 slots: 0x00007ffc00001603 is an unknown value

Lock stack of current Java thread (top to bottom):


---------------  P R O C E S S  ---------------

Threads class SMR info:
_java_thread_list=0x000001964f9a28c0, length=40, elements={
0x000001964701ea00, 0x000001964701fb30, 0x0000019647025d90, 0x0000019647026a70,
0x0000019647027830, 0x00000196470283c0, 0x0000019647032720, 0x000001964705ced0,
0x000001964712a920, 0x0000019647207860, 0x000001964720d4d0, 0x0000019647224fb0,
0x00000196481e8f80, 0x0000019648562600, 0x000001964d4d9cf0, 0x000001964d4df240,
0x000001964d4dcae0, 0x000001964d4e05f0, 0x000001964d4e1310, 0x000001964d4de520,
0x000001964f221170, 0x000001964f221f10, 0x000001964f222cb0, 0x000001964f224120,
0x000001964f2247f0, 0x000001964f223a50, 0x0000019648561f70, 0x000001964d252400,
0x000001964d2551f0, 0x000001964d251050, 0x000001964d2516e0, 0x000001964d255880,
0x000001964d250330, 0x000001964d2565a0, 0x000001964d24fca0, 0x000001964d251d70,
0x000001964d2509c0, 0x000001964d4dbdc0, 0x000001964b80d090, 0x000001964b80afc0
}

Java Threads: ( => current thread )
  0x000001964701ea00 JavaThread "Reference Handler"          daemon [_thread_blocked, id=21672, stack(0x0000002815c00000,0x0000002815d00000) (1024K)]
  0x000001964701fb30 JavaThread "Finalizer"                  daemon [_thread_blocked, id=6752, stack(0x0000002815d00000,0x0000002815e00000) (1024K)]
  0x0000019647025d90 JavaThread "Signal Dispatcher"          daemon [_thread_blocked, id=18352, stack(0x0000002815e00000,0x0000002815f00000) (1024K)]
  0x0000019647026a70 JavaThread "Attach Listener"            daemon [_thread_blocked, id=4792, stack(0x0000002815f00000,0x0000002816000000) (1024K)]
  0x0000019647027830 JavaThread "Service Thread"             daemon [_thread_blocked, id=21644, stack(0x0000002816000000,0x0000002816100000) (1024K)]
  0x00000196470283c0 JavaThread "Monitor Deflation Thread"   daemon [_thread_blocked, id=6220, stack(0x0000002816100000,0x0000002816200000) (1024K)]
  0x0000019647032720 JavaThread "C2 CompilerThread0"         daemon [_thread_in_native, id=10340, stack(0x0000002816200000,0x0000002816300000) (1024K)]
  0x000001964705ced0 JavaThread "C1 CompilerThread0"         daemon [_thread_blocked, id=15428, stack(0x0000002816300000,0x0000002816400000) (1024K)]
  0x000001964712a920 JavaThread "C1 CompilerThread1"         daemon [_thread_blocked, id=26720, stack(0x0000002816400000,0x0000002816500000) (1024K)]
  0x0000019647207860 JavaThread "Notification Thread"        daemon [_thread_blocked, id=26024, stack(0x0000002816500000,0x0000002816600000) (1024K)]
  0x000001964720d4d0 JavaThread "Common-Cleaner"             daemon [_thread_blocked, id=9656, stack(0x0000002816600000,0x0000002816700000) (1024K)]
  0x0000019647224fb0 JavaThread "C1 CompilerThread2"         daemon [_thread_blocked, id=27536, stack(0x0000002816700000,0x0000002816800000) (1024K)]
  0x00000196481e8f80 JavaThread "C1 CompilerThread3"         daemon [_thread_blocked, id=11116, stack(0x0000002816b00000,0x0000002816c00000) (1024K)]
  0x0000019648562600 JavaThread "Catalina-utility-1"                [_thread_blocked, id=15228, stack(0x0000002818100000,0x0000002818200000) (1024K)]
  0x000001964d4d9cf0 JavaThread "Catalina-utility-2"                [_thread_blocked, id=15168, stack(0x0000002818200000,0x0000002818300000) (1024K)]
  0x000001964d4df240 JavaThread "container-0"                       [_thread_blocked, id=15820, stack(0x0000002818300000,0x0000002818400000) (1024K)]
  0x000001964d4dcae0 JavaThread "PostgreSQL-JDBC-Cleaner"    daemon [_thread_blocked, id=21712, stack(0x0000002818500000,0x0000002818600000) (1024K)]
  0x000001964d4e05f0 JavaThread "HikariPool-1:housekeeper"   daemon [_thread_blocked, id=15452, stack(0x0000002818600000,0x0000002818700000) (1024K)]
  0x000001964d4e1310 JavaThread "HikariPool-1:connection-adder" daemon [_thread_blocked, id=20368, stack(0x0000002818700000,0x0000002818800000) (1024K)]
  0x000001964d4de520 JavaThread "Keep-Alive-Timer"           daemon [_thread_blocked, id=24232, stack(0x0000002817100000,0x0000002817200000) (1024K)]
  0x000001964f221170 JavaThread "C2 CompilerThread1"         daemon [_thread_blocked, id=15448, stack(0x0000002816800000,0x0000002816900000) (1024K)]
  0x000001964f221f10 JavaThread "C2 CompilerThread2"         daemon [_thread_in_native, id=10260, stack(0x0000002816900000,0x0000002816a00000) (1024K)]
=>0x000001964f222cb0 JavaThread "C2 CompilerThread3"         daemon [_thread_in_native, id=11880, stack(0x0000002816a00000,0x0000002816b00000) (1024K)]
  0x000001964f224120 JavaThread "C2 CompilerThread4"         daemon [_thread_in_native, id=23756, stack(0x0000002817500000,0x0000002817600000) (1024K)]
  0x000001964f2247f0 JavaThread "C2 CompilerThread5"         daemon [_thread_in_native, id=25772, stack(0x0000002817700000,0x0000002817800000) (1024K)]
  0x000001964f223a50 JavaThread "C2 CompilerThread6"         daemon [_thread_in_native, id=20964, stack(0x0000002818000000,0x0000002818100000) (1024K)]
  0x0000019648561f70 JavaThread "idle-connection-reaper"     daemon [_thread_blocked, id=14764, stack(0x0000002818900000,0x0000002818a00000) (1024K)]
  0x000001964d252400 JavaThread "http-nio-8080-exec-1"       daemon [_thread_blocked, id=13764, stack(0x0000002818800000,0x0000002818900000) (1024K)]
  0x000001964d2551f0 JavaThread "http-nio-8080-exec-2"       daemon [_thread_blocked, id=16492, stack(0x0000002818a00000,0x0000002818b00000) (1024K)]
  0x000001964d251050 JavaThread "http-nio-8080-exec-3"       daemon [_thread_blocked, id=23400, stack(0x0000002818b00000,0x0000002818c00000) (1024K)]
  0x000001964d2516e0 JavaThread "http-nio-8080-exec-4"       daemon [_thread_blocked, id=21528, stack(0x0000002818c00000,0x0000002818d00000) (1024K)]
  0x000001964d255880 JavaThread "http-nio-8080-exec-5"       daemon [_thread_blocked, id=9340, stack(0x0000002818d00000,0x0000002818e00000) (1024K)]
  0x000001964d250330 JavaThread "http-nio-8080-exec-6"       daemon [_thread_blocked, id=16592, stack(0x0000002818e00000,0x0000002818f00000) (1024K)]
  0x000001964d2565a0 JavaThread "http-nio-8080-exec-7"       daemon [_thread_blocked, id=15276, stack(0x0000002818f00000,0x0000002819000000) (1024K)]
  0x000001964d24fca0 JavaThread "http-nio-8080-exec-8"       daemon [_thread_blocked, id=21240, stack(0x0000002819000000,0x0000002819100000) (1024K)]
  0x000001964d251d70 JavaThread "http-nio-8080-exec-9"       daemon [_thread_blocked, id=27600, stack(0x0000002819100000,0x0000002819200000) (1024K)]
  0x000001964d2509c0 JavaThread "http-nio-8080-exec-10"      daemon [_thread_blocked, id=14720, stack(0x0000002819200000,0x0000002819300000) (1024K)]
  0x000001964d4dbdc0 JavaThread "http-nio-8080-Poller"       daemon [_thread_in_native, id=20116, stack(0x0000002819300000,0x0000002819400000) (1024K)]
  0x000001964b80d090 JavaThread "http-nio-8080-Acceptor"     daemon [_thread_in_native, id=13452, stack(0x0000002819400000,0x0000002819500000) (1024K)]
  0x000001964b80afc0 JavaThread "DestroyJavaVM"                     [_thread_blocked, id=23104, stack(0x0000002815400000,0x0000002815500000) (1024K)]
Total: 40

Other Threads:
  0x000001967f034a20 VMThread "VM Thread"                           [id=12900, stack(0x0000002815b00000,0x0000002815c00000) (1024K)]
  0x000001967f01ef40 WatcherThread "VM Periodic Task Thread"        [id=22556, stack(0x0000002815a00000,0x0000002815b00000) (1024K)]
  0x0000019661650a70 WorkerThread "GC Thread#0"                     [id=26924, stack(0x0000002815500000,0x0000002815600000) (1024K)]
  0x0000019648291290 WorkerThread "GC Thread#1"                     [id=10308, stack(0x0000002816c00000,0x0000002816d00000) (1024K)]
  0x0000019648291640 WorkerThread "GC Thread#2"                     [id=7132, stack(0x0000002816d00000,0x0000002816e00000) (1024K)]
  0x000001964844c9b0 WorkerThread "GC Thread#3"                     [id=11196, stack(0x0000002816e00000,0x0000002816f00000) (1024K)]
  0x000001964844cd60 WorkerThread "GC Thread#4"                     [id=17544, stack(0x0000002816f00000,0x0000002817000000) (1024K)]
  0x000001964844d110 WorkerThread "GC Thread#5"                     [id=14944, stack(0x0000002817000000,0x0000002817100000) (1024K)]
  0x0000019648745d10 WorkerThread "GC Thread#6"                     [id=25824, stack(0x0000002817200000,0x0000002817300000) (1024K)]
  0x0000019648746f80 WorkerThread "GC Thread#7"                     [id=20764, stack(0x0000002817300000,0x0000002817400000) (1024K)]
  0x0000019648746bd0 WorkerThread "GC Thread#8"                     [id=20928, stack(0x0000002817400000,0x0000002817500000) (1024K)]
  0x00000196487460c0 WorkerThread "GC Thread#9"                     [id=6304, stack(0x0000002817600000,0x0000002817700000) (1024K)]
  0x000001964b72c820 WorkerThread "GC Thread#10"                    [id=21564, stack(0x0000002817800000,0x0000002817900000) (1024K)]
  0x000001964b72bd10 WorkerThread "GC Thread#11"                    [id=22460, stack(0x0000002817900000,0x0000002817a00000) (1024K)]
  0x000001964b72f0b0 WorkerThread "GC Thread#12"                    [id=22636, stack(0x0000002817a00000,0x0000002817b00000) (1024K)]
  0x000001964b72cbd0 WorkerThread "GC Thread#13"                    [id=7108, stack(0x0000002817b00000,0x0000002817c00000) (1024K)]
  0x000001964b72de40 WorkerThread "GC Thread#14"                    [id=23768, stack(0x0000002817c00000,0x0000002817d00000) (1024K)]
  0x00000196616658c0 ConcurrentGCThread "G1 Main Marker"            [id=27580, stack(0x0000002815600000,0x0000002815700000) (1024K)]
  0x0000019661666b70 WorkerThread "G1 Conc#0"                       [id=26944, stack(0x0000002815700000,0x0000002815800000) (1024K)]
  0x000001964b72c470 WorkerThread "G1 Conc#1"                       [id=25612, stack(0x0000002817d00000,0x0000002817e00000) (1024K)]
  0x000001964b72cf80 WorkerThread "G1 Conc#2"                       [id=10072, stack(0x0000002817e00000,0x0000002817f00000) (1024K)]
  0x000001964b72d330 WorkerThread "G1 Conc#3"                       [id=20064, stack(0x0000002817f00000,0x0000002818000000) (1024K)]
  0x000001967eef5040 ConcurrentGCThread "G1 Refine#0"               [id=21336, stack(0x0000002815800000,0x0000002815900000) (1024K)]
  0x000001967eef59d0 ConcurrentGCThread "G1 Service"                [id=14824, stack(0x0000002815900000,0x0000002815a00000) (1024K)]
Total: 24

Threads with active compile tasks:
C2 CompilerThread0  5952 9063   !   4       org.springframework.core.ResolvableType::getSuperType (53 bytes)
C2 CompilerThread2  5952 9077       4       org.springframework.core.ResolvableType::forType (112 bytes)
C2 CompilerThread3  5952 8866       4       org.springframework.transaction.interceptor.AbstractFallbackTransactionAttributeSource::getTransactionAttribute (173 bytes)
C2 CompilerThread4  5952 8771       4       org.springframework.core.ResolvableType::hasGenerics (14 bytes)
C2 CompilerThread5  5952 9078       4       org.springframework.core.ResolvableType::resolveType (146 bytes)
C2 CompilerThread6  5952 8887       4       org.springframework.beans.factory.support.AbstractBeanFactory::isTypeMatch (745 bytes)
Total: 6

VM state: not at safepoint (normal execution)

VM Mutex/Monitor currently owned by a thread: None

Heap address: 0x0000000702e00000, size: 4050 MB, Compressed Oops mode: Zero based, Oop shift amount: 3

CDS archive(s) mapped at: [0x0000019602000000-0x0000019602d70000-0x0000019602d70000), size 14090240, SharedBaseAddress: 0x0000019602000000, ArchiveRelocationMode: 1.
Compressed class space mapped at: 0x0000019603000000-0x0000019643000000, reserved size: 1073741824
Narrow klass base: 0x0000019602000000, Narrow klass shift: 0, Narrow klass range: 0x41000000

GC Precious Log:
 CardTable entry size: 512
 Card Set container configuration: InlinePtr #cards 4 size 8 Array Of Cards #cards 16 size 48 Howl #buckets 8 coarsen threshold 3686 Howl Bitmap #cards 512 size 80 coarsen threshold 460 Card regions per heap region 1 cards per card region 4096
 CPUs: 20 total, 20 available
 Memory: 16193M
 Large Page Support: Disabled
 NUMA Support: Disabled
 Compressed Oops: Enabled (Zero based)
 Heap Region Size: 2M
 Heap Min Capacity: 8M
 Heap Initial Capacity: 254M
 Heap Max Capacity: 4050M
 Pre-touch: Disabled
 Parallel Workers: 15
 Concurrent Workers: 4
 Concurrent Refinement Workers: 15
 Periodic GC: Disabled

Heap:
 garbage-first heap   total reserved 4147200K, committed 96256K, used 53966K [0x0000000702e00000, 0x0000000800000000)
  region size 2048K, 4 young (8192K), 2 survivors (4096K)
 Metaspace       used 93006K, committed 93696K, reserved 1179648K
  class space    used 12863K, committed 13184K, reserved 1048576K

Heap Regions: E=young(eden), S=young(survivor), O=old, HS=humongous(starts), HC=humongous(continues), CS=collection set, F=free, TAMS=top-at-mark-start, PB=parsable bottom
|   0|0x0000000702e00000, 0x0000000703000000, 0x0000000703000000|100%| O|  |TAMS 0x0000000702e00000| PB 0x0000000702e00000| Untracked |  0
|   1|0x0000000703000000, 0x0000000703200000, 0x0000000703200000|100%| O|  |TAMS 0x0000000703000000| PB 0x0000000703000000| Untracked |  0
|   2|0x0000000703200000, 0x0000000703400000, 0x0000000703400000|100%| O|  |TAMS 0x0000000703200000| PB 0x0000000703200000| Untracked |  0
|   3|0x0000000703400000, 0x0000000703600000, 0x0000000703600000|100%| O|  |TAMS 0x0000000703400000| PB 0x0000000703400000| Untracked |  0
|   4|0x0000000703600000, 0x0000000703800000, 0x0000000703800000|100%| O|  |TAMS 0x0000000703600000| PB 0x0000000703600000| Untracked |  0
|   5|0x0000000703800000, 0x0000000703a00000, 0x0000000703a00000|100%| O|  |TAMS 0x0000000703800000| PB 0x0000000703800000| Untracked |  0
|   6|0x0000000703a00000, 0x0000000703c00000, 0x0000000703c00000|100%| O|  |TAMS 0x0000000703a00000| PB 0x0000000703a00000| Untracked |  0
|   7|0x0000000703c00000, 0x0000000703e00000, 0x0000000703e00000|100%| O|  |TAMS 0x0000000703c00000| PB 0x0000000703c00000| Untracked |  0
|   8|0x0000000703e00000, 0x0000000704000000, 0x0000000704000000|100%| O|  |TAMS 0x0000000703e00000| PB 0x0000000703e00000| Untracked |  0
|   9|0x0000000704000000, 0x0000000704200000, 0x0000000704200000|100%| O|  |TAMS 0x0000000704000000| PB 0x0000000704000000| Untracked |  0
|  10|0x0000000704200000, 0x0000000704400000, 0x0000000704400000|100%| O|  |TAMS 0x0000000704200000| PB 0x0000000704200000| Untracked |  0
|  11|0x0000000704400000, 0x0000000704600000, 0x0000000704600000|100%| O|  |TAMS 0x0000000704400000| PB 0x0000000704400000| Untracked |  0
|  12|0x0000000704600000, 0x0000000704800000, 0x0000000704800000|100%| O|  |TAMS 0x0000000704600000| PB 0x0000000704600000| Untracked |  0
|  13|0x0000000704800000, 0x0000000704a00000, 0x0000000704a00000|100%| O|  |TAMS 0x0000000704800000| PB 0x0000000704800000| Untracked |  0
|  14|0x0000000704a00000, 0x0000000704c00000, 0x0000000704c00000|100%| O|  |TAMS 0x0000000704a00000| PB 0x0000000704a00000| Untracked |  0
|  15|0x0000000704c00000, 0x0000000704e00000, 0x0000000704e00000|100%| O|  |TAMS 0x0000000704c00000| PB 0x0000000704c00000| Untracked |  0
|  16|0x0000000704e00000, 0x0000000705000000, 0x0000000705000000|100%| O|  |TAMS 0x0000000704e00000| PB 0x0000000704e00000| Untracked |  0
|  17|0x0000000705000000, 0x0000000705000000, 0x0000000705200000|  0%| F|  |TAMS 0x0000000705000000| PB 0x0000000705000000| Untracked |  0
|  18|0x0000000705200000, 0x0000000705400000, 0x0000000705400000|100%| O|  |TAMS 0x0000000705200000| PB 0x0000000705200000| Untracked |  0
|  19|0x0000000705400000, 0x0000000705600000, 0x0000000705600000|100%| O|  |TAMS 0x0000000705400000| PB 0x0000000705400000| Untracked |  0
|  20|0x0000000705600000, 0x0000000705800000, 0x0000000705800000|100%| O|  |TAMS 0x0000000705600000| PB 0x0000000705600000| Untracked |  0
|  21|0x0000000705800000, 0x0000000705a00000, 0x0000000705a00000|100%| O|  |TAMS 0x0000000705800000| PB 0x0000000705800000| Untracked |  0
|  22|0x0000000705a00000, 0x0000000705c00000, 0x0000000705c00000|100%| O|  |TAMS 0x0000000705a00000| PB 0x0000000705a00000| Untracked |  0
|  23|0x0000000705c00000, 0x0000000705dd2bc0, 0x0000000705e00000| 91%| O|  |TAMS 0x0000000705c00000| PB 0x0000000705c00000| Untracked |  0
|  24|0x0000000705e00000, 0x0000000705e00000, 0x0000000706000000|  0%| F|  |TAMS 0x0000000705e00000| PB 0x0000000705e00000| Untracked |  0
|  25|0x0000000706000000, 0x0000000706000000, 0x0000000706200000|  0%| F|  |TAMS 0x0000000706000000| PB 0x0000000706000000| Untracked |  0
|  26|0x0000000706200000, 0x0000000706200000, 0x0000000706400000|  0%| F|  |TAMS 0x0000000706200000| PB 0x0000000706200000| Untracked |  0
|  27|0x0000000706400000, 0x0000000706400000, 0x0000000706600000|  0%| F|  |TAMS 0x0000000706400000| PB 0x0000000706400000| Untracked |  0
|  28|0x0000000706600000, 0x00000007066e1030, 0x0000000706800000| 43%| S|CS|TAMS 0x0000000706600000| PB 0x0000000706600000| Complete |  0
|  29|0x0000000706800000, 0x0000000706a00000, 0x0000000706a00000|100%| S|CS|TAMS 0x0000000706800000| PB 0x0000000706800000| Complete |  0
|  30|0x0000000706a00000, 0x0000000706a00000, 0x0000000706c00000|  0%| F|  |TAMS 0x0000000706a00000| PB 0x0000000706a00000| Untracked |  0
|  31|0x0000000706c00000, 0x0000000706c00000, 0x0000000706e00000|  0%| F|  |TAMS 0x0000000706c00000| PB 0x0000000706c00000| Untracked |  0
|  32|0x0000000706e00000, 0x0000000706e00000, 0x0000000707000000|  0%| F|  |TAMS 0x0000000706e00000| PB 0x0000000706e00000| Untracked |  0
|  33|0x0000000707000000, 0x0000000707000000, 0x0000000707200000|  0%| F|  |TAMS 0x0000000707000000| PB 0x0000000707000000| Untracked |  0
|  34|0x0000000707200000, 0x0000000707200000, 0x0000000707400000|  0%| F|  |TAMS 0x0000000707200000| PB 0x0000000707200000| Untracked |  0
|  35|0x0000000707400000, 0x0000000707400000, 0x0000000707600000|  0%| F|  |TAMS 0x0000000707400000| PB 0x0000000707400000| Untracked |  0
|  36|0x0000000707600000, 0x0000000707600000, 0x0000000707800000|  0%| F|  |TAMS 0x0000000707600000| PB 0x0000000707600000| Untracked |  0
|  37|0x0000000707800000, 0x0000000707800000, 0x0000000707a00000|  0%| F|  |TAMS 0x0000000707800000| PB 0x0000000707800000| Untracked |  0
|  38|0x0000000707a00000, 0x0000000707a00000, 0x0000000707c00000|  0%| F|  |TAMS 0x0000000707a00000| PB 0x0000000707a00000| Untracked |  0
|  39|0x0000000707c00000, 0x0000000707c00000, 0x0000000707e00000|  0%| F|  |TAMS 0x0000000707c00000| PB 0x0000000707c00000| Untracked |  0
|  40|0x0000000707e00000, 0x0000000707e00000, 0x0000000708000000|  0%| F|  |TAMS 0x0000000707e00000| PB 0x0000000707e00000| Untracked |  0
|  41|0x0000000708000000, 0x0000000708000000, 0x0000000708200000|  0%| F|  |TAMS 0x0000000708000000| PB 0x0000000708000000| Untracked |  0
| 100|0x000000070f600000, 0x000000070f600000, 0x000000070f800000|  0%| F|  |TAMS 0x000000070f600000| PB 0x000000070f600000| Untracked |  0
| 101|0x000000070f800000, 0x000000070f800000, 0x000000070fa00000|  0%| F|  |TAMS 0x000000070f800000| PB 0x000000070f800000| Untracked |  0
| 102|0x000000070fa00000, 0x000000070fa7bdf0, 0x000000070fc00000| 24%| E|  |TAMS 0x000000070fa00000| PB 0x000000070fa00000| Complete |  0
| 126|0x0000000712a00000, 0x0000000712c00000, 0x0000000712c00000|100%| E|CS|TAMS 0x0000000712a00000| PB 0x0000000712a00000| Complete |  0
|2024|0x00000007ffe00000, 0x0000000800000000, 0x0000000800000000|100%| O|  |TAMS 0x00000007ffe00000| PB 0x00000007ffe00000| Untracked |  0

Card table byte_map: [0x0000019679f90000,0x000001967a780000] _byte_map_base: 0x0000019676779000

Marking Bits: (CMBitMap*) 0x0000019661651180
 Bits: [0x000001967a780000, 0x000001967e6c8000)

Polling page: 0x0000019660d90000

Metaspace:

Usage:
  Non-class:     78.26 MB used.
      Class:     12.56 MB used.
       Both:     90.83 MB used.

Virtual space:
  Non-class space:      128.00 MB reserved,      78.62 MB ( 61%) committed,  2 nodes.
      Class space:        1.00 GB reserved,      12.88 MB (  1%) committed,  1 nodes.
             Both:        1.12 GB reserved,      91.50 MB (  8%) committed. 

Chunk freelists:
   Non-Class:  528.00 KB
       Class:  3.16 MB
        Both:  3.67 MB

MaxMetaspaceSize: unlimited
CompressedClassSpaceSize: 1.00 GB
Initial GC threshold: 21.00 MB
Current GC threshold: 138.12 MB
CDS: on
 - commit_granule_bytes: 65536.
 - commit_granule_words: 8192.
 - virtual_space_node_default_size: 8388608.
 - enlarge_chunks_in_place: 1.
 - use_allocation_guard: 0.


Internal statistics:

num_allocs_failed_limit: 9.
num_arena_births: 946.
num_arena_deaths: 0.
num_vsnodes_births: 3.
num_vsnodes_deaths: 0.
num_space_committed: 1464.
num_space_uncommitted: 0.
num_chunks_returned_to_freelist: 9.
num_chunks_taken_from_freelist: 4112.
num_chunk_merges: 9.
num_chunk_splits: 3033.
num_chunks_enlarged: 2473.
num_inconsistent_stats: 0.

CodeHeap 'non-profiled nmethods': size=119232Kb used=4336Kb max_used=4336Kb free=114895Kb
 bounds [0x0000019671890000, 0x0000019671cd0000, 0x0000019678d00000]
CodeHeap 'profiled nmethods': size=119104Kb used=11671Kb max_used=11671Kb free=107433Kb
 bounds [0x0000019669d00000, 0x000001966a870000, 0x0000019671150000]
CodeHeap 'non-nmethods': size=7424Kb used=3438Kb max_used=3489Kb free=3985Kb
 bounds [0x0000019671150000, 0x00000196714d0000, 0x0000019671890000]
CodeCache: size=245760Kb, used=19445Kb, max_used=19496Kb, free=226313Kb
 total_blobs=8395, nmethods=7609, adapters=688, full_count=0
Compilation: enabled, stopped_count=0, restarted_count=0

Compilation events (20 events):
Event: 5.893 Thread 0x0000019647224fb0 nmethod 9034 0x000001966a853608 code [0x000001966a8537c0, 0x000001966a854388]
Event: 5.893 Thread 0x000001964712a920 nmethod 9035 0x000001966a854408 code [0x000001966a8545a0, 0x000001966a855130]
Event: 5.898 Thread 0x0000019647032720 9036       4       org.springframework.beans.factory.support.AbstractBeanFactory::getBean (9 bytes)
Event: 5.899 Thread 0x000001964712a920 9037   !   3       org.springframework.beans.factory.support.AbstractAutowireCapableBeanFactory::createBeanInstance (245 bytes)
Event: 5.899 Thread 0x000001964f2247f0 9038       4       org.springframework.beans.factory.support.AbstractBeanFactory::isActuallyInCreation (22 bytes)
Event: 5.899 Thread 0x000001964f221f10 9039       4       org.springframework.aop.framework.autoproxy.AbstractAdvisorAutoProxyCreator$BeanFactoryAdvisorRetrievalHelperAdapter::isEligibleBean (9 bytes)
Event: 5.899 Thread 0x0000019647032720 nmethod 9036 0x0000019671cc4e88 code [0x0000019671cc4fa0, 0x0000019671cc5048]
Event: 5.899 Thread 0x000001964f221f10 nmethod 9039 0x0000019671cc5188 code [0x0000019671cc5280, 0x0000019671cc5318]
Event: 5.900 Thread 0x000001964712a920 nmethod 9037 0x000001966a855208 code [0x000001966a855540, 0x000001966a857460]
Event: 5.901 Thread 0x000001964705ced0 9040   !   3       org.springframework.util.ClassUtils::getMostSpecificMethod (83 bytes)
Event: 5.901 Thread 0x0000019647224fb0 9041       3       org.springframework.core.MethodIntrospector$$Lambda/0x0000019603c60e48::doWith (17 bytes)
Event: 5.901 Thread 0x000001964712a920 9042       3       org.springframework.core.MethodIntrospector::lambda$selectMethods$0 (84 bytes)
Event: 5.901 Thread 0x0000019647032720 9043       4       org.springframework.util.ReflectionUtils$$Lambda/0x0000019603034000::matches (5 bytes)
Event: 5.901 Thread 0x0000019647224fb0 nmethod 9041 0x000001966a857588 code [0x000001966a8576a0, 0x000001966a857800]
Event: 5.901 Thread 0x0000019647224fb0 9044       3       org.springframework.context.event.EventListenerMethodProcessor$$Lambda/0x0000019603cce200::inspect (5 bytes)
Event: 5.901 Thread 0x00000196481e8f80 9045       3       org.springframework.context.event.EventListenerMethodProcessor::lambda$processBean$0 (10 bytes)
Event: 5.901 Thread 0x0000019647224fb0 nmethod 9044 0x000001966a857888 code [0x000001966a8579c0, 0x000001966a857c50]
Event: 5.901 Thread 0x00000196481e8f80 nmethod 9045 0x000001966a857c88 code [0x000001966a857dc0, 0x000001966a857fd8]
Event: 5.901 Thread 0x000001964712a920 nmethod 9042 0x000001966a858008 code [0x000001966a8581a0, 0x000001966a8587e8]
Event: 5.901 Thread 0x000001964705ced0 nmethod 9040 0x000001966a858888 code [0x000001966a858a60, 0x000001966a859438]

GC Heap History (20 events):
Event: 4.201 GC heap before
{Heap before GC invocations=15 (full 0):
 garbage-first heap   total reserved 4147200K, committed 65536K, used 54616K [0x0000000702e00000, 0x0000000800000000)
  region size 2048K, 14 young (28672K), 1 survivors (2048K)
 Metaspace       used 71910K, committed 72512K, reserved 1114112K
  class space    used 9793K, committed 10048K, reserved 1048576K
}
Event: 4.203 GC heap after
{Heap after GC invocations=16 (full 0):
 garbage-first heap   total reserved 4147200K, committed 65536K, used 31175K [0x0000000702e00000, 0x0000000800000000)
  region size 2048K, 2 young (4096K), 2 survivors (4096K)
 Metaspace       used 71910K, committed 72512K, reserved 1114112K
  class space    used 9793K, committed 10048K, reserved 1048576K
}
Event: 4.411 GC heap before
{Heap before GC invocations=16 (full 0):
 garbage-first heap   total reserved 4147200K, committed 65536K, used 51655K [0x0000000702e00000, 0x0000000800000000)
  region size 2048K, 13 young (26624K), 2 survivors (4096K)
 Metaspace       used 76192K, committed 76800K, reserved 1179648K
  class space    used 10528K, committed 10816K, reserved 1048576K
}
Event: 4.414 GC heap after
{Heap after GC invocations=17 (full 0):
 garbage-first heap   total reserved 4147200K, committed 65536K, used 33222K [0x0000000702e00000, 0x0000000800000000)
  region size 2048K, 2 young (4096K), 2 survivors (4096K)
 Metaspace       used 76192K, committed 76800K, reserved 1179648K
  class space    used 10528K, committed 10816K, reserved 1048576K
}
Event: 4.454 GC heap before
{Heap before GC invocations=17 (full 0):
 garbage-first heap   total reserved 4147200K, committed 65536K, used 53702K [0x0000000702e00000, 0x0000000800000000)
  region size 2048K, 12 young (24576K), 2 survivors (4096K)
 Metaspace       used 76236K, committed 76864K, reserved 1179648K
  class space    used 10533K, committed 10816K, reserved 1048576K
}
Event: 4.456 GC heap after
{Heap after GC invocations=18 (full 0):
 garbage-first heap   total reserved 4147200K, committed 79872K, used 35881K [0x0000000702e00000, 0x0000000800000000)
  region size 2048K, 2 young (4096K), 2 survivors (4096K)
 Metaspace       used 76236K, committed 76864K, reserved 1179648K
  class space    used 10533K, committed 10816K, reserved 1048576K
}
Event: 4.641 GC heap before
{Heap before GC invocations=19 (full 0):
 garbage-first heap   total reserved 4147200K, committed 79872K, used 66601K [0x0000000702e00000, 0x0000000800000000)
  region size 2048K, 18 young (36864K), 2 survivors (4096K)
 Metaspace       used 77669K, committed 78272K, reserved 1179648K
  class space    used 10910K, committed 11200K, reserved 1048576K
}
Event: 4.643 GC heap after
{Heap after GC invocations=20 (full 0):
 garbage-first heap   total reserved 4147200K, committed 79872K, used 39351K [0x0000000702e00000, 0x0000000800000000)
  region size 2048K, 3 young (6144K), 3 survivors (6144K)
 Metaspace       used 77669K, committed 78272K, reserved 1179648K
  class space    used 10910K, committed 11200K, reserved 1048576K
}
Event: 4.679 GC heap before
{Heap before GC invocations=20 (full 0):
 garbage-first heap   total reserved 4147200K, committed 79872K, used 65975K [0x0000000702e00000, 0x0000000800000000)
  region size 2048K, 16 young (32768K), 3 survivors (6144K)
 Metaspace       used 77688K, committed 78336K, reserved 1179648K
  class space    used 10910K, committed 11200K, reserved 1048576K
}
Event: 4.680 GC heap after
{Heap after GC invocations=21 (full 0):
 garbage-first heap   total reserved 4147200K, committed 79872K, used 37736K [0x0000000702e00000, 0x0000000800000000)
  region size 2048K, 1 young (2048K), 1 survivors (2048K)
 Metaspace       used 77688K, committed 78336K, reserved 1179648K
  class space    used 10910K, committed 11200K, reserved 1048576K
}
Event: 4.718 GC heap before
{Heap before GC invocations=21 (full 0):
 garbage-first heap   total reserved 4147200K, committed 79872K, used 68456K [0x0000000702e00000, 0x0000000800000000)
  region size 2048K, 16 young (32768K), 1 survivors (2048K)
 Metaspace       used 77689K, committed 78336K, reserved 1179648K
  class space    used 10910K, committed 11200K, reserved 1048576K
}
Event: 4.720 GC heap after
{Heap after GC invocations=22 (full 0):
 garbage-first heap   total reserved 4147200K, committed 79872K, used 42989K [0x0000000702e00000, 0x0000000800000000)
  region size 2048K, 2 young (4096K), 2 survivors (4096K)
 Metaspace       used 77689K, committed 78336K, reserved 1179648K
  class space    used 10910K, committed 11200K, reserved 1048576K
}
Event: 4.792 GC heap before
{Heap before GC invocations=23 (full 0):
 garbage-first heap   total reserved 4147200K, committed 79872K, used 67565K [0x0000000702e00000, 0x0000000800000000)
  region size 2048K, 15 young (30720K), 2 survivors (4096K)
 Metaspace       used 79487K, committed 80064K, reserved 1179648K
  class space    used 11158K, committed 11392K, reserved 1048576K
}
Event: 4.793 GC heap after
{Heap after GC invocations=24 (full 0):
 garbage-first heap   total reserved 4147200K, committed 79872K, used 44635K [0x0000000702e00000, 0x0000000800000000)
  region size 2048K, 1 young (2048K), 1 survivors (2048K)
 Metaspace       used 79487K, committed 80064K, reserved 1179648K
  class space    used 11158K, committed 11392K, reserved 1048576K
}
Event: 4.858 GC heap before
{Heap before GC invocations=24 (full 0):
 garbage-first heap   total reserved 4147200K, committed 79872K, used 69211K [0x0000000702e00000, 0x0000000800000000)
  region size 2048K, 13 young (26624K), 1 survivors (2048K)
 Metaspace       used 79826K, committed 80448K, reserved 1179648K
  class space    used 11206K, committed 11456K, reserved 1048576K
}
Event: 4.860 GC heap after
{Heap after GC invocations=25 (full 0):
 garbage-first heap   total reserved 4147200K, committed 79872K, used 44088K [0x0000000702e00000, 0x0000000800000000)
  region size 2048K, 1 young (2048K), 1 survivors (2048K)
 Metaspace       used 79826K, committed 80448K, reserved 1179648K
  class space    used 11206K, committed 11456K, reserved 1048576K
}
Event: 5.086 GC heap before
{Heap before GC invocations=25 (full 0):
 garbage-first heap   total reserved 4147200K, committed 79872K, used 70712K [0x0000000702e00000, 0x0000000800000000)
  region size 2048K, 14 young (28672K), 1 survivors (2048K)
 Metaspace       used 84009K, committed 84608K, reserved 1179648K
  class space    used 11751K, committed 12032K, reserved 1048576K
}
Event: 5.089 GC heap after
{Heap after GC invocations=26 (full 0):
 garbage-first heap   total reserved 4147200K, committed 96256K, used 46461K [0x0000000702e00000, 0x0000000800000000)
  region size 2048K, 2 young (4096K), 2 survivors (4096K)
 Metaspace       used 84009K, committed 84608K, reserved 1179648K
  class space    used 11751K, committed 12032K, reserved 1048576K
}
Event: 5.483 GC heap before
{Heap before GC invocations=27 (full 0):
 garbage-first heap   total reserved 4147200K, committed 96256K, used 83325K [0x0000000702e00000, 0x0000000800000000)
  region size 2048K, 21 young (43008K), 2 survivors (4096K)
 Metaspace       used 90364K, committed 91072K, reserved 1179648K
  class space    used 12479K, committed 12800K, reserved 1048576K
}
Event: 5.486 GC heap after
{Heap after GC invocations=28 (full 0):
 garbage-first heap   total reserved 4147200K, committed 96256K, used 49887K [0x0000000702e00000, 0x0000000800000000)
  region size 2048K, 3 young (6144K), 3 survivors (6144K)
 Metaspace       used 90364K, committed 91072K, reserved 1179648K
  class space    used 12479K, committed 12800K, reserved 1048576K
}

Dll operation events (11 events):
Event: 0.004 Loaded shared library C:\Users\davit\.jdks\openjdk-23.0.2\bin\java.dll
Event: 0.023 Loaded shared library C:\Users\davit\.jdks\openjdk-23.0.2\bin\jsvml.dll
Event: 0.059 Loaded shared library C:\Users\davit\.jdks\openjdk-23.0.2\bin\net.dll
Event: 0.059 Loaded shared library C:\Users\davit\.jdks\openjdk-23.0.2\bin\nio.dll
Event: 0.061 Loaded shared library C:\Users\davit\.jdks\openjdk-23.0.2\bin\zip.dll
Event: 0.135 Loaded shared library C:\Users\davit\.jdks\openjdk-23.0.2\bin\jimage.dll
Event: 1.067 Loaded shared library C:\Users\davit\.jdks\openjdk-23.0.2\bin\sunmscapi.dll
Event: 2.055 Loaded shared library C:\Users\davit\.jdks\openjdk-23.0.2\bin\management.dll
Event: 2.056 Loaded shared library C:\Users\davit\.jdks\openjdk-23.0.2\bin\management_ext.dll
Event: 2.333 Loaded shared library C:\Users\davit\.jdks\openjdk-23.0.2\bin\extnet.dll
Event: 3.421 Loaded shared library C:\Users\davit\.jdks\openjdk-23.0.2\bin\verify.dll

Deoptimization events (20 events):
Event: 5.668 Thread 0x00000196615e7db0 Uncommon trap: trap_request=0xffffffde fr.pc=0x0000019671b2e804 relative=0x0000000000000164
Event: 5.668 Thread 0x00000196615e7db0 Uncommon trap: reason=class_check action=maybe_recompile pc=0x0000019671b2e804 method=java.lang.reflect.Method.equals(Ljava/lang/Object;)Z @ 1 c2
Event: 5.668 Thread 0x00000196615e7db0 DEOPT PACKING pc=0x0000019671b2e804 sp=0x00000028154fe360
Event: 5.668 Thread 0x00000196615e7db0 DEOPT UNPACKING pc=0x00000196711a4402 sp=0x00000028154fe2e8 mode 2
Event: 5.756 Thread 0x00000196615e7db0 Uncommon trap: trap_request=0xffffff45 fr.pc=0x0000019671a608a0 relative=0x0000000000000800
Event: 5.756 Thread 0x00000196615e7db0 Uncommon trap: reason=unstable_if action=reinterpret pc=0x0000019671a608a0 method=org.springframework.beans.factory.support.DefaultSingletonBeanRegistry.getSingleton(Ljava/lang/String;Z)Ljava/lang/Object; @ 39 c2
Event: 5.756 Thread 0x00000196615e7db0 DEOPT PACKING pc=0x0000019671a608a0 sp=0x00000028154fd810
Event: 5.756 Thread 0x00000196615e7db0 DEOPT UNPACKING pc=0x00000196711a4402 sp=0x00000028154fd7b0 mode 2
Event: 5.811 Thread 0x00000196615e7db0 Uncommon trap: trap_request=0xfffffff4 fr.pc=0x00000196719f3528 relative=0x0000000000000268
Event: 5.811 Thread 0x00000196615e7db0 Uncommon trap: reason=null_check action=make_not_entrant pc=0x00000196719f3528 method=org.springframework.util.ClassUtils.isAssignable(Ljava/lang/Class;Ljava/lang/Class;)Z @ 14 c2
Event: 5.811 Thread 0x00000196615e7db0 DEOPT PACKING pc=0x00000196719f3528 sp=0x00000028154fe420
Event: 5.811 Thread 0x00000196615e7db0 DEOPT UNPACKING pc=0x00000196711a4402 sp=0x00000028154fe3b0 mode 2
Event: 5.870 Thread 0x00000196615e7db0 Uncommon trap: trap_request=0xffffff45 fr.pc=0x00000196719f5444 relative=0x0000000000000264
Event: 5.870 Thread 0x00000196615e7db0 Uncommon trap: reason=unstable_if action=reinterpret pc=0x00000196719f5444 method=org.springframework.beans.factory.support.AbstractAutowireCapableBeanFactory.determineTargetType(Ljava/lang/String;Lorg/springframework/beans/factory/support/RootBeanDefinit
Event: 5.870 Thread 0x00000196615e7db0 DEOPT PACKING pc=0x00000196719f5444 sp=0x00000028154fde70
Event: 5.870 Thread 0x00000196615e7db0 DEOPT UNPACKING pc=0x00000196711a4402 sp=0x00000028154fde58 mode 2
Event: 5.901 Thread 0x00000196615e7db0 Uncommon trap: trap_request=0xffffff9d fr.pc=0x0000019671a5b12c relative=0x000000000000058c
Event: 5.901 Thread 0x00000196615e7db0 Uncommon trap: reason=unreached action=reinterpret pc=0x0000019671a5b12c method=org.springframework.util.ClassUtils.getMostSpecificMethod(Ljava/lang/reflect/Method;Ljava/lang/Class;)Ljava/lang/reflect/Method; @ 54 c2
Event: 5.901 Thread 0x00000196615e7db0 DEOPT PACKING pc=0x0000019671a5b12c sp=0x00000028154fed00
Event: 5.901 Thread 0x00000196615e7db0 DEOPT UNPACKING pc=0x00000196711a4402 sp=0x00000028154fecd8 mode 2

Classes loaded (20 events):
Event: 5.267 Loading class sun/reflect/ReflectionFactory
Event: 5.267 Loading class sun/reflect/ReflectionFactory done
Event: 5.267 Loading class sun/reflect/ReflectionFactory$1
Event: 5.267 Loading class sun/reflect/ReflectionFactory$1 done
Event: 5.268 Loading class java/io/OptionalDataException
Event: 5.268 Loading class java/io/OptionalDataException done
Event: 5.429 Loading class java/nio/charset/UnsupportedCharsetException
Event: 5.429 Loading class java/nio/charset/UnsupportedCharsetException done
Event: 5.471 Loading class java/util/Comparators$NullComparator
Event: 5.471 Loading class java/util/Comparators$NullComparator done
Event: 5.491 Loading class sun/reflect/annotation/TypeAnnotation$TypeAnnotationTargetInfo
Event: 5.491 Loading class sun/reflect/annotation/TypeAnnotation$TypeAnnotationTargetInfo done
Event: 5.498 Loading class java/util/AbstractList$SubList$1
Event: 5.498 Loading class java/util/AbstractList$SubList$1 done
Event: 5.559 Loading class java/util/EnumMap$EntrySet
Event: 5.559 Loading class java/util/EnumMap$EntrySet done
Event: 5.559 Loading class java/util/EnumMap$EntryIterator
Event: 5.559 Loading class java/util/EnumMap$EnumMapIterator
Event: 5.559 Loading class java/util/EnumMap$EnumMapIterator done
Event: 5.559 Loading class java/util/EnumMap$EntryIterator done

Classes unloaded (0 events):
No events

Classes redefined (0 events):
No events

Internal exceptions (20 events):
Event: 4.135 Thread 0x00000196615e7db0 Exception <a 'java/lang/NoSuchMethodError'{0x0000000705ad7930}: 'void java.lang.invoke.DirectMethodHandle$Holder.invokeInterface(java.lang.Object, java.lang.Object)'> (0x0000000705ad7930) 
thrown [s\open\src\hotspot\share\interpreter\linkResolver.cpp, line 796]
Event: 4.195 Thread 0x00000196615e7db0 Exception <a 'java/lang/IncompatibleClassChangeError'{0x0000000705382738}: Found class java.lang.Object, but interface was expected> (0x0000000705382738) 
thrown [s\open\src\hotspot\share\interpreter\linkResolver.cpp, line 863]
Event: 4.216 Thread 0x00000196615e7db0 Exception <a 'java/lang/IncompatibleClassChangeError'{0x0000000712b6c770}: Found class java.lang.Object, but interface was expected> (0x0000000712b6c770) 
thrown [s\open\src\hotspot\share\interpreter\linkResolver.cpp, line 863]
Event: 4.286 Thread 0x00000196615e7db0 Exception <a 'java/lang/IncompatibleClassChangeError'{0x00000007062212f0}: Found class java.lang.Object, but interface was expected> (0x00000007062212f0) 
thrown [s\open\src\hotspot\share\interpreter\linkResolver.cpp, line 863]
Event: 4.302 Thread 0x00000196615e7db0 Exception <a 'java/lang/IncompatibleClassChangeError'{0x00000007063b3698}: Found class java.lang.Object, but interface was expected> (0x00000007063b3698) 
thrown [s\open\src\hotspot\share\interpreter\linkResolver.cpp, line 863]
Event: 4.747 Thread 0x00000196615e7db0 Implicit null exception at 0x00000196719f7a41 to 0x00000196719f7b98
Event: 4.883 Thread 0x00000196615e7db0 Exception <a 'java/lang/IncompatibleClassChangeError'{0x000000070fa52c60}: Found class java.lang.Object, but interface was expected> (0x000000070fa52c60) 
thrown [s\open\src\hotspot\share\interpreter\linkResolver.cpp, line 863]
Event: 4.891 Thread 0x00000196615e7db0 Exception <a 'java/lang/NoSuchMethodError'{0x000000070fad74c0}: 'java.lang.Object java.lang.invoke.DirectMethodHandle$Holder.invokeStatic(java.lang.Object, int, java.lang.Object)'> (0x000000070fad74c0) 
thrown [s\open\src\hotspot\share\interpreter\linkResolver.cpp, line 796]
Event: 4.951 Thread 0x00000196615e7db0 Exception <a 'java/lang/NoSuchMethodError'{0x0000000706c4a080}: 'java.lang.Object java.lang.invoke.DirectMethodHandle$Holder.invokeSpecialIFC(java.lang.Object, java.lang.Object)'> (0x0000000706c4a080) 
thrown [s\open\src\hotspot\share\interpreter\linkResolver.cpp, line 796]
Event: 4.952 Thread 0x00000196615e7db0 Exception <a 'java/lang/NoSuchMethodError'{0x0000000706c501a8}: 'java.lang.Object java.lang.invoke.DirectMethodHandle$Holder.invokeInterface(java.lang.Object, java.lang.Object, java.lang.Object, java.lang.Object)'> (0x0000000706c501a8) 
thrown [s\open\src\hotspot\share\interpreter\linkResolver.cpp, line 796]
Event: 4.952 Thread 0x00000196615e7db0 Exception <a 'java/lang/IncompatibleClassChangeError'{0x0000000706c53bd0}: Found class java.lang.Object, but interface was expected> (0x0000000706c53bd0) 
thrown [s\open\src\hotspot\share\interpreter\linkResolver.cpp, line 863]
Event: 5.048 Thread 0x00000196615e7db0 Exception <a 'java/lang/IncompatibleClassChangeError'{0x0000000706298b20}: Found class java.lang.Object, but interface was expected> (0x0000000706298b20) 
thrown [s\open\src\hotspot\share\interpreter\linkResolver.cpp, line 863]
Event: 5.187 Thread 0x00000196615e7db0 Exception <a 'java/lang/NoSuchMethodError'{0x0000000707e478d8}: 'float java.lang.invoke.DirectMethodHandle$Holder.invokeStatic(java.lang.Object, java.lang.Object)'> (0x0000000707e478d8) 
thrown [s\open\src\hotspot\share\interpreter\linkResolver.cpp, line 796]
Event: 5.188 Thread 0x00000196615e7db0 Exception <a 'java/lang/NoSuchMethodError'{0x0000000707e4db90}: 'double java.lang.invoke.DirectMethodHandle$Holder.invokeStatic(java.lang.Object, java.lang.Object)'> (0x0000000707e4db90) 
thrown [s\open\src\hotspot\share\interpreter\linkResolver.cpp, line 796]
Event: 5.255 Thread 0x00000196615e7db0 Exception <a 'java/lang/NoSuchMethodError'{0x00000007074725b8}: 'int java.lang.invoke.DirectMethodHandle$Holder.invokeStaticInit(java.lang.Object, int, java.lang.Object, java.lang.Object, java.lang.Object, java.lang.Object)'> (0x00000007074725b8) 
thrown [s\open\src\hotspot\share\interpreter\linkResolver.cpp, line 796]
Event: 5.321 Thread 0x00000196615e7db0 Exception <a 'java/lang/NoSuchMethodError'{0x000000070717e068}: 'java.lang.Object java.lang.invoke.DirectMethodHandle$Holder.newInvokeSpecial(java.lang.Object, java.lang.Object, java.lang.Object, java.lang.Object, java.lang.Object, java.lang.Object, java.lang.Object, java.lang.Object)'> (0x000000070717e068) 
thrown [s\open\src\hotspot\share\interpreter\linkResolver.cpp, line 796]
Event: 5.588 Thread 0x00000196615e7db0 Exception <a 'java/lang/IncompatibleClassChangeError'{0x0000000708099e98}: Found class java.lang.Object, but interface was expected> (0x0000000708099e98) 
thrown [s\open\src\hotspot\share\interpreter\linkResolver.cpp, line 863]
Event: 5.704 Thread 0x00000196615e7db0 Exception <a 'java/lang/NoSuchMethodError'{0x00000007078c1d38}: 'void java.lang.invoke.DirectMethodHandle$Holder.invokeVirtual(java.lang.Object, java.lang.Object, long)'> (0x00000007078c1d38) 
thrown [s\open\src\hotspot\share\interpreter\linkResolver.cpp, line 796]
Event: 5.797 Thread 0x00000196615e7db0 Exception <a 'java/lang/IncompatibleClassChangeError'{0x00000007072b9ea0}: Found class java.lang.Object, but interface was expected> (0x00000007072b9ea0) 
thrown [s\open\src\hotspot\share\interpreter\linkResolver.cpp, line 863]
Event: 5.811 Thread 0x00000196615e7db0 Implicit null exception at 0x00000196719f32e8 to 0x00000196719f3514

VM Operations (20 events):
Event: 4.858 Executing VM operation: G1CollectForAllocation (G1 Evacuation Pause)
Event: 4.860 Executing VM operation: G1CollectForAllocation (G1 Evacuation Pause) done
Event: 4.962 Executing VM operation: HandshakeAllThreads (Deoptimize)
Event: 4.962 Executing VM operation: HandshakeAllThreads (Deoptimize) done
Event: 5.086 Executing VM operation: G1CollectForAllocation (G1 Evacuation Pause)
Event: 5.089 Executing VM operation: G1CollectForAllocation (G1 Evacuation Pause) done
Event: 5.099 Executing VM operation: G1PauseRemark
Event: 5.100 Executing VM operation: G1PauseRemark done
Event: 5.103 Executing VM operation: G1PauseCleanup
Event: 5.103 Executing VM operation: G1PauseCleanup done
Event: 5.456 Executing VM operation: HandshakeAllThreads (Deoptimize)
Event: 5.456 Executing VM operation: HandshakeAllThreads (Deoptimize) done
Event: 5.481 Executing VM operation: HandshakeAllThreads (Deoptimize)
Event: 5.481 Executing VM operation: HandshakeAllThreads (Deoptimize) done
Event: 5.481 Executing VM operation: HandshakeAllThreads (Deoptimize)
Event: 5.481 Executing VM operation: HandshakeAllThreads (Deoptimize) done
Event: 5.483 Executing VM operation: G1CollectForAllocation (G1 Evacuation Pause)
Event: 5.486 Executing VM operation: G1CollectForAllocation (G1 Evacuation Pause) done
Event: 5.727 Executing VM operation: HandshakeAllThreads (Deoptimize)
Event: 5.727 Executing VM operation: HandshakeAllThreads (Deoptimize) done

Memory protections (0 events):
No events

Nmethod flushes (20 events):
Event: 5.100 Thread 0x000001967f034a20 flushing  nmethod 0x000001966a745308
Event: 5.100 Thread 0x000001967f034a20 flushing  nmethod 0x000001966a745a08
Event: 5.100 Thread 0x000001967f034a20 flushing  nmethod 0x000001966a748508
Event: 5.100 Thread 0x000001967f034a20 flushing  nmethod 0x000001966a74c108
Event: 5.100 Thread 0x000001967f034a20 flushing  nmethod 0x000001967193cb08
Event: 5.100 Thread 0x000001967f034a20 flushing  nmethod 0x00000196719ad008
Event: 5.100 Thread 0x000001967f034a20 flushing  nmethod 0x0000019669df5388
Event: 5.100 Thread 0x000001967f034a20 flushing  nmethod 0x0000019669df8608
Event: 5.100 Thread 0x000001967f034a20 flushing  nmethod 0x000001966a309c08
Event: 5.100 Thread 0x000001967f034a20 flushing  nmethod 0x000001966a74d988
Event: 5.100 Thread 0x000001967f034a20 flushing  nmethod 0x000001966a74dc88
Event: 5.100 Thread 0x000001967f034a20 flushing  nmethod 0x000001966a74e808
Event: 5.100 Thread 0x000001967f034a20 flushing  nmethod 0x000001966a750808
Event: 5.100 Thread 0x000001967f034a20 flushing  nmethod 0x000001966a750c88
Event: 5.100 Thread 0x000001967f034a20 flushing  nmethod 0x000001966a751688
Event: 5.100 Thread 0x000001967f034a20 flushing  nmethod 0x000001966a753b88
Event: 5.100 Thread 0x000001967f034a20 flushing  nmethod 0x000001966a786988
Event: 5.100 Thread 0x000001967f034a20 flushing  nmethod 0x000001966a786c88
Event: 5.100 Thread 0x000001967f034a20 flushing  nmethod 0x000001966a789388
Event: 5.100 Thread 0x000001967f034a20 flushing  nmethod 0x000001966a789908

Events (20 events):
Event: 3.112 Thread 0x000001964d4db730 Thread exited: 0x000001964d4db730
Event: 3.197 Thread 0x000001964987b800 Thread exited: 0x000001964987b800
Event: 3.204 Thread 0x000001964d4dd800 Thread added: 0x000001964d4de520
Event: 3.210 Thread 0x000001964a9b6e20 Thread exited: 0x000001964a9b6e20
Event: 3.210 Thread 0x0000019649b84810 Thread exited: 0x0000019649b84810
Event: 3.214 Thread 0x000001964d4dd800 Thread exited: 0x000001964d4dd800
Event: 3.215 Thread 0x00000196473442b0 Thread exited: 0x00000196473442b0
Event: 3.217 Thread 0x000001964730b7b0 Thread exited: 0x000001964730b7b0
Event: 3.889 Thread 0x000001964730b0f0 Thread exited: 0x000001964730b0f0
Event: 4.032 Thread 0x000001964705ced0 Thread added: 0x000001964f221170
Event: 4.032 Thread 0x000001964705ced0 Thread added: 0x000001964f2247f0
Event: 4.385 Thread 0x000001964f2247f0 Thread exited: 0x000001964f2247f0
Event: 4.407 Thread 0x000001964712a920 Thread added: 0x000001964f221f10
Event: 4.407 Thread 0x000001964712a920 Thread added: 0x000001964f222cb0
Event: 4.411 Thread 0x000001964f222cb0 Thread added: 0x000001964f224120
Event: 4.414 Thread 0x000001964f222cb0 Thread added: 0x000001964f2247f0
Event: 4.422 Thread 0x00000196481e8f80 Thread added: 0x000001964f223a50
Event: 4.433 Thread 0x000001964f224120 Thread added: 0x000001964f224ec0
Event: 5.145 Thread 0x00000196615e7db0 Thread added: 0x0000019648561f70
Event: 5.242 Thread 0x000001964f224ec0 Thread exited: 0x000001964f224ec0


Dynamic libraries:
0x00007ff6b9500000 - 0x00007ff6b950e000 	C:\Users\davit\.jdks\openjdk-23.0.2\bin\java.exe
0x00007ffda9970000 - 0x00007ffda9b87000 	C:\Windows\SYSTEM32\ntdll.dll
0x00007ffda9040000 - 0x00007ffda9104000 	C:\Windows\System32\KERNEL32.DLL
0x00007ffda6df0000 - 0x00007ffda71c1000 	C:\Windows\System32\KERNELBASE.dll
0x00007ffda71d0000 - 0x00007ffda72e1000 	C:\Windows\System32\ucrtbase.dll
0x00007ffd8d900000 - 0x00007ffd8d917000 	C:\Users\davit\.jdks\openjdk-23.0.2\bin\jli.dll
0x00007ffd8d240000 - 0x00007ffd8d25b000 	C:\Users\davit\.jdks\openjdk-23.0.2\bin\VCRUNTIME140.dll
0x00007ffda96b0000 - 0x00007ffda9861000 	C:\Windows\System32\USER32.dll
0x00007ffda73b0000 - 0x00007ffda73d6000 	C:\Windows\System32\win32u.dll
0x00007ffda5d00000 - 0x00007ffda5f92000 	C:\Windows\WinSxS\amd64_microsoft.windows.common-controls_6595b64144ccf1df_6.0.22621.4830_none_270fe7d773858e80\COMCTL32.dll
0x00007ffda89a0000 - 0x00007ffda89c9000 	C:\Windows\System32\GDI32.dll
0x00007ffda8420000 - 0x00007ffda84c7000 	C:\Windows\System32\msvcrt.dll
0x00007ffda7520000 - 0x00007ffda763b000 	C:\Windows\System32\gdi32full.dll
0x00007ffda6ab0000 - 0x00007ffda6b4a000 	C:\Windows\System32\msvcp_win.dll
0x00007ffda89e0000 - 0x00007ffda8a11000 	C:\Windows\System32\IMM32.DLL
0x00007ffda2930000 - 0x00007ffda293c000 	C:\Users\davit\.jdks\openjdk-23.0.2\bin\vcruntime140_1.dll
0x00007ffd68ce0000 - 0x00007ffd68d6e000 	C:\Users\davit\.jdks\openjdk-23.0.2\bin\msvcp140.dll
0x00007ffcfefe0000 - 0x00007ffcffd30000 	C:\Users\davit\.jdks\openjdk-23.0.2\bin\server\jvm.dll
0x00007ffda84d0000 - 0x00007ffda8581000 	C:\Windows\System32\ADVAPI32.dll
0x00007ffda9870000 - 0x00007ffda9917000 	C:\Windows\System32\sechost.dll
0x00007ffda6b50000 - 0x00007ffda6b78000 	C:\Windows\System32\bcrypt.dll
0x00007ffda8a30000 - 0x00007ffda8b44000 	C:\Windows\System32\RPCRT4.dll
0x00007ffda8590000 - 0x00007ffda8601000 	C:\Windows\System32\WS2_32.dll
0x00007ffda63c0000 - 0x00007ffda640d000 	C:\Windows\SYSTEM32\POWRPROF.dll
0x00007ffd9f8f0000 - 0x00007ffd9f8fa000 	C:\Windows\SYSTEM32\VERSION.dll
0x00007ffd9bca0000 - 0x00007ffd9bcd4000 	C:\Windows\SYSTEM32\WINMM.dll
0x00007ffda60d0000 - 0x00007ffda60e3000 	C:\Windows\SYSTEM32\UMPDC.dll
0x00007ffda5440000 - 0x00007ffda5458000 	C:\Windows\SYSTEM32\kernel.appcore.dll
0x00007ffd9f170000 - 0x00007ffd9f17a000 	C:\Users\davit\.jdks\openjdk-23.0.2\bin\jimage.dll
0x00007ffda6410000 - 0x00007ffda6642000 	C:\Windows\SYSTEM32\DBGHELP.DLL
0x00007ffda8610000 - 0x00007ffda89a0000 	C:\Windows\System32\combase.dll
0x00007ffda8f60000 - 0x00007ffda9037000 	C:\Windows\System32\OLEAUT32.dll
0x00007ffda62b0000 - 0x00007ffda62e2000 	C:\Windows\SYSTEM32\dbgcore.DLL
0x00007ffda6d70000 - 0x00007ffda6deb000 	C:\Windows\System32\bcryptPrimitives.dll
0x00007ffd737f0000 - 0x00007ffd7380e000 	C:\Users\davit\.jdks\openjdk-23.0.2\bin\java.dll
0x00007ffda92e0000 - 0x00007ffda9481000 	C:\Windows\System32\ole32.dll
0x00007ffda7ae0000 - 0x00007ffda8368000 	C:\Windows\System32\SHELL32.dll
0x00007ffda73e0000 - 0x00007ffda751f000 	C:\Windows\System32\wintypes.dll
0x00007ffda42d0000 - 0x00007ffda4bdc000 	C:\Windows\SYSTEM32\windows.storage.dll
0x00007ffda8bc0000 - 0x00007ffda8cca000 	C:\Windows\System32\SHCORE.dll
0x00007ffda8370000 - 0x00007ffda83ce000 	C:\Windows\System32\shlwapi.dll
0x00007ffda69e0000 - 0x00007ffda6a0b000 	C:\Windows\SYSTEM32\profapi.dll
0x00007ffd68c00000 - 0x00007ffd68cd7000 	C:\Users\davit\.jdks\openjdk-23.0.2\bin\jsvml.dll
0x00007ffd8e240000 - 0x00007ffd8e250000 	C:\Users\davit\.jdks\openjdk-23.0.2\bin\net.dll
0x00007ffda5850000 - 0x00007ffda58ba000 	C:\Windows\system32\mswsock.dll
0x00007ffd69070000 - 0x00007ffd69086000 	C:\Users\davit\.jdks\openjdk-23.0.2\bin\nio.dll
0x00007ffd70930000 - 0x00007ffd70947000 	C:\Users\davit\.jdks\openjdk-23.0.2\bin\zip.dll
0x00007ffd7d590000 - 0x00007ffd7d59e000 	C:\Users\davit\.jdks\openjdk-23.0.2\bin\sunmscapi.dll
0x00007ffda6b80000 - 0x00007ffda6ce6000 	C:\Windows\System32\CRYPT32.dll
0x00007ffda5cd0000 - 0x00007ffda5cfd000 	C:\Windows\SYSTEM32\ncrypt.dll
0x00007ffda5c90000 - 0x00007ffda5cc7000 	C:\Windows\SYSTEM32\NTASN1.dll
0x00007ffda6750000 - 0x00007ffda676b000 	C:\Windows\SYSTEM32\CRYPTSP.dll
0x00007ffda53a0000 - 0x00007ffda53d7000 	C:\Windows\system32\rsaenh.dll
0x00007ffda5a90000 - 0x00007ffda5ab8000 	C:\Windows\SYSTEM32\USERENV.dll
0x00007ffda5ba0000 - 0x00007ffda5bac000 	C:\Windows\SYSTEM32\CRYPTBASE.dll
0x00007ffda4e40000 - 0x00007ffda4e6d000 	C:\Windows\SYSTEM32\IPHLPAPI.DLL
0x00007ffda89d0000 - 0x00007ffda89d9000 	C:\Windows\System32\NSI.dll
0x00007ffd84a70000 - 0x00007ffd84a7a000 	C:\Users\davit\.jdks\openjdk-23.0.2\bin\management.dll
0x00007ffd82930000 - 0x00007ffd8293b000 	C:\Users\davit\.jdks\openjdk-23.0.2\bin\management_ext.dll
0x00007ffda8a20000 - 0x00007ffda8a28000 	C:\Windows\System32\PSAPI.DLL
0x00007ffda4eb0000 - 0x00007ffda4fb2000 	C:\Windows\SYSTEM32\DNSAPI.dll
0x00007ffda0620000 - 0x00007ffda062a000 	C:\Windows\System32\rasadhlp.dll
0x00007ffd9f900000 - 0x00007ffd9f983000 	C:\Windows\System32\fwpuclnt.dll
0x00007ffd80900000 - 0x00007ffd80909000 	C:\Users\davit\.jdks\openjdk-23.0.2\bin\extnet.dll
0x00007ffd70850000 - 0x00007ffd70867000 	C:\Windows\system32\napinsp.dll
0x00007ffd70830000 - 0x00007ffd7084b000 	C:\Windows\system32\pnrpnsp.dll
0x00007ffd70810000 - 0x00007ffd70821000 	C:\Windows\System32\winrnr.dll
0x00007ffd9fa50000 - 0x00007ffd9fa65000 	C:\Windows\system32\wshbth.dll
0x00007ffd707e0000 - 0x00007ffd70807000 	C:\Windows\system32\nlansp_c.dll
0x00007ffd8c8e0000 - 0x00007ffd8c8f0000 	C:\Users\davit\.jdks\openjdk-23.0.2\bin\verify.dll
0x00007ffd8c610000 - 0x00007ffd8c618000 	C:\Windows\system32\wshunix.dll

dbghelp: loaded successfully - version: 4.0.5 - missing functions: none
symbol engine: initialized successfully - sym options: 0x614 - pdb path: .;C:\Users\davit\.jdks\openjdk-23.0.2\bin;C:\Windows\SYSTEM32;C:\Windows\WinSxS\amd64_microsoft.windows.common-controls_6595b64144ccf1df_6.0.22621.4830_none_270fe7d773858e80;C:\Users\davit\.jdks\openjdk-23.0.2\bin\server

VM Arguments:
jvm_args: -Dspring.profiles.active=local -Dfile.encoding=UTF-8 -Duser.country=US -Duser.language=en -Duser.variant 
java_command: davlaga.demo.DemoApplication
java_class_path (initial): C:\Users\davit\Desktop\springdemo\build\classes\java\main;C:\Users\davit\Desktop\springdemo\build\resources\main;C:\Users\davit\.gradle\caches\modules-2\files-2.1\org.springframework.boot\spring-boot-starter-web\3.5.0-M1\b3ec85fe1a60579457bae0a01b5bb0cd44d80a30\spring-boot-starter-web-3.5.0-M1.jar;C:\Users\davit\.gradle\caches\modules-2\files-2.1\org.springframework.boot\spring-boot-starter-data-jpa\3.5.0-M1\2c5e0d819aeb4e8d9309bf1d35c52cc70e5a32a9\spring-boot-starter-data-jpa-3.5.0-M1.jar;C:\Users\davit\.gradle\caches\modules-2\files-2.1\org.springframework.boot\spring-boot-starter-validation\3.5.0-M1\9f3867623ee82b03f82a3eddcbb4d7a6ebbc3f4d\spring-boot-starter-validation-3.5.0-M1.jar;C:\Users\davit\.gradle\caches\modules-2\files-2.1\org.springframework.boot\spring-boot-starter-security\3.5.0-M1\aaf3b8fa9eb076ed9b2528324a6039f8fda4a987\spring-boot-starter-security-3.5.0-M1.jar;C:\Users\davit\.gradle\caches\modules-2\files-2.1\org.springframework.boot\spring-boot-starter-json\3.5.0-M1\c19e6ec9fd1ede581e44d66cb8be68256402693a\spring-boot-starter-json-3.5.0-M1.jar;C:\Users\davit\.gradle\caches\modules-2\files-2.1\org.springframework.boot\spring-boot-starter-jdbc\3.5.0-M1\d1ea99eb5c6ab85252f97f714dcf0bb2aa8c4f12\spring-boot-starter-jdbc-3.5.0-M1.jar;C:\Users\davit\.gradle\caches\modules-2\files-2.1\org.springframework.boot\spring-boot-starter\3.5.0-M1\4ea7d31361a02c51c3e26a6edc93aa703d9fe704\spring-boot-starter-3.5.0-M1.jar;C:\Users\davit\.gradle\caches\modules-2\files-2.1\org.postgresql\postgresql\42.7.4\264310fd7b2cd76738787dc0b9f7ea2e3b11adc1\postgresql-42.7.4.jar;C:\Users\davit\.gradle\caches\modules-2\files-2.1\org.liquibase\liquibase-core\4.30.0\6c04e7d73e4b967ea7a5506a3efaa4cb1c9520df\liquibase-core-4.30.0.jar;C:\Users\davit\.gradle\caches\modules-2\files-2.1\com.nimbusds\nimbus-jose-jwt\10.0.1\372e4d6fc73c96360d0e8967e3dc7bb3dd655fe3\nimbus-jose-jwt-10.0.1.jar;C:\Users\davit\.gradle\caches\modules-2\files-2.1\software.amazon.awssdk\s3\2.20.129\b79dc95b64ce262e5e178399c7b78ef1e2dfde06\s3-2.20.129.jar;C:\Users\davit\.gradle\caches\modules-2\files-2.1\software.amazon.awssdk\aws-xml-protocol\2.20.129\ddb71d940ef80402657cda66f1f181b32835e917\aws-xml-protocol-2.20.129.jar;C:\Users\davit\.gradle\caches\modules-2\files-2.1\software.amazon.awssdk\aws-query-protocol\2.20.129\bfed8b3bb61b6305f0f93f8124b05ed0352c3611\aws-query-protocol-2.20.129.jar;C:\Users\davit\.gradle\caches\modules-2\files-2.1\software.amazon.awssdk\aws-core\2.20.129\cc85a11385fa032b9acd8fdb47f86efbef7f0ab2\aws-core-2.20.129.jar;C:\Users\davit\.gradle\caches\modules-2\files-2.1\software.amazon.awssdk\auth\2.20.129\cab40db9c43ee442c2ddf0882cd8ba195f2f4c42\auth-2.20.129.jar;C:\Users\davit\.gradle\caches\modules-2\files-2.1\org.springframework.boot\spring-boot-autoconfigure\3.5.0-M1\8365497d6f4c977946daf9312265123c80f574df\spring-boot-autoconfigure-3.5.0-M1.jar;C:\Users\davit\.gradle\caches\modules-2\files-2.1\org.springframework.boot\spring-boot\3.5.0-M1\ecad6714bb6a3e7e8924071977da5084c1b7ff52\spring-boot-3.5.0-M1.jar;C:\Users\davit\.gradle\caches\modules-2\files-2.1\org.springframework.boot\spring-boot-starter-logging\3.5.0-M1\31f591613826f9d329188f9ee4527cf3c0f33479\spring-boot-starter-logging-3.5.0-M1.jar;C:\Users\davit\.gradle\caches\modules-2\files-2.1\org.springframework.boot\spring-boot-starter-tomcat\3.5.0-M1\b1afc394062de5ee16792666566830cbb73726bc\spring-boot-starter-tomcat-3.5.0-M1.jar;C:\Users\davit\.gradle\caches\modules-2\files-2.1\org.springframework.data\spring-data-jpa\3.4.2\4213f2d185b49447057823f5ef9de41e931f4f2e\spring-data-jpa-3.4.2.jar;C:\Users\davit\.gradle\caches\modules-2\files-2.1\jakarta.annotation\jakarta.annotation-api\2.1.1\48b9bda22b091b1f48b13af03fe36db3be6e1ae3\jakarta.annotation-api-2.1.1.jar;C:\Users\davit\.gradle\caches\modules-2\files-2.1\org.springframework\spring-webmvc\6.2.2\9b1aeb179ba9667bc78a4a5cec4ec8087db404d7\spring-webmvc-6.2.2.jar;C:\Users\davit\.gradle\caches\modules-2\files-2.1\org.springframework.security\spring-security-web\6.5.0-M1\f2639c4802692eca3664c061a740853f23df4d5e\spring-security-web-6.5.0-M1.jar;C:\Users\davit\.gradle\caches\modules-2\files-2.1\org.springframework\spring-web\6.2.2\bd2ef98bf98b6ecf8dd29106ae27b7515524c21\spring-web-6.2.2.jar;C:\Users\davit\.gradle\caches\modules-2\files-2.1\org.springframework.security\spring-security-config\6.5.0-M1\89e233219449988610a08f03c9f90b85dafc9eca\spring-security-config-6.5.0-M1.jar;C:\Users\davit\.gradle\caches\modules-2\files-2.1\org.springframework.security\spring-security-core\6.5.0-M1\13689aa458a96bddf3a8cd85a55707dc17350357\spring-security-core-6.5.0-M1.jar;C:\Users\davit\.gradle\caches\modules-2\files-2.1\org.springframework\spring-context\6.2.2\aa01a7faa3694983339ca7e45619860ef34052d6\spring-context-6.2.2.jar;C:\Users\davit\.gradle\caches\modules-2\files-2.1\org.springframework\spring-aop\6.2.2\2a1a445d4cd8e5fe2311df04fc25c0bc54bd2ce4\spring-aop-6.2.2.jar;C:\Users\davit\.gradle\caches\modules-2\files-2.1\org.springframework\spring-orm\6.2.2\98d0c8e2f8f65b776b24ffa979e9802a0c7085d7\spring-orm-6.2.2.jar;C:\Users\davit\.gradle\caches\modules-2\files-2.1\org.springframework\spring-jdbc\6.2.2\840572e748c1dfe7122e19a10888918e5ecfb631\spring-jdbc-6.2.2.jar;C:\Users\davit\.gradle\caches\modules-2\files-2.1\org.springframework.data\spring-data-commons\3.4.2\387ff91a749cce404f7a6e4a15a3b75ff497bdbc\spring-data-commons-3.4.2.jar;C:\Users\davit\.gradle\caches\modules-2\files-2.1\org.springframework\spring-tx\6.2.2\91a2e378d0e457b9c500f2b30aaf8a7a422ba522\spring-tx-6.2.2.jar;C:\Users\davit\.gradle\caches\modules-2\files-2.1\org.springframework\spring-beans\6.2.2\ec8ee520ff7b147de8ac04d330848d468253f84d\spring-beans-6.2.2.jar;C:\Users\davit\.gradle\caches\modules-2\files-2.1\org.springframework\spring-expression\6.2.2\20164dd3a70d0048185cf02bb1b097b22e73d820\spring-expression-6.2.2.jar;C:\Users\davit\.gradle\caches\modules-2\files-2.1\org.springframework\spring-core\6.2.2\94269e888dc979e75a1a1b9600d7153d72e6a7f1\spring-core-6.2.2.jar;C:\Users\davit\.gradle\caches\modules-2\files-2.1\org.yaml\snakeyaml\2.3\936b36210e27320f920536f695cf1af210c44586\snakeyaml-2.3.jar;C:\Users\davit\.gradle\caches\modules-2\files-2.1\org.hibernate.orm\hibernate-core\6.6.5.Final\c81deca40ebdb823d9f8a9e5dc5798a6a205626a\hibernate-core-6.6.5.Final.jar;C:\Users\davit\.gradle\caches\modules-2\files-2.1\org.springframework\spring-aspects\6.2.2\e9e0379bc353e43ab1cb326f413bb293d8a52e78\spring-aspects-6.2.2.jar;C:\Users\davit\.gradle\caches\modules-2\files-2.1\org.checkerframework\checker-qual\3.42.0\638ec33f363a94d41a4f03c3e7d3dcfba64e402d\checker-qual-3.42.0.jar;C:\Users\davit\.gradle\caches\modules-2\files-2.1\com.opencsv\opencsv\5.9\284ea0b60a24b71a530100783185e7d547ab5339\opencsv-5.9.jar;C:\Users\davit\.gradle\caches\modules-2\files-2.1\javax.xml.bind\jaxb-api\2.3.1\8531ad5ac454cc2deb9d4d32c40c4d7451939b5d\jaxb-api-2.3.1.jar;C:\Users\davit\.gradle\caches\modules-2\files-2.1\org.apache.commons\commons-collections4\4.4\62ebe7544cb7164d87e0637a2a6a2bdc981395e8\commons-collections4-4.4.jar;C:\Users\davit\.gradle\caches\modules-2\files-2.1\org.apache.commons\commons-text\1.12.0\66aa90dc099701c4d3b14bd256c328f592ccf0d6\commons-text-1.12.0.jar;C:\Users\davit\.gradle\caches\modules-2\files-2.1\org.apache.commons\commons-lang3\3.17.0\b17d2136f0460dcc0d2016ceefca8723bdf4ee70\commons-lang3-3.17.0.jar;C:\Users\davit\.gradle\caches\modules-2\files-2.1\commons-io\commons-io\2.17.0\ddcc8433eb019fb48fe25207c0278143f3e1d7e2\commons-io-2.17.0.jar;C:\Users\davit\.gradle\caches\modules-2\files-2.1\org.apache.tomcat.embed\tomcat-embed-el\10.1.34\d2b2daca3bc999c62e58ae36b45ba0582530fb25\tomcat-embed-el-10.1.34.jar;C:\Users\davit\.gradle\caches\modules-2\files-2.1\org.hibernate.validator\hibernate-validator\8.0.2.Final\220e64815dd87535525331de20570017f899eb13\hibernate-validator-8.0.2.Final.jar;C:\Users\davit\.gradle\caches\modules-2\files-2.1\software.amazon.awssdk\protocol-core\2.20.129\a7b8e2f879d661fafe53b2add287a757f11cf786\protocol-core-2.20.129.jar;C:\Users\davit\.gradle\caches\modules-2\files-2.1\software.amazon.awssdk\arns\2.20.129\121615e838be9324080dc81e87619d9acd491f78\arns-2.20.129.jar;C:\Users\davit\.gradle\caches\modules-2\files-2.1\software.amazon.awssdk\regions\2.20.129\95a332f97906d6bab30b4f4ea0253d2d03b075ef\regions-2.20.129.jar;C:\Users\davit\.gradle\caches\modules-2\files-2.1\software.amazon.awssdk\sdk-core\2.20.129\880cb860ed955dbaa29aa9875a2ef618fc55b462\sdk-core-2.20.129.jar;C:\Users\davit\.gradle\caches\modules-2\files-2.1\software.amazon.awssdk\profiles\2.20.129\207e154864ad6baa29be5968cad2d7af63458e77\profiles-2.20.129.jar;C:\Users\davit\.gradle\caches\modules-2\files-2.1\software.amazon.awssdk\crt-core\2.20.129\6bdd40112cd8b77658846cf8e05428285e7225c5\crt-core-2.20.129.jar;C:\Users\davit\.gradle\caches\modules-2\files-2.1\software.amazon.awssdk\apache-client\2.20.129\60fc5da7ac103c7005d0907ae0e6ecef0684edac\apache-client-2.20.129.jar;C:\Users\davit\.gradle\caches\modules-2\files-2.1\software.amazon.awssdk\netty-nio-client\2.20.129\c90a97b54be0cbe2f3c25a2fddd589cc021240d5\netty-nio-client-2.20.129.jar;C:\Users\davit\.gradle\caches\modules-2\files-2.1\software.amazon.awssdk\http-client-spi\2.20.129\8d43d3a622ba44cc8937006b205f1939f18637c1\http-client-spi-2.20.129.jar;C:\Users\davit\.gradle\caches\modules-2\files-2.1\software.amazon.awssdk\metrics-spi\2.20.129\85153eda343e66bd24602c7ce8c737ffaeca17e1\metrics-spi-2.20.129.jar;C:\Users\davit\.gradle\caches\modules-2\files-2.1\software.amazon.awssdk\json-utils\2.20.129\fd6cfd40b643b82b9eea15a38572edef302ba66d\json-utils-2.20.129.jar;C:\Users\davit\.gradle\caches\modules-2\files-2.1\software.amazon.awssdk\utils\2.20.129\16c903cac7917519024b766e94f602c7071636e4\utils-2.20.129.jar;C:\Users\davit\.gradle\caches\modules-2\files-2.1\software.amazon.awssdk\endpoints-spi\2.20.129\3d7df1753deb640a933dd922a0b5d6f9200cc9d2\endpoints-spi-2.20.129.jar;C:\Users\davit\.gradle\caches\modules-2\files-2.1\software.amazon.awssdk\annotations\2.20.129\87597a83dc213c5d3cb3a0495a123993712918a2\annotations-2.20.129.jar;C:\Users\davit\.gradle\caches\modules-2\files-2.1\software.amazon.eventstream\eventstream\1.0.1\6ff8649dffc5190366ada897ba8525a836297784\eventstream-1.0.1.jar;C:\Users\davit\.gradle\caches\modules-2\files-2.1\ch.qos.logback\logback-classic\1.5.16\113979db51dfad6dc895b34460d7b7ff64ffe7d2\logback-classic-1.5.16.jar;C:\Users\davit\.gradle\caches\modules-2\files-2.1\org.apache.logging.log4j\log4j-to-slf4j\2.24.3\da1143e2a2531ee1c2d90baa98eb50a28a39d5a7\log4j-to-slf4j-2.24.3.jar;C:\Users\davit\.gradle\caches\modules-2\files-2.1\org.slf4j\jul-to-slf4j\2.0.16\6d57da3e961daac65bcca0dd3def6cd11e48a24a\jul-to-slf4j-2.0.16.jar;C:\Users\davit\.gradle\caches\modules-2\files-2.1\org.springframework\spring-jcl\6.2.2\1fbbb0b2e85c6eac7c366c5eed5b124785f05ac8\spring-jcl-6.2.2.jar;C:\Users\davit\.gradle\caches\modules-2\files-2.1\com.fasterxml.jackson.datatype\jackson-datatype-jsr310\2.18.2\7b6ff96adf421f4c6edbd694e797dd8fe434510a\jackson-datatype-jsr310-2.18.2.jar;C:\Users\davit\.gradle\caches\modules-2\files-2.1\com.fasterxml.jackson.module\jackson-module-parameter-names\2.18.2\72960cb3277347a748911d100c3302d60e8a616a\jackson-module-parameter-names-2.18.2.jar;C:\Users\davit\.gradle\caches\modules-2\files-2.1\com.fasterxml.jackson.core\jackson-annotations\2.18.2\985d77751ebc7fce5db115a986bc9aa82f973f4a\jackson-annotations-2.18.2.jar;C:\Users\davit\.gradle\caches\modules-2\files-2.1\com.fasterxml.jackson.core\jackson-core\2.18.2\fb64ccac5c27dca8819418eb4e443a9f496d9ee7\jackson-core-2.18.2.jar;C:\Users\davit\.gradle\caches\modules-2\files-2.1\com.fasterxml.jackson.datatype\jackson-datatype-jdk8\2.18.2\9ed6d538ebcc66864e114a7040953dce6ab6ea53\jackson-datatype-jdk8-2.18.2.jar;C:\Users\davit\.gradle\caches\modules-2\files-2.1\com.fasterxml.jackson.core\jackson-databind\2.18.2\deef8697b92141fb6caf7aa86966cff4eec9b04f\jackson-databind-2.18.2.jar;C:\Users\davit\.gradle\caches\modules-2\files-2.1\org.apache.tomcat.embed\tomcat-embed-websocket\10.1.34\eef6d430f34b6e393b8d9e40f10db9043732b4e5\tomcat-embed-websocket-10.1.34.jar;C:\Users\davit\.gradle\caches\modules-2\files-2.1\org.apache.tomcat.embed\tomcat-embed-core\10.1.34\f610f84be607fbc82e393cc220f0ad45f92afc91\tomcat-embed-core-10.1.34.jar;C:\Users\davit\.gradle\caches\modules-2\files-2.1\io.micrometer\micrometer-observation\1.15.0-M1\73219187aabd13e002e96693d7aa8de51c4b849\micrometer-observation-1.15.0-M1.jar;C:\Users\davit\.gradle\caches\modules-2\files-2.1\com.zaxxer\HikariCP\6.2.1\2d60b91e74ee4ff10fc9a395d10b3b9c7061ef87\HikariCP-6.2.1.jar;C:\Users\davit\.gradle\caches\modules-2\files-2.1\jakarta.persistence\jakarta.persistence-api\3.1.0\66901fa1c373c6aff65c13791cc11da72060a8d6\jakarta.persistence-api-3.1.0.jar;C:\Users\davit\.gradle\caches\modules-2\files-2.1\jakarta.transaction\jakarta.transaction-api\2.0.1\51a520e3fae406abb84e2e1148e6746ce3f80a1a\jakarta.transaction-api-2.0.1.jar;C:\Users\davit\.gradle\caches\modules-2\files-2.1\org.jboss.logging\jboss-logging\3.6.1.Final\886afbb445b4016a37c8960a7aef6ebd769ce7e5\jboss-logging-3.6.1.Final.jar;C:\Users\davit\.gradle\caches\modules-2\files-2.1\org.hibernate.common\hibernate-commons-annotations\7.0.3.Final\e183c4be8bb41d12e9f19b374e00c34a0a85f439\hibernate-commons-annotations-7.0.3.Final.jar;C:\Users\davit\.gradle\caches\modules-2\files-2.1\io.smallrye\jandex\3.2.0\f17ad860f62a08487b9edabde608f8ac55c62fa7\jandex-3.2.0.jar;C:\Users\davit\.gradle\caches\modules-2\files-2.1\com.fasterxml\classmate\1.7.0\e98374da1f2143ac8e6e0a95036994bb19137a3\classmate-1.7.0.jar;C:\Users\davit\.gradle\caches\modules-2\files-2.1\net.bytebuddy\byte-buddy\1.16.1\f95f4d5efa5e07706129048a62b38a0acb35592c\byte-buddy-1.16.1.jar;C:\Users\davit\.gradle\caches\modules-2\files-2.1\org.glassfish.jaxb\jaxb-runtime\4.0.5\ca84c2a7169b5293e232b9d00d1e4e36d4c3914a\jaxb-runtime-4.0.5.jar;C:\Users\davit\.gradle\caches\modules-2\files-2.1\org.glassfish.jaxb\jaxb-core\4.0.5\7b4b11ea5542eea4ad55e1080b23be436795b3\jaxb-core-4.0.5.jar;C:\Users\davit\.gradle\caches\modules-2\files-2.1\jakarta.xml.bind\jakarta.xml.bind-api\4.0.2\6cd5a999b834b63238005b7144136379dc36cad2\jakarta.xml.bind-api-4.0.2.jar;C:\Users\davit\.gradle\caches\modules-2\files-2.1\jakarta.inject\jakarta.inject-api\2.0.1\4c28afe1991a941d7702fe1362c365f0a8641d1e\jakarta.inject-api-2.0.1.jar;C:\Users\davit\.gradle\caches\modules-2\files-2.1\org.antlr\antlr4-runtime\4.13.0\5a02e48521624faaf5ff4d99afc88b01686af655\antlr4-runtime-4.13.0.jar;C:\Users\davit\.gradle\caches\modules-2\files-2.1\org.slf4j\slf4j-api\2.0.16\172931663a09a1fa515567af5fbef00897d3c04\slf4j-api-2.0.16.jar;C:\Users\davit\.gradle\caches\modules-2\files-2.1\org.aspectj\aspectjweaver\1.9.22.1\bca243d0af0db4758fbae45c5f4995cb5dabb612\aspectjweaver-1.9.22.1.jar;C:\Users\davit\.gradle\caches\modules-2\files-2.1\jakarta.validation\jakarta.validation-api\3.0.2\92b6631659ba35ca09e44874d3eb936edfeee532\jakarta.validation-api-3.0.2.jar;C:\Users\davit\.gradle\caches\modules-2\files-2.1\org.reactivestreams\reactive-streams\1.0.4\3864a1320d97d7b045f729a326e1e077661f31b7\reactive-streams-1.0.4.jar;C:\Users\davit\.gradle\caches\modules-2\files-2.1\software.amazon.awssdk\third-party-jackson-core\2.20.129\42f34b52f518efe3b264705e04c1990beb57ded0\third-party-jackson-core-2.20.129.jar;C:\Users\davit\.gradle\caches\modules-2\files-2.1\org.apache.httpcomponents\httpclient\4.5.13\e5f6cae5ca7ecaac1ec2827a9e2d65ae2869cada\httpclient-4.5.13.jar;C:\Users\davit\.gradle\caches\modules-2\files-2.1\org.apache.httpcomponents\httpcore\4.4.16\51cf043c87253c9f58b539c9f7e44c8894223850\httpcore-4.4.16.jar;C:\Users\davit\.gradle\caches\modules-2\files-2.1\commons-codec\commons-codec\1.17.2\cd6bb9d856db5f61871a94d5801efd0b93b7fcb2\commons-codec-1.17.2.jar;C:\Users\davit\.gradle\caches\modules-2\files-2.1\io.netty\netty-codec-http2\4.1.117.Final\e0a678ac80e00b08a4c0118d496efabc4516ebbf\netty-codec-http2-4.1.117.Final.jar;C:\Users\davit\.gradle\caches\modules-2\files-2.1\io.netty\netty-codec-http\4.1.117.Final\5a0f8cd908b8b09b2cd1d39c1d2086a4d12e6029\netty-codec-http-4.1.117.Final.jar;C:\Users\davit\.gradle\caches\modules-2\files-2.1\io.netty\netty-handler\4.1.117.Final\db14cd99515f8c98a3f2a347718e59f14d85c503\netty-handler-4.1.117.Final.jar;C:\Users\davit\.gradle\caches\modules-2\files-2.1\io.netty\netty-codec\4.1.117.Final\2831d3431ed93d9c0b64b1c0cce2ced4737539aa\netty-codec-4.1.117.Final.jar;C:\Users\davit\.gradle\caches\modules-2\files-2.1\io.netty\netty-transport-classes-epoll\4.1.117.Final\ebca585acd227b8682ed5b2aafbb86d07f77848\netty-transport-classes-epoll-4.1.117.Final.jar;C:\Users\davit\.gradle\caches\modules-2\files-2.1\io.netty\netty-transport-native-unix-common\4.1.117.Final\684f2316ff2b2171babbc17c95ac3bd97f5f091e\netty-transport-native-unix-common-4.1.117.Final.jar;C:\Users\davit\.gradle\caches\modules-2\files-2.1\io.netty\netty-transport\4.1.117.Final\f81d72962bd134d8d8e11b514321134fa5fd0ce6\netty-transport-4.1.117.Final.jar;C:\Users\davit\.gradle\caches\modules-2\files-2.1\io.netty\netty-buffer\4.1.117.Final\22b4cc28194cb23671274499229e0ef35028fbd\netty-buffer-4.1.117.Final.jar;C:\Users\davit\.gradle\caches\modules-2\files-2.1\io.netty\netty-resolver\4.1.117.Final\581b37489a03162f473264b65f53d504269a74b0\netty-resolver-4.1.117.Final.jar;C:\Users\davit\.gradle\caches\modules-2\files-2.1\io.netty\netty-common\4.1.117.Final\9e074a4382f56b37f3b9ee1fc21d53e7af58ec9d\netty-common-4.1.117.Final.jar;C:\Users\davit\.gradle\caches\modules-2\files-2.1\ch.qos.logback\logback-core\1.5.16\4f17700f046900aea2fadf115e2d67fec921f7fd\logback-core-1.5.16.jar;C:\Users\davit\.gradle\caches\modules-2\files-2.1\org.apache.logging.log4j\log4j-api\2.24.3\b02c125db8b6d295adf72ae6e71af5d83bce2370\log4j-api-2.24.3.jar;C:\Users\davit\.gradle\caches\modules-2\files-2.1\io.micrometer\micrometer-commons\1.15.0-M1\d85a0d02f31c67f45a4e369608e1c11565e3f16a\micrometer-commons-1.15.0-M1.jar;C:\Users\davit\.gradle\caches\modules-2\files-2.1\org.eclipse.angus\angus-activation\2.0.2\41f1e0ddd157c856926ed149ab837d110955a9fc\angus-activation-2.0.2.jar;C:\Users\davit\.gradle\caches\modules-2\files-2.1\jakarta.activation\jakarta.activation-api\2.1.3\fa165bd70cda600368eee31555222776a46b881f\jakarta.activation-api-2.1.3.jar;C:\Users\davit\.gradle\caches\modules-2\files-2.1\org.springframework.security\spring-security-crypto\6.5.0-M1\c5a8b18ddeacde98a5b7434c5a128917a1e507ce\spring-security-crypto-6.5.0-M1.jar;C:\Users\davit\.gradle\caches\modules-2\files-2.1\commons-logging\commons-logging\1.2\4bfc12adfe4842bf07b657f0369c4cb522955686\commons-logging-1.2.jar;C:\Users\davit\.gradle\caches\modules-2\files-2.1\org.glassfish.jaxb\txw2\4.0.5\f36a4ef12120a9bb06d766d6a0e54b144fd7ed98\txw2-4.0.5.jar;C:\Users\davit\.gradle\caches\modules-2\files-2.1\com.sun.istack\istack-commons-runtime\4.1.2\18ec117c85f3ba0ac65409136afa8e42bc74e739\istack-commons-runtime-4.1.2.jar
Launcher Type: SUN_STANDARD

[Global flags]
     intx CICompilerCount                          = 12                                        {product} {ergonomic}
     uint ConcGCThreads                            = 4                                         {product} {ergonomic}
     uint G1ConcRefinementThreads                  = 15                                        {product} {ergonomic}
   size_t G1HeapRegionSize                         = 2097152                                   {product} {ergonomic}
   size_t InitialHeapSize                          = 266338304                                 {product} {ergonomic}
   size_t MarkStackSize                            = 4194304                                   {product} {ergonomic}
   size_t MarkStackSizeMax                         = 536870912                                 {product} {ergonomic}
   size_t MaxHeapSize                              = 4246732800                                {product} {ergonomic}
   size_t MaxNewSize                               = 2548039680                                {product} {ergonomic}
   size_t MinHeapDeltaBytes                        = 2097152                                   {product} {ergonomic}
   size_t MinHeapSize                              = 8388608                                   {product} {ergonomic}
    uintx NonNMethodCodeHeapSize                   = 7602176                                {pd product} {ergonomic}
    uintx NonProfiledCodeHeapSize                  = 122093568                              {pd product} {ergonomic}
    uintx ProfiledCodeHeapSize                     = 121962496                              {pd product} {ergonomic}
    uintx ReservedCodeCacheSize                    = 251658240                              {pd product} {ergonomic}
     bool SegmentedCodeCache                       = true                                      {product} {ergonomic}
   size_t SoftMaxHeapSize                          = 4246732800                             {manageable} {ergonomic}
     bool UseCompressedOops                        = true                           {product lp64_product} {ergonomic}
     bool UseG1GC                                  = true                                      {product} {ergonomic}
     bool UseLargePagesIndividualAllocation        = false                                  {pd product} {ergonomic}

Logging:
Log output configuration:
 #0: stdout all=warning uptime,level,tags foldmultilines=false
 #1: stderr all=off uptime,level,tags foldmultilines=false

Environment Variables:
PATH=C:\Windows\system32;C:\Windows;C:\Windows\System32\Wbem;C:\Windows\System32\WindowsPowerShell\v1.0\;C:\Windows\System32\OpenSSH\;C:\Program Files\dotnet\;C:\Program Files\NVIDIA Corporation\NVIDIA NvDLISR;C:\Program Files\Git\cmd;C:\Program Files (x86)\Microsoft SQL Server\160\Tools\Binn\;C:\Program Files\Microsoft SQL Server\160\Tools\Binn\;C:\Program Files\Microsoft SQL Server\Client SDK\ODBC\170\Tools\Binn\;C:\Program Files\Microsoft SQL Server\160\DTS\Binn\;C:\Program Files (x86)\Microsoft SQL Server\160\DTS\Binn\;C:\Program Files\nodejs\;C:\Program Files\Amazon\AWSCLIV2\;C:\Program Files\MySQL\MySQL Shell 8.0\bin\;C:\Users\davit\AppData\Local\Microsoft\WindowsApps;C:\Users\davit\AppData\Local\Programs\Microsoft VS Code\bin;C:\Users\davit\.dotnet\tools;C:\Users\davit\AppData\Roaming\npm
USERNAME=davit
OS=Windows_NT
PROCESSOR_IDENTIFIER=Intel64 Family 6 Model 151 Stepping 2, GenuineIntel
TMP=C:\Users\davit\AppData\Local\Temp
TEMP=C:\Users\davit\AppData\Local\Temp




Periodic native trim disabled

---------------  S Y S T E M  ---------------

OS:
 Windows 11 , 64 bit Build 22621 (10.0.22621.4974)
OS uptime: 0 days 22:25 hours
Hyper-V role detected

CPU: total 20 (initial active 20) (10 cores per cpu, 2 threads per core) family 6 model 151 stepping 2 microcode 0xf, cx8, cmov, fxsr, ht, mmx, 3dnowpref, sse, sse2, sse3, ssse3, sse4.1, sse4.2, popcnt, lzcnt, tsc, tscinvbit, avx, avx2, aes, erms, clmul, bmi1, bmi2, adx, sha, fma, vzeroupper, clflush, clflushopt, clwb, hv, serialize, rdtscp, rdpid, fsrm, gfni, f16c, cet_ibt, cet_ss
Processor Information for processor 0
  Max Mhz: 2100, Current Mhz: 2100, Mhz Limit: 2100
Processor Information for processor 1
  Max Mhz: 2100, Current Mhz: 2100, Mhz Limit: 2100
Processor Information for processor 2
  Max Mhz: 2100, Current Mhz: 2100, Mhz Limit: 2100
Processor Information for processor 3
  Max Mhz: 2100, Current Mhz: 2100, Mhz Limit: 2100
Processor Information for processor 4
  Max Mhz: 2100, Current Mhz: 2100, Mhz Limit: 2100
Processor Information for processor 5
  Max Mhz: 2100, Current Mhz: 2100, Mhz Limit: 2100
Processor Information for processor 6
  Max Mhz: 2100, Current Mhz: 2100, Mhz Limit: 2100
Processor Information for processor 7
  Max Mhz: 2100, Current Mhz: 2100, Mhz Limit: 2100
Processor Information for processor 8
  Max Mhz: 2100, Current Mhz: 2100, Mhz Limit: 2100
Processor Information for processor 9
  Max Mhz: 2100, Current Mhz: 2100, Mhz Limit: 2100
Processor Information for processor 10
  Max Mhz: 2100, Current Mhz: 2100, Mhz Limit: 2100
Processor Information for processor 11
  Max Mhz: 2100, Current Mhz: 2100, Mhz Limit: 2100
Processor Information for processor 12
  Max Mhz: 2100, Current Mhz: 2100, Mhz Limit: 2100
Processor Information for processor 13
  Max Mhz: 2100, Current Mhz: 2100, Mhz Limit: 2100
Processor Information for processor 14
  Max Mhz: 2100, Current Mhz: 2100, Mhz Limit: 2100
Processor Information for processor 15
  Max Mhz: 2100, Current Mhz: 2100, Mhz Limit: 2100
Processor Information for processor 16
  Max Mhz: 2100, Current Mhz: 1600, Mhz Limit: 1596
Processor Information for processor 17
  Max Mhz: 2100, Current Mhz: 1600, Mhz Limit: 1596
Processor Information for processor 18
  Max Mhz: 2100, Current Mhz: 1600, Mhz Limit: 1596
Processor Information for processor 19
  Max Mhz: 2100, Current Mhz: 1600, Mhz Limit: 1596

Memory: 4k page, system-wide physical 16193M (4192M free)
TotalPageFile size 26433M (AvailPageFile size 4365M)
current process WorkingSet (physical memory assigned to process): 1161M, peak: 1165M
current process commit charge ("private bytes"): 1216M, peak: 1227M

vm_info: OpenJDK 64-Bit Server VM (23.0.2+7-58) for windows-amd64 JRE (23.0.2+7-58), built on 2024-11-29T09:34:55Z with MS VC++ 17.6 (VS2022)

END.
