#
# A fatal error has been detected by the Java Runtime Environment:
#
#  EXCEPTION_ACCESS_VIOLATION (0xc0000005) at pc=0x00007ff86a85c4a6, pid=23892, tid=14924
#
# JRE version: OpenJDK Runtime Environment (23.0.2+7) (build 23.0.2+7-58)
# Java VM: OpenJDK 64-Bit Server VM (23.0.2+7-58, mixed mode, sharing, tiered, compressed oops, compressed class ptrs, g1 gc, windows-amd64)
# Problematic frame:
# V  [jvm.dll+0x66c4a6]
#
# No core dump will be written. Minidumps are not enabled by default on client versions of Windows
#
# If you would like to submit a bug report, please visit:
#   https://bugreport.java.com/bugreport/crash.jsp
#

---------------  S U M M A R Y ------------

Command Line: -Dspring.profiles.active=local -Dfile.encoding=UTF-8 -Duser.country=US -Duser.language=en -Duser.variant davlaga.demo.DemoApplication

Host: 12th Gen Intel(R) Core(TM) i7-12700F, 20 cores, 15G,  Windows 11 , 64 bit Build 22621 (10.0.22621.4974)
Time: Sun Mar  9 11:29:49 2025 Georgian Standard Time elapsed time: 1.862564 seconds (0d 0h 0m 1s)

---------------  T H R E A D  ---------------

Current thread (0x000002126e099bb0):  JavaThread "C2 CompilerThread5" daemon [_thread_in_native, id=14924, stack(0x000000c2a0100000,0x000000c2a0200000) (1024K)]


Current CompileTask:
C2:1862 4906       4       java.lang.Class::getMethodsRecursive (104 bytes)

Stack: [0x000000c2a0100000,0x000000c2a0200000],  sp=0x000000c2a01fca90,  free space=1010k
Native frames: (J=compiled Java code, j=interpreted, Vv=VM code, C=native code)
V  [jvm.dll+0x66c4a6]  (no source info available)
V  [jvm.dll+0x66ddb2]  (no source info available)
V  [jvm.dll+0x66be15]  (no source info available)
V  [jvm.dll+0x2449d7]  (no source info available)
V  [jvm.dll+0x243eff]  (no source info available)
V  [jvm.dll+0x1c34b0]  (no source info available)
V  [jvm.dll+0x253df1]  (no source info available)
V  [jvm.dll+0x2520aa]  (no source info available)
V  [jvm.dll+0x3ee226]  (no source info available)
V  [jvm.dll+0x8254cb]  (no source info available)
V  [jvm.dll+0x6df345]  (no source info available)
C  [ucrtbase.dll+0x29333]  (no source info available)
C  [KERNEL32.DLL+0x1259d]  (no source info available)
C  [ntdll.dll+0x5af38]  (no source info available)


siginfo: EXCEPTION_ACCESS_VIOLATION (0xc0000005), reading address 0x00007ff8771e4a64


Registers:
RAX=0x000000000c400400, RBX=0x000002126f7a0610, RCX=0x000002126d0fbb68, RDX=0x0000021225cff0d0
RSP=0x000000c2a01fca90, RBP=0x0000000000000250, RSI=0x000002126d0fbba0, RDI=0x0000000000000002
R8 =0x0000000000000001, R9 =0x0000000000000007, R10=0x0000000000000002, R11=0x00007ff86a1f0000
R12=0x0000000000000250, R13=0x000002126c2c43c0, R14=0x000002126c2c43c0, R15=0x0000000000000000
RIP=0x00007ff86a85c4a6, EFLAGS=0x0000000000010206


Register to memory mapping:

RAX=0x000000000c400400 is an unknown value
RBX=0x000002126f7a0610 points into unknown readable memory: 0x000001000000000c | 0c 00 00 00 00 01 00 00
RCX=0x000002126d0fbb68 points into unknown readable memory: 0x00000212258fe4f0 | f0 e4 8f 25 12 02 00 00
RDX=0x0000021225cff0d0 points into unknown readable memory: 0x00790061006d0020 | 20 00 6d 00 61 00 79 00
RSP=0x000000c2a01fca90 is pointing into the stack for thread: 0x000002126e099bb0
RBP=0x0000000000000250 is an unknown value
RSI=0x000002126d0fbba0 points into unknown readable memory: 0x00007ff86ac69d90 | 90 9d c6 6a f8 7f 00 00
RDI=0x0000000000000002 is an unknown value
R8 =0x0000000000000001 is an unknown value
R9 =0x0000000000000007 is an unknown value
R10=0x0000000000000002 is an unknown value
R11=0x00007ff86a1f0000 jvm.dll
R12=0x0000000000000250 is an unknown value
R13=0x000002126c2c43c0 points into unknown readable memory: 0x00007ff86ab69db0 | b0 9d b6 6a f8 7f 00 00
R14=0x000002126c2c43c0 points into unknown readable memory: 0x00007ff86ab69db0 | b0 9d b6 6a f8 7f 00 00
R15=0x0 is null

Top of Stack: (sp=0x000000c2a01fca90)
0x000000c2a01fca90:   000002126f7a0610 000002126d0fbba0
0x000000c2a01fcaa0:   000002126b896120 00000000000027d8
0x000000c2a01fcab0:   0000000000000028 0000000000000005
0x000000c2a01fcac0:   000002126f7a0618 000002126c2c43c0
0x000000c2a01fcad0:   000002126c2c42c0 00007ff86a8abac8
0x000000c2a01fcae0:   0000000000000002 000002126c2c43c0
0x000000c2a01fcaf0:   000002126c2c4120 000002126b4c5548
0x000000c2a01fcb00:   000002126b4c5548 000000c2a01fcfb0
0x000000c2a01fcb10:   0000000000000000 0000000000000000
0x000000c2a01fcb20:   fffffffffffffff8 000000c2a01fcb88
0x000000c2a01fcb30:   000002126b4c5548 00007ff86a85ddb2
0x000000c2a01fcb40:   000000c2a01fcfb0 000002126b4c5548
0x000000c2a01fcb50:   0000021200000005 000002126b4c5548
0x000000c2a01fcb60:   00000212704133a0 000002127045a1d0
0x000000c2a01fcb70:   0000021270412010 000002126bf28db0
0x000000c2a01fcb80:   000000c2a01fe568 0000000000000000
0x000000c2a01fcb90:   0000000000000000 000000c2a01fcfb0
0x000000c2a01fcba0:   000000c2a01fcc39 00007ff86a85be15
0x000000c2a01fcbb0:   000000c2a01fe2f0 0000000000001b3a
0x000000c2a01fcbc0:   00000000000001e0 000002126b9778e8
0x000000c2a01fcbd0:   000002126ec3c0a0 000000c2a01fe568
0x000000c2a01fcbe0:   0000000000100000 0000000000000000
0x000000c2a01fcbf0:   0000000000000000 0000000000000000
0x000000c2a01fcc00:   0000000000000000 0000000000000000
0x000000c2a01fcc10:   0000000000000000 0000000000000000
0x000000c2a01fcc20:   0000000000000000 0000000000000000
0x000000c2a01fcc30:   0000000000000000 0000000000000000
0x000000c2a01fcc40:   000000c2a01fd058 00000000000027d8
0x000000c2a01fcc50:   0000000000000000 000000c2a01fcda0
0x000000c2a01fcc60:   0000e58897bbf4f5 00007ff86a855b04
0x000000c2a01fcc70:   000002126c9f4360 000002126c9f4310
0x000000c2a01fcc80:   00007ff86abd5610 0000000000000000 

Instructions: (pc=0x00007ff86a85c4a6)
0x00007ff86a85c3a6:   55 58 00 0f 11 80 20 01 00 00 0f 28 0d 19 55 58
0x00007ff86a85c3b6:   00 0f 11 88 30 01 00 00 0f 28 05 1b 55 58 00 0f
0x00007ff86a85c3c6:   11 80 40 01 00 00 0f 28 0d 1d 55 58 00 0f 11 88
0x00007ff86a85c3d6:   50 01 00 00 0f 28 05 1f 55 58 00 0f 11 80 60 01
0x00007ff86a85c3e6:   00 00 0f 28 0d 21 55 58 00 0f 11 88 70 01 00 00
0x00007ff86a85c3f6:   e8 15 1a 9a ff 45 8b a4 24 18 03 00 00 44 03 e0
0x00007ff86a85c406:   48 8b 84 24 c8 00 00 00 41 8b ec 48 85 c0 74 1f
0x00007ff86a85c416:   8b 40 2c 83 e0 1f 3c 17 75 15 48 8b ac 24 b0 00
0x00007ff86a85c426:   00 00 48 8b 4d 10 e8 8f 6c 9f ff 41 8d 2c 04 83
0x00007ff86a85c436:   c7 fb 85 ff 0f 8e 5d 03 00 00 48 63 c7 33 d2 48
0x00007ff86a85c446:   8b c8 48 89 44 24 50 e8 2e c5 0c 00 48 63 cf 33
0x00007ff86a85c456:   d2 48 c1 e1 04 48 8b d8 e8 1d c5 0c 00 48 89 44
0x00007ff86a85c466:   24 30 4c 8b c0 4c 63 d7 85 ff 0f 8e 10 03 00 00
0x00007ff86a85c476:   45 33 ff 4c 8d 1d 80 3b 99 ff 45 8b c7 41 b9 05
0x00007ff86a85c486:   00 00 00 0f 1f 80 00 00 00 00 48 8b 4e 20 41 8b
0x00007ff86a85c496:   d1 41 ff c1 48 8b 14 d1 48 63 42 10 48 c1 e0 05
0x00007ff86a85c4a6:   42 0f b6 84 18 64 46 bf 00 41 88 04 18 49 ff c0
0x00007ff86a85c4b6:   4d 3b c2 7c d5 48 8b 8c 24 c8 00 00 00 44 8b cf
0x00007ff86a85c4c6:   48 8b 74 24 30 48 8b d3 4c 8b c6 48 8b 01 ff 90
0x00007ff86a85c4d6:   d0 00 00 00 4c 8b 74 24 38 48 8d 0d fa 2a 63 00
0x00007ff86a85c4e6:   49 8b df 48 89 5c 24 48 66 90 4c 8b 6e 08 48 8b
0x00007ff86a85c4f6:   06 49 8b 7e 48 8b f0 48 81 c7 e0 01 00 00 48 89
0x00007ff86a85c506:   44 24 40 48 03 fb 41 8b dd 2b d9 44 8d 7b ff 41
0x00007ff86a85c516:   83 ff ff 75 08 3b c1 0f 84 20 02 00 00 48 8b 84
0x00007ff86a85c526:   24 c8 00 00 00 8b 8c 24 c0 00 00 00 48 8b 40 08
0x00007ff86a85c536:   48 8b 0c c8 48 8b 01 ff 50 28 4c 8d 15 e2 2c 63
0x00007ff86a85c546:   00 8b 48 10 83 e9 0b 83 f9 06 0f 87 9c 00 00 00
0x00007ff86a85c556:   4d 3b ea 72 05 45 8b c7 eb 20 41 83 ff ff 74 14
0x00007ff86a85c566:   48 63 c3 48 8d 0d 90 3a 99 ff 44 8b 84 81 2c b8
0x00007ff86a85c576:   c3 00 eb 0d 41 b8 ff ff ff ff 48 8d 0d 79 3a 99
0x00007ff86a85c586:   ff 8b c6 48 8d 15 50 2a 63 00 2b c2 44 8d 48 ff
0x00007ff86a85c596:   4c 39 54 24 40 73 18 41 83 f9 ff 74 0c 48 98 44 


Stack slot to memory mapping:

stack at sp + 0 slots: 0x000002126f7a0610 points into unknown readable memory: 0x000001000000000c | 0c 00 00 00 00 01 00 00
stack at sp + 1 slots: 0x000002126d0fbba0 points into unknown readable memory: 0x00007ff86ac69d90 | 90 9d c6 6a f8 7f 00 00
stack at sp + 2 slots: 0x000002126b896120 points into unknown readable memory: 0x0000000000000000 | 00 00 00 00 00 00 00 00
stack at sp + 3 slots: 0x00000000000027d8 is an unknown value
stack at sp + 4 slots: 0x0000000000000028 is an unknown value
stack at sp + 5 slots: 0x0000000000000005 is an unknown value
stack at sp + 6 slots: 0x000002126f7a0618 points into unknown readable memory: 0x0000000000000000 | 00 00 00 00 00 00 00 00
stack at sp + 7 slots: 0x000002126c2c43c0 points into unknown readable memory: 0x00007ff86ab69db0 | b0 9d b6 6a f8 7f 00 00

Lock stack of current Java thread (top to bottom):


---------------  P R O C E S S  ---------------

Threads class SMR info:
_java_thread_list=0x000002126fc3d490, length=21, elements={
0x0000021202fc9670, 0x0000021225104020, 0x0000021225105f50, 0x000002122510ae20,
0x000002122510b9b0, 0x000002122510cb50, 0x000002122510d810, 0x0000021225880080,
0x0000021225889f50, 0x0000021225a29320, 0x0000021225a5adb0, 0x0000021225a5d480,
0x0000021225a727d0, 0x0000021225a79620, 0x0000021225bc2e70, 0x0000021225bc5210,
0x000002126b850e10, 0x000002126dbc9820, 0x000002126e099bb0, 0x000002126c7699f0,
0x000002126c768580
}

Java Threads: ( => current thread )
  0x0000021202fc9670 JavaThread "main"                              [_thread_in_vm, id=27996, stack(0x000000c29df00000,0x000000c29e000000) (1024K)]
  0x0000021225104020 JavaThread "Reference Handler"          daemon [_thread_blocked, id=26512, stack(0x000000c29e700000,0x000000c29e800000) (1024K)]
  0x0000021225105f50 JavaThread "Finalizer"                  daemon [_thread_blocked, id=4192, stack(0x000000c29e800000,0x000000c29e900000) (1024K)]
  0x000002122510ae20 JavaThread "Signal Dispatcher"          daemon [_thread_blocked, id=24748, stack(0x000000c29e900000,0x000000c29ea00000) (1024K)]
  0x000002122510b9b0 JavaThread "Attach Listener"            daemon [_thread_blocked, id=24284, stack(0x000000c29ea00000,0x000000c29eb00000) (1024K)]
  0x000002122510cb50 JavaThread "Service Thread"             daemon [_thread_blocked, id=26308, stack(0x000000c29eb00000,0x000000c29ec00000) (1024K)]
  0x000002122510d810 JavaThread "Monitor Deflation Thread"   daemon [_thread_blocked, id=27520, stack(0x000000c29ec00000,0x000000c29ed00000) (1024K)]
  0x0000021225880080 JavaThread "C2 CompilerThread0"         daemon [_thread_in_native, id=25284, stack(0x000000c29ed00000,0x000000c29ee00000) (1024K)]
  0x0000021225889f50 JavaThread "C1 CompilerThread0"         daemon [_thread_blocked, id=24244, stack(0x000000c29ee00000,0x000000c29ef00000) (1024K)]
  0x0000021225a29320 JavaThread "C1 CompilerThread1"         daemon [_thread_blocked, id=23944, stack(0x000000c29ef00000,0x000000c29f000000) (1024K)]
  0x0000021225a5adb0 JavaThread "C1 CompilerThread2"         daemon [_thread_blocked, id=28536, stack(0x000000c29f000000,0x000000c29f100000) (1024K)]
  0x0000021225a5d480 JavaThread "C1 CompilerThread3"         daemon [_thread_blocked, id=16628, stack(0x000000c29f100000,0x000000c29f200000) (1024K)]
  0x0000021225a727d0 JavaThread "Notification Thread"        daemon [_thread_blocked, id=21720, stack(0x000000c29f200000,0x000000c29f300000) (1024K)]
  0x0000021225a79620 JavaThread "Common-Cleaner"             daemon [_thread_blocked, id=17280, stack(0x000000c29f300000,0x000000c29f400000) (1024K)]
  0x0000021225bc2e70 JavaThread "C2 CompilerThread1"         daemon [_thread_in_native, id=12120, stack(0x000000c29f400000,0x000000c29f500000) (1024K)]
  0x0000021225bc5210 JavaThread "C2 CompilerThread2"         daemon [_thread_in_native, id=20424, stack(0x000000c29f500000,0x000000c29f600000) (1024K)]
  0x000002126b850e10 JavaThread "C2 CompilerThread3"         daemon [_thread_in_native, id=22072, stack(0x000000c29f600000,0x000000c29f700000) (1024K)]
  0x000002126dbc9820 JavaThread "C2 CompilerThread4"         daemon [_thread_in_native, id=12744, stack(0x000000c2a0000000,0x000000c2a0100000) (1024K)]
=>0x000002126e099bb0 JavaThread "C2 CompilerThread5"         daemon [_thread_in_native, id=14924, stack(0x000000c2a0100000,0x000000c2a0200000) (1024K)]
  0x000002126c7699f0 JavaThread "C2 CompilerThread6"         daemon [_thread_in_native, id=10548, stack(0x000000c29fc00000,0x000000c29fd00000) (1024K)]
  0x000002126c768580 JavaThread "C2 CompilerThread7"         daemon [_thread_in_native, id=12952, stack(0x000000c2a0b00000,0x000000c2a0c00000) (1024K)]
Total: 21

Other Threads:
  0x00000212250ed060 VMThread "VM Thread"                           [id=16092, stack(0x000000c29e600000,0x000000c29e700000) (1024K)]
  0x00000212250d6500 WatcherThread "VM Periodic Task Thread"        [id=17564, stack(0x000000c29e500000,0x000000c29e600000) (1024K)]
  0x00000212054f0da0 WorkerThread "GC Thread#0"                     [id=11408, stack(0x000000c29e000000,0x000000c29e100000) (1024K)]
  0x000002126be5e7e0 WorkerThread "GC Thread#1"                     [id=26212, stack(0x000000c29f700000,0x000000c29f800000) (1024K)]
  0x000002126be5eb90 WorkerThread "GC Thread#2"                     [id=10224, stack(0x000000c29f800000,0x000000c29f900000) (1024K)]
  0x000002126be5ef40 WorkerThread "GC Thread#3"                     [id=2368, stack(0x000000c29f900000,0x000000c29fa00000) (1024K)]
  0x000002126bdb9230 WorkerThread "GC Thread#4"                     [id=20988, stack(0x000000c29fa00000,0x000000c29fb00000) (1024K)]
  0x000002126bdb95e0 WorkerThread "GC Thread#5"                     [id=27744, stack(0x000000c29fb00000,0x000000c29fc00000) (1024K)]
  0x000002126bf33eb0 WorkerThread "GC Thread#6"                     [id=28516, stack(0x000000c29fd00000,0x000000c29fe00000) (1024K)]
  0x000002126bf34260 WorkerThread "GC Thread#7"                     [id=27868, stack(0x000000c29fe00000,0x000000c29ff00000) (1024K)]
  0x000002126bf34610 WorkerThread "GC Thread#8"                     [id=7492, stack(0x000000c29ff00000,0x000000c2a0000000) (1024K)]
  0x000002126bfcf050 WorkerThread "GC Thread#9"                     [id=7128, stack(0x000000c2a0200000,0x000000c2a0300000) (1024K)]
  0x000002126bfcf7b0 WorkerThread "GC Thread#10"                    [id=27780, stack(0x000000c2a0300000,0x000000c2a0400000) (1024K)]
  0x000002126bfd0dd0 WorkerThread "GC Thread#11"                    [id=11120, stack(0x000000c2a0400000,0x000000c2a0500000) (1024K)]
  0x000002126bfd1530 WorkerThread "GC Thread#12"                    [id=5876, stack(0x000000c2a0500000,0x000000c2a0600000) (1024K)]
  0x000002126bfce540 WorkerThread "GC Thread#13"                    [id=27724, stack(0x000000c2a0600000,0x000000c2a0700000) (1024K)]
  0x000002126bfd2040 WorkerThread "GC Thread#14"                    [id=25360, stack(0x000000c2a0700000,0x000000c2a0800000) (1024K)]
  0x0000021205505bf0 ConcurrentGCThread "G1 Main Marker"            [id=26576, stack(0x000000c29e100000,0x000000c29e200000) (1024K)]
  0x0000021205506710 WorkerThread "G1 Conc#0"                       [id=21516, stack(0x000000c29e200000,0x000000c29e300000) (1024K)]
  0x000002126bfcfb60 WorkerThread "G1 Conc#1"                       [id=14960, stack(0x000000c2a0800000,0x000000c2a0900000) (1024K)]
  0x000002126bfceca0 WorkerThread "G1 Conc#2"                       [id=9188, stack(0x000000c2a0900000,0x000000c2a0a00000) (1024K)]
  0x000002126bfd1c90 WorkerThread "G1 Conc#3"                       [id=11156, stack(0x000000c2a0a00000,0x000000c2a0b00000) (1024K)]
  0x0000021224fa9220 ConcurrentGCThread "G1 Refine#0"               [id=9372, stack(0x000000c29e300000,0x000000c29e400000) (1024K)]
  0x0000021224fa9da0 ConcurrentGCThread "G1 Service"                [id=11904, stack(0x000000c29e400000,0x000000c29e500000) (1024K)]
Total: 24

Threads with active compile tasks:
C2 CompilerThread0  1901 4880   !   4       org.springframework.util.ReflectionUtils::doWithMethods (186 bytes)
C2 CompilerThread1  1901 4758   !   4       org.springframework.core.annotation.AnnotationsScanner::processClassHierarchy (234 bytes)
C2 CompilerThread2  1901 4884       4       org.springframework.core.annotation.AnnotatedElementUtils::hasAnnotation (38 bytes)
C2 CompilerThread3  1901 4866       4       org.springframework.core.annotation.TypeMappedAnnotations::scan (66 bytes)
C2 CompilerThread4  1901 4878       4       org.springframework.core.annotation.AnnotationsScanner::process (55 bytes)
C2 CompilerThread5  1901 4906       4       java.lang.Class::getMethodsRecursive (104 bytes)
C2 CompilerThread6  1901 4949       4       jdk.internal.misc.Unsafe::getIntUnaligned (12 bytes)
C2 CompilerThread7  1901 4883       4       org.springframework.core.annotation.AnnotationsScanner::scan (21 bytes)
Total: 8

VM state: not at safepoint (normal execution)

VM Mutex/Monitor currently owned by a thread: None

Heap address: 0x0000000702e00000, size: 4050 MB, Compressed Oops mode: Zero based, Oop shift amount: 3

CDS archive(s) mapped at: [0x0000021226000000-0x0000021226d70000-0x0000021226d70000), size 14090240, SharedBaseAddress: 0x0000021226000000, ArchiveRelocationMode: 1.
Compressed class space mapped at: 0x0000021227000000-0x0000021267000000, reserved size: 1073741824
Narrow klass base: 0x0000021226000000, Narrow klass shift: 0, Narrow klass range: 0x41000000

GC Precious Log:
 CardTable entry size: 512
 Card Set container configuration: InlinePtr #cards 4 size 8 Array Of Cards #cards 16 size 48 Howl #buckets 8 coarsen threshold 3686 Howl Bitmap #cards 512 size 80 coarsen threshold 460 Card regions per heap region 1 cards per card region 4096
 CPUs: 20 total, 20 available
 Memory: 16193M
 Large Page Support: Disabled
 NUMA Support: Disabled
 Compressed Oops: Enabled (Zero based)
 Heap Region Size: 2M
 Heap Min Capacity: 8M
 Heap Initial Capacity: 254M
 Heap Max Capacity: 4050M
 Pre-touch: Disabled
 Parallel Workers: 15
 Concurrent Workers: 4
 Concurrent Refinement Workers: 15
 Periodic GC: Disabled

Heap:
 garbage-first heap   total reserved 4147200K, committed 71680K, used 46661K [0x0000000702e00000, 0x0000000800000000)
  region size 2048K, 19 young (38912K), 4 survivors (8192K)
 Metaspace       used 32324K, committed 32832K, reserved 1114112K
  class space    used 4315K, committed 4544K, reserved 1048576K

Heap Regions: E=young(eden), S=young(survivor), O=old, HS=humongous(starts), HC=humongous(continues), CS=collection set, F=free, TAMS=top-at-mark-start, PB=parsable bottom
|   0|0x0000000702e00000, 0x0000000703000000, 0x0000000703000000|100%| O|  |TAMS 0x0000000702e00000| PB 0x0000000702e00000| Untracked |  0
|   1|0x0000000703000000, 0x0000000703200000, 0x0000000703200000|100%| O|  |TAMS 0x0000000703000000| PB 0x0000000703000000| Untracked |  0
|   2|0x0000000703200000, 0x0000000703400000, 0x0000000703400000|100%| O|  |TAMS 0x0000000703200000| PB 0x0000000703200000| Untracked |  0
|   3|0x0000000703400000, 0x0000000703600000, 0x0000000703600000|100%| O|  |TAMS 0x0000000703400000| PB 0x0000000703400000| Untracked |  0
|   4|0x0000000703600000, 0x000000070368d360, 0x0000000703800000| 27%| O|  |TAMS 0x0000000703600000| PB 0x0000000703600000| Untracked |  0
|   5|0x0000000703800000, 0x0000000703800000, 0x0000000703a00000|  0%| F|  |TAMS 0x0000000703800000| PB 0x0000000703800000| Untracked |  0
|   6|0x0000000703a00000, 0x0000000703a00000, 0x0000000703c00000|  0%| F|  |TAMS 0x0000000703a00000| PB 0x0000000703a00000| Untracked |  0
|   7|0x0000000703c00000, 0x0000000703c00000, 0x0000000703e00000|  0%| F|  |TAMS 0x0000000703c00000| PB 0x0000000703c00000| Untracked |  0
|   8|0x0000000703e00000, 0x0000000703e00000, 0x0000000704000000|  0%| F|  |TAMS 0x0000000703e00000| PB 0x0000000703e00000| Untracked |  0
|   9|0x0000000704000000, 0x0000000704000000, 0x0000000704200000|  0%| F|  |TAMS 0x0000000704000000| PB 0x0000000704000000| Untracked |  0
|  10|0x0000000704200000, 0x0000000704200000, 0x0000000704400000|  0%| F|  |TAMS 0x0000000704200000| PB 0x0000000704200000| Untracked |  0
|  11|0x0000000704400000, 0x0000000704400000, 0x0000000704600000|  0%| F|  |TAMS 0x0000000704400000| PB 0x0000000704400000| Untracked |  0
|  12|0x0000000704600000, 0x0000000704600000, 0x0000000704800000|  0%| F|  |TAMS 0x0000000704600000| PB 0x0000000704600000| Untracked |  0
|  13|0x0000000704800000, 0x0000000704800000, 0x0000000704a00000|  0%| F|  |TAMS 0x0000000704800000| PB 0x0000000704800000| Untracked |  0
|  14|0x0000000704a00000, 0x0000000704a00000, 0x0000000704c00000|  0%| F|  |TAMS 0x0000000704a00000| PB 0x0000000704a00000| Untracked |  0
|  15|0x0000000704c00000, 0x0000000704e00000, 0x0000000704e00000|100%| E|  |TAMS 0x0000000704c00000| PB 0x0000000704c00000| Complete |  0
|  16|0x0000000704e00000, 0x0000000705000000, 0x0000000705000000|100%| E|CS|TAMS 0x0000000704e00000| PB 0x0000000704e00000| Complete |  0
|  17|0x0000000705000000, 0x0000000705200000, 0x0000000705200000|100%| E|CS|TAMS 0x0000000705000000| PB 0x0000000705000000| Complete |  0
|  18|0x0000000705200000, 0x0000000705400000, 0x0000000705400000|100%| E|CS|TAMS 0x0000000705200000| PB 0x0000000705200000| Complete |  0
|  19|0x0000000705400000, 0x0000000705600000, 0x0000000705600000|100%| E|CS|TAMS 0x0000000705400000| PB 0x0000000705400000| Complete |  0
|  20|0x0000000705600000, 0x0000000705800000, 0x0000000705800000|100%| E|CS|TAMS 0x0000000705600000| PB 0x0000000705600000| Complete |  0
|  21|0x0000000705800000, 0x0000000705a00000, 0x0000000705a00000|100%| E|CS|TAMS 0x0000000705800000| PB 0x0000000705800000| Complete |  0
|  22|0x0000000705a00000, 0x0000000705c00000, 0x0000000705c00000|100%| E|CS|TAMS 0x0000000705a00000| PB 0x0000000705a00000| Complete |  0
|  23|0x0000000705c00000, 0x0000000705e00000, 0x0000000705e00000|100%| E|CS|TAMS 0x0000000705c00000| PB 0x0000000705c00000| Complete |  0
|  24|0x0000000705e00000, 0x0000000706000000, 0x0000000706000000|100%| E|CS|TAMS 0x0000000705e00000| PB 0x0000000705e00000| Complete |  0
|  25|0x0000000706000000, 0x0000000706200000, 0x0000000706200000|100%| S|CS|TAMS 0x0000000706000000| PB 0x0000000706000000| Complete |  0
|  26|0x0000000706200000, 0x0000000706400000, 0x0000000706400000|100%| S|CS|TAMS 0x0000000706200000| PB 0x0000000706200000| Complete |  0
|  27|0x0000000706400000, 0x0000000706600000, 0x0000000706600000|100%| S|CS|TAMS 0x0000000706400000| PB 0x0000000706400000| Complete |  0
|  28|0x0000000706600000, 0x0000000706792550, 0x0000000706800000| 78%| S|CS|TAMS 0x0000000706600000| PB 0x0000000706600000| Complete |  0
|  99|0x000000070f400000, 0x000000070f600000, 0x000000070f600000|100%| E|CS|TAMS 0x000000070f400000| PB 0x000000070f400000| Complete |  0
| 100|0x000000070f600000, 0x000000070f800000, 0x000000070f800000|100%| E|CS|TAMS 0x000000070f600000| PB 0x000000070f600000| Complete |  0
| 101|0x000000070f800000, 0x000000070fa00000, 0x000000070fa00000|100%| E|CS|TAMS 0x000000070f800000| PB 0x000000070f800000| Complete |  0
| 102|0x000000070fa00000, 0x000000070fc00000, 0x000000070fc00000|100%| E|CS|TAMS 0x000000070fa00000| PB 0x000000070fa00000| Complete |  0
| 126|0x0000000712a00000, 0x0000000712c00000, 0x0000000712c00000|100%| E|CS|TAMS 0x0000000712a00000| PB 0x0000000712a00000| Complete |  0
|2024|0x00000007ffe00000, 0x00000007fff71d68, 0x0000000800000000| 72%| O|  |TAMS 0x00000007ffe00000| PB 0x00000007ffe00000| Untracked |  0

Card table byte_map: [0x000002121de30000,0x000002121e620000] _byte_map_base: 0x000002121a619000

Marking Bits: (CMBitMap*) 0x00000212054f14b0
 Bits: [0x000002121e620000, 0x0000021222568000)

Polling page: 0x00000212032b0000

Metaspace:

Usage:
  Non-class:     27.35 MB used.
      Class:      4.22 MB used.
       Both:     31.57 MB used.

Virtual space:
  Non-class space:       64.00 MB reserved,      27.62 MB ( 43%) committed,  1 nodes.
      Class space:        1.00 GB reserved,       4.44 MB ( <1%) committed,  1 nodes.
             Both:        1.06 GB reserved,      32.06 MB (  3%) committed. 

Chunk freelists:
   Non-Class:  3.95 MB
       Class:  11.53 MB
        Both:  15.48 MB

MaxMetaspaceSize: unlimited
CompressedClassSpaceSize: 1.00 GB
Initial GC threshold: 21.00 MB
Current GC threshold: 35.25 MB
CDS: on
 - commit_granule_bytes: 65536.
 - commit_granule_words: 8192.
 - virtual_space_node_default_size: 8388608.
 - enlarge_chunks_in_place: 1.
 - use_allocation_guard: 0.


Internal statistics:

num_allocs_failed_limit: 3.
num_arena_births: 544.
num_arena_deaths: 0.
num_vsnodes_births: 2.
num_vsnodes_deaths: 0.
num_space_committed: 513.
num_space_uncommitted: 0.
num_chunks_returned_to_freelist: 3.
num_chunks_taken_from_freelist: 1717.
num_chunk_merges: 3.
num_chunk_splits: 1119.
num_chunks_enlarged: 782.
num_inconsistent_stats: 0.

CodeHeap 'non-profiled nmethods': size=119232Kb used=2141Kb max_used=2141Kb free=117091Kb
 bounds [0x0000021215730000, 0x00000212159a0000, 0x000002121cba0000]
CodeHeap 'profiled nmethods': size=119104Kb used=7963Kb max_used=7963Kb free=111140Kb
 bounds [0x000002120dba0000, 0x000002120e370000, 0x0000021214ff0000]
CodeHeap 'non-nmethods': size=7424Kb used=3159Kb max_used=3238Kb free=4265Kb
 bounds [0x0000021214ff0000, 0x0000021215330000, 0x0000021215730000]
CodeCache: size=245760Kb, used=13263Kb, max_used=13342Kb, free=232496Kb
 total_blobs=5519, nmethods=4954, adapters=467, full_count=0
Compilation: enabled, stopped_count=0, restarted_count=0

Compilation events (20 events):
Event: 1.855 Thread 0x0000021225a5adb0 nmethod 4942 0x000002120e360b88 code [0x000002120e360d60, 0x000002120e361568]
Event: 1.855 Thread 0x0000021225a5adb0 4945       3       java.security.MessageDigest$Delegate::engineUpdate (11 bytes)
Event: 1.855 Thread 0x0000021225a5adb0 nmethod 4945 0x000002120e361608 code [0x000002120e361720, 0x000002120e361900]
Event: 1.855 Thread 0x0000021225889f50 nmethod 4943 0x000002120e361988 code [0x000002120e361b80, 0x000002120e362758]
Event: 1.855 Thread 0x0000021225a5d480 nmethod 4938 0x000002120e362808 code [0x000002120e3629a0, 0x000002120e363070]
Event: 1.855 Thread 0x0000021225a29320 nmethod 4941 0x000002120e363108 code [0x000002120e363340, 0x000002120e3641c0]
Event: 1.855 Thread 0x0000021225a29320 4948       1       java.util.concurrent.atomic.AtomicLong::get (5 bytes)
Event: 1.855 Thread 0x0000021225a29320 nmethod 4948 0x0000021215938588 code [0x00000212159386a0, 0x0000021215938770]
Event: 1.856 Thread 0x0000021225889f50 4951       3       java.util.Random::nextBoolean (14 bytes)
Event: 1.856 Thread 0x0000021225a29320 4952       3       java.util.Random::next (47 bytes)
Event: 1.856 Thread 0x0000021225a5d480 4950       3       java.util.concurrent.atomic.AtomicLong::compareAndSet (13 bytes)
Event: 1.856 Thread 0x0000021225889f50 nmethod 4951 0x000002120e364288 code [0x000002120e3643c0, 0x000002120e3645e8]
Event: 1.856 Thread 0x0000021225a5d480 nmethod 4950 0x000002120e364608 code [0x000002120e364720, 0x000002120e364848]
Event: 1.856 Thread 0x0000021225a29320 nmethod 4952 0x000002120e364908 code [0x000002120e364a40, 0x000002120e364ca8]
Event: 1.858 Thread 0x0000021225a29320 4955       3       java.lang.Integer::rotateRight (9 bytes)
Event: 1.858 Thread 0x0000021225a29320 nmethod 4955 0x000002120e364d08 code [0x000002120e364e20, 0x000002120e364f20]
Event: 1.858 Thread 0x0000021225a29320 4956       3       java.lang.invoke.VarHandle::checkAccessModeThenIsDirect (29 bytes)
Event: 1.858 Thread 0x0000021225889f50 4959       3       java.security.Provider::checkInitialized (16 bytes)
Event: 1.858 Thread 0x0000021225a29320 nmethod 4956 0x000002120e365008 code [0x000002120e3651a0, 0x000002120e365a50]
Event: 1.858 Thread 0x0000021225889f50 nmethod 4959 0x000002120e365a88 code [0x000002120e365bc0, 0x000002120e365dc0]

GC Heap History (8 events):
Event: 0.340 GC heap before
{Heap before GC invocations=0 (full 0):
 garbage-first heap   total reserved 4147200K, committed 260096K, used 22528K [0x0000000702e00000, 0x0000000800000000)
  region size 2048K, 12 young (24576K), 0 survivors (0K)
 Metaspace       used 5437K, committed 5696K, reserved 1114112K
  class space    used 643K, committed 768K, reserved 1048576K
}
Event: 0.343 GC heap after
{Heap after GC invocations=1 (full 0):
 garbage-first heap   total reserved 4147200K, committed 260096K, used 8781K [0x0000000702e00000, 0x0000000800000000)
  region size 2048K, 2 young (4096K), 2 survivors (4096K)
 Metaspace       used 5437K, committed 5696K, reserved 1114112K
  class space    used 643K, committed 768K, reserved 1048576K
}
Event: 0.562 GC heap before
{Heap before GC invocations=1 (full 0):
 garbage-first heap   total reserved 4147200K, committed 260096K, used 27213K [0x0000000702e00000, 0x0000000800000000)
  region size 2048K, 11 young (22528K), 2 survivors (4096K)
 Metaspace       used 9899K, committed 10176K, reserved 1114112K
  class space    used 1292K, committed 1408K, reserved 1048576K
}
Event: 0.565 GC heap after
{Heap after GC invocations=2 (full 0):
 garbage-first heap   total reserved 4147200K, committed 260096K, used 10451K [0x0000000702e00000, 0x0000000800000000)
  region size 2048K, 1 young (2048K), 1 survivors (2048K)
 Metaspace       used 9899K, committed 10176K, reserved 1114112K
  class space    used 1292K, committed 1408K, reserved 1048576K
}
Event: 0.905 GC heap before
{Heap before GC invocations=2 (full 0):
 garbage-first heap   total reserved 4147200K, committed 260096K, used 55507K [0x0000000702e00000, 0x0000000800000000)
  region size 2048K, 25 young (51200K), 1 survivors (2048K)
 Metaspace       used 21221K, committed 21504K, reserved 1114112K
  class space    used 2725K, committed 2880K, reserved 1048576K
}
Event: 0.908 GC heap after
{Heap after GC invocations=3 (full 0):
 garbage-first heap   total reserved 4147200K, committed 260096K, used 16233K [0x0000000702e00000, 0x0000000800000000)
  region size 2048K, 3 young (6144K), 3 survivors (6144K)
 Metaspace       used 21221K, committed 21504K, reserved 1114112K
  class space    used 2725K, committed 2880K, reserved 1048576K
}
Event: 1.427 GC heap before
{Heap before GC invocations=4 (full 0):
 garbage-first heap   total reserved 4147200K, committed 61440K, used 59241K [0x0000000702e00000, 0x0000000800000000)
  region size 2048K, 24 young (49152K), 3 survivors (6144K)
 Metaspace       used 27177K, committed 27520K, reserved 1114112K
  class space    used 3555K, committed 3712K, reserved 1048576K
}
Event: 1.431 GC heap after
{Heap after GC invocations=5 (full 0):
 garbage-first heap   total reserved 4147200K, committed 71680K, used 17989K [0x0000000702e00000, 0x0000000800000000)
  region size 2048K, 4 young (8192K), 4 survivors (8192K)
 Metaspace       used 27177K, committed 27520K, reserved 1114112K
  class space    used 3555K, committed 3712K, reserved 1048576K
}

Dll operation events (7 events):
Event: 0.004 Loaded shared library C:\Users\davit\.jdks\openjdk-23.0.2\bin\java.dll
Event: 0.024 Loaded shared library C:\Users\davit\.jdks\openjdk-23.0.2\bin\jsvml.dll
Event: 0.063 Loaded shared library C:\Users\davit\.jdks\openjdk-23.0.2\bin\net.dll
Event: 0.064 Loaded shared library C:\Users\davit\.jdks\openjdk-23.0.2\bin\nio.dll
Event: 0.065 Loaded shared library C:\Users\davit\.jdks\openjdk-23.0.2\bin\zip.dll
Event: 0.128 Loaded shared library C:\Users\davit\.jdks\openjdk-23.0.2\bin\jimage.dll
Event: 1.060 Loaded shared library C:\Users\davit\.jdks\openjdk-23.0.2\bin\sunmscapi.dll

Deoptimization events (20 events):
Event: 1.708 Thread 0x0000021202fc9670 DEOPT PACKING pc=0x000002120e09400e sp=0x000000c29dffd060
Event: 1.708 Thread 0x0000021202fc9670 DEOPT UNPACKING pc=0x0000021215044b22 sp=0x000000c29dffc548 mode 0
Event: 1.751 Thread 0x0000021202fc9670 Uncommon trap: trap_request=0xffffff45 fr.pc=0x0000021215910080 relative=0x00000000000011a0
Event: 1.751 Thread 0x0000021202fc9670 Uncommon trap: reason=unstable_if action=reinterpret pc=0x0000021215910080 method=org.springframework.beans.factory.support.AbstractAutowireCapableBeanFactory.predictBeanType(Ljava/lang/String;Lorg/springframework/beans/factory/support/RootBeanDefinition;
Event: 1.751 Thread 0x0000021202fc9670 DEOPT PACKING pc=0x0000021215910080 sp=0x000000c29dffd0a0
Event: 1.751 Thread 0x0000021202fc9670 DEOPT UNPACKING pc=0x0000021215044402 sp=0x000000c29dffcff8 mode 2
Event: 1.834 Thread 0x0000021202fc9670 DEOPT PACKING pc=0x000002120e09e665 sp=0x000000c29dffdb50
Event: 1.835 Thread 0x0000021202fc9670 DEOPT UNPACKING pc=0x0000021215044b22 sp=0x000000c29dffd040 mode 0
Event: 1.837 Thread 0x0000021202fc9670 Uncommon trap: trap_request=0xffffff45 fr.pc=0x00000212158656e0 relative=0x00000000000002a0
Event: 1.837 Thread 0x0000021202fc9670 Uncommon trap: reason=unstable_if action=reinterpret pc=0x00000212158656e0 method=java.util.LinkedHashMap.get(Ljava/lang/Object;)Ljava/lang/Object; @ 16 c2
Event: 1.837 Thread 0x0000021202fc9670 DEOPT PACKING pc=0x00000212158656e0 sp=0x000000c29dffe520
Event: 1.837 Thread 0x0000021202fc9670 DEOPT UNPACKING pc=0x0000021215044402 sp=0x000000c29dffe4c8 mode 2
Event: 1.840 Thread 0x0000021202fc9670 DEOPT PACKING pc=0x000002120e09e665 sp=0x000000c29dffdf50
Event: 1.840 Thread 0x0000021202fc9670 DEOPT UNPACKING pc=0x0000021215044b22 sp=0x000000c29dffd440 mode 0
Event: 1.840 Thread 0x0000021202fc9670 DEOPT PACKING pc=0x000002120e09e665 sp=0x000000c29dffdf50
Event: 1.840 Thread 0x0000021202fc9670 DEOPT UNPACKING pc=0x0000021215044b22 sp=0x000000c29dffd440 mode 0
Event: 1.856 Thread 0x0000021202fc9670 Uncommon trap: trap_request=0xffffff45 fr.pc=0x00000212158a9ce4 relative=0x0000000000000064
Event: 1.856 Thread 0x0000021202fc9670 Uncommon trap: reason=unstable_if action=reinterpret pc=0x00000212158a9ce4 method=java.lang.invoke.VarHandle.checkAccessModeThenIsDirect(Ljava/lang/invoke/VarHandle$AccessDescriptor;)Z @ 4 c2
Event: 1.856 Thread 0x0000021202fc9670 DEOPT PACKING pc=0x00000212158a9ce4 sp=0x000000c29dffd980
Event: 1.856 Thread 0x0000021202fc9670 DEOPT UNPACKING pc=0x0000021215044402 sp=0x000000c29dffd920 mode 2

Classes loaded (20 events):
Event: 1.849 Loading class sun/security/util/MessageDigestSpi2
Event: 1.849 Loading class sun/security/util/MessageDigestSpi2 done
Event: 1.849 Loading class java/security/MessageDigest$Delegate done
Event: 1.849 Loading class java/security/MessageDigest$Delegate$CloneableDelegate
Event: 1.849 Loading class java/security/MessageDigest$Delegate$CloneableDelegate done
Event: 1.849 Loading class sun/security/provider/SeedGenerator$1
Event: 1.849 Loading class sun/security/provider/SeedGenerator$1 done
Event: 1.849 Loading class sun/security/provider/ByteArrayAccess
Event: 1.849 Loading class sun/security/provider/ByteArrayAccess done
Event: 1.849 Loading class sun/security/provider/ByteArrayAccess$BE
Event: 1.849 Loading class sun/security/provider/ByteArrayAccess$BE done
Event: 1.853 Loading class java/net/NetworkInterface$1
Event: 1.853 Loading class java/net/NetworkInterface$1 done
Event: 1.857 Loading class sun/security/provider/AbstractDrbg$NonceProvider
Event: 1.857 Loading class sun/security/provider/AbstractDrbg$NonceProvider done
Event: 1.858 Loading class sun/security/provider/SHA2$SHA256
Event: 1.858 Loading class sun/security/provider/SHA2
Event: 1.858 Loading class sun/security/provider/SHA2 done
Event: 1.858 Loading class sun/security/provider/SHA2$SHA256 done
Event: 1.858 Loading class sun/nio/fs/WindowsPath$1

Classes unloaded (0 events):
No events

Classes redefined (0 events):
No events

Internal exceptions (20 events):
Event: 1.537 Thread 0x0000021202fc9670 Exception <a 'java/lang/NoClassDefFoundError'{0x000000070f6bea90}: org/springframework/batch/core/repository/JobRepository> (0x000000070f6bea90) 
thrown [s\open\src\hotspot\share\classfile\systemDictionary.cpp, line 302]
Event: 1.537 Thread 0x0000021202fc9670 Exception <a 'java/lang/NoClassDefFoundError'{0x000000070f6bfdf8}: org/quartz/Scheduler> (0x000000070f6bfdf8) 
thrown [s\open\src\hotspot\share\classfile\systemDictionary.cpp, line 302]
Event: 1.537 Thread 0x0000021202fc9670 Exception <a 'java/lang/NoClassDefFoundError'{0x000000070f6c1718}: org/springframework/session/jdbc/JdbcIndexedSessionRepository> (0x000000070f6c1718) 
thrown [s\open\src\hotspot\share\classfile\systemDictionary.cpp, line 302]
Event: 1.557 Thread 0x0000021202fc9670 Exception <a 'java/lang/NoClassDefFoundError'{0x000000070f5ea548}: org/jooq/DSLContext> (0x000000070f5ea548) 
thrown [s\open\src\hotspot\share\classfile\systemDictionary.cpp, line 302]
Event: 1.579 Thread 0x0000021202fc9670 Exception <a 'java/lang/NoSuchMethodError'{0x0000000705f86070}: 'void java.lang.invoke.DirectMethodHandle$Holder.invokeVirtual(java.lang.Object, java.lang.Object, int)'> (0x0000000705f86070) 
thrown [s\open\src\hotspot\share\interpreter\linkResolver.cpp, line 796]
Event: 1.580 Thread 0x0000021202fc9670 Exception <a 'java/lang/NoSuchMethodError'{0x0000000705f97f30}: 'java.lang.Object java.lang.invoke.DirectMethodHandle$Holder.invokeStatic(java.lang.Object, java.lang.Object, java.lang.Object, java.lang.Object, int)'> (0x0000000705f97f30) 
thrown [s\open\src\hotspot\share\interpreter\linkResolver.cpp, line 796]
Event: 1.580 Thread 0x0000021202fc9670 Exception <a 'java/lang/NoSuchMethodError'{0x0000000705fa2670}: 'void java.lang.invoke.DelegatingMethodHandle$Holder.reinvoke_L(java.lang.Object, java.lang.Object, int)'> (0x0000000705fa2670) 
thrown [s\open\src\hotspot\share\interpreter\linkResolver.cpp, line 796]
Event: 1.611 Thread 0x0000021202fc9670 Exception <a 'java/lang/IncompatibleClassChangeError'{0x0000000705da7f88}: Found class java.lang.Object, but interface was expected> (0x0000000705da7f88) 
thrown [s\open\src\hotspot\share\interpreter\linkResolver.cpp, line 863]
Event: 1.642 Thread 0x0000021202fc9670 Exception <a 'java/lang/NoSuchMethodError'{0x0000000705b95f40}: 'int java.lang.invoke.DirectMethodHandle$Holder.invokeSpecialIFC(java.lang.Object, java.lang.Object, java.lang.Object)'> (0x0000000705b95f40) 
thrown [s\open\src\hotspot\share\interpreter\linkResolver.cpp, line 796]
Event: 1.689 Thread 0x0000021202fc9670 Exception <a 'java/lang/NoSuchMethodError'{0x000000070599d3f0}: 'java.lang.Object java.lang.invoke.DirectMethodHandle$Holder.invokeSpecialIFC(java.lang.Object, java.lang.Object, java.lang.Object)'> (0x000000070599d3f0) 
thrown [s\open\src\hotspot\share\interpreter\linkResolver.cpp, line 796]
Event: 1.698 Thread 0x0000021202fc9670 Exception <a 'java/lang/NoSuchMethodError'{0x0000000705600e98}: 'java.lang.Object java.lang.invoke.DirectMethodHandle$Holder.invokeVirtual(java.lang.Object, java.lang.Object, java.lang.Object, java.lang.Object, java.lang.Object)'> (0x0000000705600e98) 
thrown [s\open\src\hotspot\share\interpreter\linkResolver.cpp, line 796]
Event: 1.749 Thread 0x0000021202fc9670 Exception <a 'java/lang/NoSuchMethodError'{0x0000000705482db0}: 'java.lang.Object java.lang.invoke.DirectMethodHandle$Holder.invokeVirtual(java.lang.Object, java.lang.Object, java.lang.Object, java.lang.Object, java.lang.Object, java.lang.Object)'> (0x0000000705482db0) 
thrown [s\open\src\hotspot\share\interpreter\linkResolver.cpp, line 796]
Event: 1.778 Thread 0x0000021202fc9670 Exception <a 'java/lang/NoSuchMethodError'{0x00000007055f93e8}: 'void java.lang.invoke.DirectMethodHandle$Holder.invokeInterface(java.lang.Object, java.lang.Object, int)'> (0x00000007055f93e8) 
thrown [s\open\src\hotspot\share\interpreter\linkResolver.cpp, line 796]
Event: 1.782 Thread 0x0000021202fc9670 Exception <a 'java/lang/IncompatibleClassChangeError'{0x000000070523cc38}: Found class java.lang.Object, but interface was expected> (0x000000070523cc38) 
thrown [s\open\src\hotspot\share\interpreter\linkResolver.cpp, line 863]
Event: 1.788 Thread 0x0000021202fc9670 Exception <a 'java/lang/NoSuchMethodError'{0x000000070528d538}: 'void java.lang.invoke.DirectMethodHandle$Holder.invokeStatic(java.lang.Object, java.lang.Object, java.lang.Object, int, java.lang.Object)'> (0x000000070528d538) 
thrown [s\open\src\hotspot\share\interpreter\linkResolver.cpp, line 796]
Event: 1.789 Thread 0x0000021202fc9670 Exception <a 'java/lang/NoSuchMethodError'{0x0000000705293d80}: 'java.lang.Object java.lang.invoke.DirectMethodHandle$Holder.newInvokeSpecial(java.lang.Object, java.lang.Object, java.lang.Object, int)'> (0x0000000705293d80) 
thrown [s\open\src\hotspot\share\interpreter\linkResolver.cpp, line 796]
Event: 1.789 Thread 0x0000021202fc9670 Exception <a 'java/lang/NoSuchMethodError'{0x0000000705297b98}: 'java.lang.Object java.lang.invoke.DirectMethodHandle$Holder.invokeSpecial(java.lang.Object, java.lang.Object, java.lang.Object, java.lang.Object, int)'> (0x0000000705297b98) 
thrown [s\open\src\hotspot\share\interpreter\linkResolver.cpp, line 796]
Event: 1.789 Thread 0x0000021202fc9670 Exception <a 'java/lang/NoSuchMethodError'{0x000000070529b038}: 'java.lang.Object java.lang.invoke.Invokers$Holder.linkToTargetMethod(java.lang.Object, java.lang.Object, int, java.lang.Object)'> (0x000000070529b038) 
thrown [s\open\src\hotspot\share\interpreter\linkResolver.cpp, line 796]
Event: 1.846 Thread 0x0000021202fc9670 Exception <a 'java/lang/NoSuchMethodError'{0x0000000704fb6690}: 'java.lang.Object java.lang.invoke.DirectMethodHandle$Holder.invokeStaticInit(java.lang.Object, int, int, int, int)'> (0x0000000704fb6690) 
thrown [s\open\src\hotspot\share\interpreter\linkResolver.cpp, line 796]
Event: 1.857 Thread 0x0000021202fc9670 Exception <a 'java/lang/NoSuchMethodError'{0x0000000704c5c020}: 'java.lang.Object java.lang.invoke.DirectMethodHandle$Holder.invokeStaticInit(java.lang.Object, java.lang.Object, int, int, int, int)'> (0x0000000704c5c020) 
thrown [s\open\src\hotspot\share\interpreter\linkResolver.cpp, line 796]

VM Operations (20 events):
Event: 1.315 Executing VM operation: HandshakeAllThreads (Deoptimize)
Event: 1.315 Executing VM operation: HandshakeAllThreads (Deoptimize) done
Event: 1.315 Executing VM operation: HandshakeAllThreads (Deoptimize)
Event: 1.315 Executing VM operation: HandshakeAllThreads (Deoptimize) done
Event: 1.319 Executing VM operation: HandshakeAllThreads (Deoptimize)
Event: 1.319 Executing VM operation: HandshakeAllThreads (Deoptimize) done
Event: 1.319 Executing VM operation: HandshakeAllThreads (Deoptimize)
Event: 1.319 Executing VM operation: HandshakeAllThreads (Deoptimize) done
Event: 1.357 Executing VM operation: HandshakeAllThreads (Deoptimize)
Event: 1.357 Executing VM operation: HandshakeAllThreads (Deoptimize) done
Event: 1.427 Executing VM operation: G1CollectForAllocation (G1 Evacuation Pause)
Event: 1.431 Executing VM operation: G1CollectForAllocation (G1 Evacuation Pause) done
Event: 1.492 Executing VM operation: HandshakeAllThreads (Deoptimize)
Event: 1.492 Executing VM operation: HandshakeAllThreads (Deoptimize) done
Event: 1.494 Executing VM operation: HandshakeAllThreads (Deoptimize)
Event: 1.494 Executing VM operation: HandshakeAllThreads (Deoptimize) done
Event: 1.585 Executing VM operation: HandshakeAllThreads (Deoptimize)
Event: 1.585 Executing VM operation: HandshakeAllThreads (Deoptimize) done
Event: 1.596 Executing VM operation: HandshakeAllThreads (Deoptimize)
Event: 1.596 Executing VM operation: HandshakeAllThreads (Deoptimize) done

Memory protections (0 events):
No events

Nmethod flushes (0 events):
No events

Events (20 events):
Event: 0.022 Thread 0x0000021202fc9670 Thread added: 0x000002122510d810
Event: 0.022 Thread 0x0000021202fc9670 Thread added: 0x0000021225880080
Event: 0.022 Thread 0x0000021202fc9670 Thread added: 0x0000021225889f50
Event: 0.057 Thread 0x0000021225889f50 Thread added: 0x0000021225a29320
Event: 0.058 Thread 0x0000021225889f50 Thread added: 0x0000021225a5adb0
Event: 0.058 Thread 0x0000021225889f50 Thread added: 0x0000021225a5d480
Event: 0.059 Thread 0x0000021202fc9670 Thread added: 0x0000021225a727d0
Event: 0.060 Thread 0x0000021202fc9670 Thread added: 0x0000021225a79620
Event: 0.073 Thread 0x0000021225a5d480 Thread added: 0x0000021225bc2e70
Event: 0.073 Thread 0x0000021225a5d480 Thread added: 0x0000021225bc5210
Event: 0.152 Thread 0x0000021225a29320 Thread added: 0x000002126b850e10
Event: 0.152 Thread 0x0000021225a29320 Thread added: 0x000002126b5c84e0
Event: 0.333 Thread 0x000002126b5c84e0 Thread exited: 0x000002126b5c84e0
Event: 0.551 Thread 0x0000021202fc9670 Thread added: 0x000002126c402810
Event: 0.807 Thread 0x0000021225880080 Thread added: 0x000002126dbc9820
Event: 0.807 Thread 0x0000021225880080 Thread added: 0x000002126e099bb0
Event: 0.811 Thread 0x0000021202fc9670 Thread added: 0x000002126e17c310
Event: 0.846 Thread 0x000002126e17c310 Thread exited: 0x000002126e17c310
Event: 1.075 Thread 0x000002126c402810 Thread exited: 0x000002126c402810
Event: 1.851 Thread 0x0000021225a5adb0 Thread added: 0x000002126c7699f0


Dynamic libraries:
0x00007ff71e820000 - 0x00007ff71e82e000 	C:\Users\davit\.jdks\openjdk-23.0.2\bin\java.exe
0x00007ff9041f0000 - 0x00007ff904407000 	C:\Windows\SYSTEM32\ntdll.dll
0x00007ff9030b0000 - 0x00007ff903174000 	C:\Windows\System32\KERNEL32.DLL
0x00007ff9016a0000 - 0x00007ff901a71000 	C:\Windows\System32\KERNELBASE.dll
0x00007ff901500000 - 0x00007ff901611000 	C:\Windows\System32\ucrtbase.dll
0x00007ff8e7dd0000 - 0x00007ff8e7de7000 	C:\Users\davit\.jdks\openjdk-23.0.2\bin\jli.dll
0x00007ff8d1a60000 - 0x00007ff8d1a7b000 	C:\Users\davit\.jdks\openjdk-23.0.2\bin\VCRUNTIME140.dll
0x00007ff901ec0000 - 0x00007ff902071000 	C:\Windows\System32\USER32.dll
0x00007ff901e90000 - 0x00007ff901eb6000 	C:\Windows\System32\win32u.dll
0x00007ff904100000 - 0x00007ff904129000 	C:\Windows\System32\GDI32.dll
0x00007ff8ed020000 - 0x00007ff8ed2b2000 	C:\Windows\WinSxS\amd64_microsoft.windows.common-controls_6595b64144ccf1df_6.0.22621.4830_none_270fe7d773858e80\COMCTL32.dll
0x00007ff9013b0000 - 0x00007ff9014cb000 	C:\Windows\System32\gdi32full.dll
0x00007ff901a80000 - 0x00007ff901b1a000 	C:\Windows\System32\msvcp_win.dll
0x00007ff902da0000 - 0x00007ff902e47000 	C:\Windows\System32\msvcrt.dll
0x00007ff903490000 - 0x00007ff9034c1000 	C:\Windows\System32\IMM32.DLL
0x00007ff8ec810000 - 0x00007ff8ec81c000 	C:\Users\davit\.jdks\openjdk-23.0.2\bin\vcruntime140_1.dll
0x00007ff8bd270000 - 0x00007ff8bd2fe000 	C:\Users\davit\.jdks\openjdk-23.0.2\bin\msvcp140.dll
0x00007ff86a1f0000 - 0x00007ff86af40000 	C:\Users\davit\.jdks\openjdk-23.0.2\bin\server\jvm.dll
0x00007ff902ef0000 - 0x00007ff902fa1000 	C:\Windows\System32\ADVAPI32.dll
0x00007ff903f00000 - 0x00007ff903fa7000 	C:\Windows\System32\sechost.dll
0x00007ff9014d0000 - 0x00007ff9014f8000 	C:\Windows\System32\bcrypt.dll
0x00007ff902250000 - 0x00007ff902364000 	C:\Windows\System32\RPCRT4.dll
0x00007ff9035e0000 - 0x00007ff903651000 	C:\Windows\System32\WS2_32.dll
0x00007ff900dc0000 - 0x00007ff900e0d000 	C:\Windows\SYSTEM32\POWRPROF.dll
0x00007ff8fa7a0000 - 0x00007ff8fa7aa000 	C:\Windows\SYSTEM32\VERSION.dll
0x00007ff8f8c60000 - 0x00007ff8f8c94000 	C:\Windows\SYSTEM32\WINMM.dll
0x00007ff900d20000 - 0x00007ff900d33000 	C:\Windows\SYSTEM32\UMPDC.dll
0x00007ff900340000 - 0x00007ff900358000 	C:\Windows\SYSTEM32\kernel.appcore.dll
0x00007ff8e7dc0000 - 0x00007ff8e7dca000 	C:\Users\davit\.jdks\openjdk-23.0.2\bin\jimage.dll
0x00007ff8f6020000 - 0x00007ff8f6252000 	C:\Windows\SYSTEM32\DBGHELP.DLL
0x00007ff902530000 - 0x00007ff9028c0000 	C:\Windows\System32\combase.dll
0x00007ff9033b0000 - 0x00007ff903487000 	C:\Windows\System32\OLEAUT32.dll
0x00007ff8ddfe0000 - 0x00007ff8de012000 	C:\Windows\SYSTEM32\dbgcore.DLL
0x00007ff901330000 - 0x00007ff9013ab000 	C:\Windows\System32\bcryptPrimitives.dll
0x00007ff8cb380000 - 0x00007ff8cb39e000 	C:\Users\davit\.jdks\openjdk-23.0.2\bin\java.dll
0x00007ff903180000 - 0x00007ff903321000 	C:\Windows\System32\ole32.dll
0x00007ff903670000 - 0x00007ff903ef8000 	C:\Windows\System32\SHELL32.dll
0x00007ff901b20000 - 0x00007ff901c5f000 	C:\Windows\System32\wintypes.dll
0x00007ff8ff240000 - 0x00007ff8ffb4c000 	C:\Windows\SYSTEM32\windows.storage.dll
0x00007ff903fb0000 - 0x00007ff9040ba000 	C:\Windows\System32\SHCORE.dll
0x00007ff9028c0000 - 0x00007ff90291e000 	C:\Windows\System32\shlwapi.dll
0x00007ff901260000 - 0x00007ff90128b000 	C:\Windows\SYSTEM32\profapi.dll
0x00007ff8bd190000 - 0x00007ff8bd267000 	C:\Users\davit\.jdks\openjdk-23.0.2\bin\jsvml.dll
0x00007ff8bd180000 - 0x00007ff8bd190000 	C:\Users\davit\.jdks\openjdk-23.0.2\bin\net.dll
0x00007ff9007a0000 - 0x00007ff90080a000 	C:\Windows\system32\mswsock.dll
0x00007ff8bd160000 - 0x00007ff8bd176000 	C:\Users\davit\.jdks\openjdk-23.0.2\bin\nio.dll
0x00007ff8cb360000 - 0x00007ff8cb377000 	C:\Users\davit\.jdks\openjdk-23.0.2\bin\zip.dll
0x00007ff8bd090000 - 0x00007ff8bd09e000 	C:\Users\davit\.jdks\openjdk-23.0.2\bin\sunmscapi.dll
0x00007ff901d20000 - 0x00007ff901e86000 	C:\Windows\System32\CRYPT32.dll
0x00007ff900ba0000 - 0x00007ff900bcd000 	C:\Windows\SYSTEM32\ncrypt.dll
0x00007ff900b50000 - 0x00007ff900b87000 	C:\Windows\SYSTEM32\NTASN1.dll
0x00007ff900bd0000 - 0x00007ff900beb000 	C:\Windows\SYSTEM32\CRYPTSP.dll
0x00007ff9002a0000 - 0x00007ff9002d7000 	C:\Windows\system32\rsaenh.dll
0x00007ff900840000 - 0x00007ff900868000 	C:\Windows\SYSTEM32\USERENV.dll
0x00007ff9009a0000 - 0x00007ff9009ac000 	C:\Windows\SYSTEM32\CRYPTBASE.dll
0x00007ff8ffdb0000 - 0x00007ff8ffddd000 	C:\Windows\SYSTEM32\IPHLPAPI.DLL
0x00007ff903660000 - 0x00007ff903669000 	C:\Windows\System32\NSI.dll

dbghelp: loaded successfully - version: 4.0.5 - missing functions: none
symbol engine: initialized successfully - sym options: 0x614 - pdb path: .;C:\Users\davit\.jdks\openjdk-23.0.2\bin;C:\Windows\SYSTEM32;C:\Windows\WinSxS\amd64_microsoft.windows.common-controls_6595b64144ccf1df_6.0.22621.4830_none_270fe7d773858e80;C:\Users\davit\.jdks\openjdk-23.0.2\bin\server

VM Arguments:
jvm_args: -Dspring.profiles.active=local -Dfile.encoding=UTF-8 -Duser.country=US -Duser.language=en -Duser.variant 
java_command: davlaga.demo.DemoApplication
java_class_path (initial): C:\Users\davit\Desktop\springdemo\build\classes\java\main;C:\Users\davit\Desktop\springdemo\build\resources\main;C:\Users\davit\.gradle\caches\modules-2\files-2.1\org.springframework.boot\spring-boot-starter-web\3.5.0-M1\b3ec85fe1a60579457bae0a01b5bb0cd44d80a30\spring-boot-starter-web-3.5.0-M1.jar;C:\Users\davit\.gradle\caches\modules-2\files-2.1\org.springframework.boot\spring-boot-starter-data-jpa\3.5.0-M1\2c5e0d819aeb4e8d9309bf1d35c52cc70e5a32a9\spring-boot-starter-data-jpa-3.5.0-M1.jar;C:\Users\davit\.gradle\caches\modules-2\files-2.1\org.springframework.boot\spring-boot-starter-validation\3.5.0-M1\9f3867623ee82b03f82a3eddcbb4d7a6ebbc3f4d\spring-boot-starter-validation-3.5.0-M1.jar;C:\Users\davit\.gradle\caches\modules-2\files-2.1\org.springframework.boot\spring-boot-starter-security\3.5.0-M1\aaf3b8fa9eb076ed9b2528324a6039f8fda4a987\spring-boot-starter-security-3.5.0-M1.jar;C:\Users\davit\.gradle\caches\modules-2\files-2.1\org.springframework.boot\spring-boot-starter-json\3.5.0-M1\c19e6ec9fd1ede581e44d66cb8be68256402693a\spring-boot-starter-json-3.5.0-M1.jar;C:\Users\davit\.gradle\caches\modules-2\files-2.1\org.springframework.boot\spring-boot-starter-jdbc\3.5.0-M1\d1ea99eb5c6ab85252f97f714dcf0bb2aa8c4f12\spring-boot-starter-jdbc-3.5.0-M1.jar;C:\Users\davit\.gradle\caches\modules-2\files-2.1\org.springframework.boot\spring-boot-starter\3.5.0-M1\4ea7d31361a02c51c3e26a6edc93aa703d9fe704\spring-boot-starter-3.5.0-M1.jar;C:\Users\davit\.gradle\caches\modules-2\files-2.1\org.postgresql\postgresql\42.7.4\264310fd7b2cd76738787dc0b9f7ea2e3b11adc1\postgresql-42.7.4.jar;C:\Users\davit\.gradle\caches\modules-2\files-2.1\org.liquibase\liquibase-core\4.30.0\6c04e7d73e4b967ea7a5506a3efaa4cb1c9520df\liquibase-core-4.30.0.jar;C:\Users\davit\.gradle\caches\modules-2\files-2.1\com.nimbusds\nimbus-jose-jwt\10.0.1\372e4d6fc73c96360d0e8967e3dc7bb3dd655fe3\nimbus-jose-jwt-10.0.1.jar;C:\Users\davit\.gradle\caches\modules-2\files-2.1\software.amazon.awssdk\s3\2.20.129\b79dc95b64ce262e5e178399c7b78ef1e2dfde06\s3-2.20.129.jar;C:\Users\davit\.gradle\caches\modules-2\files-2.1\software.amazon.awssdk\aws-xml-protocol\2.20.129\ddb71d940ef80402657cda66f1f181b32835e917\aws-xml-protocol-2.20.129.jar;C:\Users\davit\.gradle\caches\modules-2\files-2.1\software.amazon.awssdk\aws-query-protocol\2.20.129\bfed8b3bb61b6305f0f93f8124b05ed0352c3611\aws-query-protocol-2.20.129.jar;C:\Users\davit\.gradle\caches\modules-2\files-2.1\software.amazon.awssdk\aws-core\2.20.129\cc85a11385fa032b9acd8fdb47f86efbef7f0ab2\aws-core-2.20.129.jar;C:\Users\davit\.gradle\caches\modules-2\files-2.1\software.amazon.awssdk\auth\2.20.129\cab40db9c43ee442c2ddf0882cd8ba195f2f4c42\auth-2.20.129.jar;C:\Users\davit\.gradle\caches\modules-2\files-2.1\org.springframework.boot\spring-boot-autoconfigure\3.5.0-M1\8365497d6f4c977946daf9312265123c80f574df\spring-boot-autoconfigure-3.5.0-M1.jar;C:\Users\davit\.gradle\caches\modules-2\files-2.1\org.springframework.boot\spring-boot\3.5.0-M1\ecad6714bb6a3e7e8924071977da5084c1b7ff52\spring-boot-3.5.0-M1.jar;C:\Users\davit\.gradle\caches\modules-2\files-2.1\org.springframework.boot\spring-boot-starter-logging\3.5.0-M1\31f591613826f9d329188f9ee4527cf3c0f33479\spring-boot-starter-logging-3.5.0-M1.jar;C:\Users\davit\.gradle\caches\modules-2\files-2.1\org.springframework.boot\spring-boot-starter-tomcat\3.5.0-M1\b1afc394062de5ee16792666566830cbb73726bc\spring-boot-starter-tomcat-3.5.0-M1.jar;C:\Users\davit\.gradle\caches\modules-2\files-2.1\org.springframework.data\spring-data-jpa\3.4.2\4213f2d185b49447057823f5ef9de41e931f4f2e\spring-data-jpa-3.4.2.jar;C:\Users\davit\.gradle\caches\modules-2\files-2.1\jakarta.annotation\jakarta.annotation-api\2.1.1\48b9bda22b091b1f48b13af03fe36db3be6e1ae3\jakarta.annotation-api-2.1.1.jar;C:\Users\davit\.gradle\caches\modules-2\files-2.1\org.springframework\spring-webmvc\6.2.2\9b1aeb179ba9667bc78a4a5cec4ec8087db404d7\spring-webmvc-6.2.2.jar;C:\Users\davit\.gradle\caches\modules-2\files-2.1\org.springframework.security\spring-security-web\6.5.0-M1\f2639c4802692eca3664c061a740853f23df4d5e\spring-security-web-6.5.0-M1.jar;C:\Users\davit\.gradle\caches\modules-2\files-2.1\org.springframework\spring-web\6.2.2\bd2ef98bf98b6ecf8dd29106ae27b7515524c21\spring-web-6.2.2.jar;C:\Users\davit\.gradle\caches\modules-2\files-2.1\org.springframework.security\spring-security-config\6.5.0-M1\89e233219449988610a08f03c9f90b85dafc9eca\spring-security-config-6.5.0-M1.jar;C:\Users\davit\.gradle\caches\modules-2\files-2.1\org.springframework.security\spring-security-core\6.5.0-M1\13689aa458a96bddf3a8cd85a55707dc17350357\spring-security-core-6.5.0-M1.jar;C:\Users\davit\.gradle\caches\modules-2\files-2.1\org.springframework\spring-context\6.2.2\aa01a7faa3694983339ca7e45619860ef34052d6\spring-context-6.2.2.jar;C:\Users\davit\.gradle\caches\modules-2\files-2.1\org.springframework\spring-aop\6.2.2\2a1a445d4cd8e5fe2311df04fc25c0bc54bd2ce4\spring-aop-6.2.2.jar;C:\Users\davit\.gradle\caches\modules-2\files-2.1\org.springframework\spring-orm\6.2.2\98d0c8e2f8f65b776b24ffa979e9802a0c7085d7\spring-orm-6.2.2.jar;C:\Users\davit\.gradle\caches\modules-2\files-2.1\org.springframework\spring-jdbc\6.2.2\840572e748c1dfe7122e19a10888918e5ecfb631\spring-jdbc-6.2.2.jar;C:\Users\davit\.gradle\caches\modules-2\files-2.1\org.springframework.data\spring-data-commons\3.4.2\387ff91a749cce404f7a6e4a15a3b75ff497bdbc\spring-data-commons-3.4.2.jar;C:\Users\davit\.gradle\caches\modules-2\files-2.1\org.springframework\spring-tx\6.2.2\91a2e378d0e457b9c500f2b30aaf8a7a422ba522\spring-tx-6.2.2.jar;C:\Users\davit\.gradle\caches\modules-2\files-2.1\org.springframework\spring-beans\6.2.2\ec8ee520ff7b147de8ac04d330848d468253f84d\spring-beans-6.2.2.jar;C:\Users\davit\.gradle\caches\modules-2\files-2.1\org.springframework\spring-expression\6.2.2\20164dd3a70d0048185cf02bb1b097b22e73d820\spring-expression-6.2.2.jar;C:\Users\davit\.gradle\caches\modules-2\files-2.1\org.springframework\spring-core\6.2.2\94269e888dc979e75a1a1b9600d7153d72e6a7f1\spring-core-6.2.2.jar;C:\Users\davit\.gradle\caches\modules-2\files-2.1\org.yaml\snakeyaml\2.3\936b36210e27320f920536f695cf1af210c44586\snakeyaml-2.3.jar;C:\Users\davit\.gradle\caches\modules-2\files-2.1\org.hibernate.orm\hibernate-core\6.6.5.Final\c81deca40ebdb823d9f8a9e5dc5798a6a205626a\hibernate-core-6.6.5.Final.jar;C:\Users\davit\.gradle\caches\modules-2\files-2.1\org.springframework\spring-aspects\6.2.2\e9e0379bc353e43ab1cb326f413bb293d8a52e78\spring-aspects-6.2.2.jar;C:\Users\davit\.gradle\caches\modules-2\files-2.1\org.checkerframework\checker-qual\3.42.0\638ec33f363a94d41a4f03c3e7d3dcfba64e402d\checker-qual-3.42.0.jar;C:\Users\davit\.gradle\caches\modules-2\files-2.1\com.opencsv\opencsv\5.9\284ea0b60a24b71a530100783185e7d547ab5339\opencsv-5.9.jar;C:\Users\davit\.gradle\caches\modules-2\files-2.1\javax.xml.bind\jaxb-api\2.3.1\8531ad5ac454cc2deb9d4d32c40c4d7451939b5d\jaxb-api-2.3.1.jar;C:\Users\davit\.gradle\caches\modules-2\files-2.1\org.apache.commons\commons-collections4\4.4\62ebe7544cb7164d87e0637a2a6a2bdc981395e8\commons-collections4-4.4.jar;C:\Users\davit\.gradle\caches\modules-2\files-2.1\org.apache.commons\commons-text\1.12.0\66aa90dc099701c4d3b14bd256c328f592ccf0d6\commons-text-1.12.0.jar;C:\Users\davit\.gradle\caches\modules-2\files-2.1\org.apache.commons\commons-lang3\3.17.0\b17d2136f0460dcc0d2016ceefca8723bdf4ee70\commons-lang3-3.17.0.jar;C:\Users\davit\.gradle\caches\modules-2\files-2.1\commons-io\commons-io\2.17.0\ddcc8433eb019fb48fe25207c0278143f3e1d7e2\commons-io-2.17.0.jar;C:\Users\davit\.gradle\caches\modules-2\files-2.1\org.apache.tomcat.embed\tomcat-embed-el\10.1.34\d2b2daca3bc999c62e58ae36b45ba0582530fb25\tomcat-embed-el-10.1.34.jar;C:\Users\davit\.gradle\caches\modules-2\files-2.1\org.hibernate.validator\hibernate-validator\8.0.2.Final\220e64815dd87535525331de20570017f899eb13\hibernate-validator-8.0.2.Final.jar;C:\Users\davit\.gradle\caches\modules-2\files-2.1\software.amazon.awssdk\protocol-core\2.20.129\a7b8e2f879d661fafe53b2add287a757f11cf786\protocol-core-2.20.129.jar;C:\Users\davit\.gradle\caches\modules-2\files-2.1\software.amazon.awssdk\arns\2.20.129\121615e838be9324080dc81e87619d9acd491f78\arns-2.20.129.jar;C:\Users\davit\.gradle\caches\modules-2\files-2.1\software.amazon.awssdk\regions\2.20.129\95a332f97906d6bab30b4f4ea0253d2d03b075ef\regions-2.20.129.jar;C:\Users\davit\.gradle\caches\modules-2\files-2.1\software.amazon.awssdk\sdk-core\2.20.129\880cb860ed955dbaa29aa9875a2ef618fc55b462\sdk-core-2.20.129.jar;C:\Users\davit\.gradle\caches\modules-2\files-2.1\software.amazon.awssdk\profiles\2.20.129\207e154864ad6baa29be5968cad2d7af63458e77\profiles-2.20.129.jar;C:\Users\davit\.gradle\caches\modules-2\files-2.1\software.amazon.awssdk\crt-core\2.20.129\6bdd40112cd8b77658846cf8e05428285e7225c5\crt-core-2.20.129.jar;C:\Users\davit\.gradle\caches\modules-2\files-2.1\software.amazon.awssdk\apache-client\2.20.129\60fc5da7ac103c7005d0907ae0e6ecef0684edac\apache-client-2.20.129.jar;C:\Users\davit\.gradle\caches\modules-2\files-2.1\software.amazon.awssdk\netty-nio-client\2.20.129\c90a97b54be0cbe2f3c25a2fddd589cc021240d5\netty-nio-client-2.20.129.jar;C:\Users\davit\.gradle\caches\modules-2\files-2.1\software.amazon.awssdk\http-client-spi\2.20.129\8d43d3a622ba44cc8937006b205f1939f18637c1\http-client-spi-2.20.129.jar;C:\Users\davit\.gradle\caches\modules-2\files-2.1\software.amazon.awssdk\metrics-spi\2.20.129\85153eda343e66bd24602c7ce8c737ffaeca17e1\metrics-spi-2.20.129.jar;C:\Users\davit\.gradle\caches\modules-2\files-2.1\software.amazon.awssdk\json-utils\2.20.129\fd6cfd40b643b82b9eea15a38572edef302ba66d\json-utils-2.20.129.jar;C:\Users\davit\.gradle\caches\modules-2\files-2.1\software.amazon.awssdk\utils\2.20.129\16c903cac7917519024b766e94f602c7071636e4\utils-2.20.129.jar;C:\Users\davit\.gradle\caches\modules-2\files-2.1\software.amazon.awssdk\endpoints-spi\2.20.129\3d7df1753deb640a933dd922a0b5d6f9200cc9d2\endpoints-spi-2.20.129.jar;C:\Users\davit\.gradle\caches\modules-2\files-2.1\software.amazon.awssdk\annotations\2.20.129\87597a83dc213c5d3cb3a0495a123993712918a2\annotations-2.20.129.jar;C:\Users\davit\.gradle\caches\modules-2\files-2.1\software.amazon.eventstream\eventstream\1.0.1\6ff8649dffc5190366ada897ba8525a836297784\eventstream-1.0.1.jar;C:\Users\davit\.gradle\caches\modules-2\files-2.1\ch.qos.logback\logback-classic\1.5.16\113979db51dfad6dc895b34460d7b7ff64ffe7d2\logback-classic-1.5.16.jar;C:\Users\davit\.gradle\caches\modules-2\files-2.1\org.apache.logging.log4j\log4j-to-slf4j\2.24.3\da1143e2a2531ee1c2d90baa98eb50a28a39d5a7\log4j-to-slf4j-2.24.3.jar;C:\Users\davit\.gradle\caches\modules-2\files-2.1\org.slf4j\jul-to-slf4j\2.0.16\6d57da3e961daac65bcca0dd3def6cd11e48a24a\jul-to-slf4j-2.0.16.jar;C:\Users\davit\.gradle\caches\modules-2\files-2.1\org.springframework\spring-jcl\6.2.2\1fbbb0b2e85c6eac7c366c5eed5b124785f05ac8\spring-jcl-6.2.2.jar;C:\Users\davit\.gradle\caches\modules-2\files-2.1\com.fasterxml.jackson.datatype\jackson-datatype-jsr310\2.18.2\7b6ff96adf421f4c6edbd694e797dd8fe434510a\jackson-datatype-jsr310-2.18.2.jar;C:\Users\davit\.gradle\caches\modules-2\files-2.1\com.fasterxml.jackson.module\jackson-module-parameter-names\2.18.2\72960cb3277347a748911d100c3302d60e8a616a\jackson-module-parameter-names-2.18.2.jar;C:\Users\davit\.gradle\caches\modules-2\files-2.1\com.fasterxml.jackson.core\jackson-annotations\2.18.2\985d77751ebc7fce5db115a986bc9aa82f973f4a\jackson-annotations-2.18.2.jar;C:\Users\davit\.gradle\caches\modules-2\files-2.1\com.fasterxml.jackson.core\jackson-core\2.18.2\fb64ccac5c27dca8819418eb4e443a9f496d9ee7\jackson-core-2.18.2.jar;C:\Users\davit\.gradle\caches\modules-2\files-2.1\com.fasterxml.jackson.datatype\jackson-datatype-jdk8\2.18.2\9ed6d538ebcc66864e114a7040953dce6ab6ea53\jackson-datatype-jdk8-2.18.2.jar;C:\Users\davit\.gradle\caches\modules-2\files-2.1\com.fasterxml.jackson.core\jackson-databind\2.18.2\deef8697b92141fb6caf7aa86966cff4eec9b04f\jackson-databind-2.18.2.jar;C:\Users\davit\.gradle\caches\modules-2\files-2.1\org.apache.tomcat.embed\tomcat-embed-websocket\10.1.34\eef6d430f34b6e393b8d9e40f10db9043732b4e5\tomcat-embed-websocket-10.1.34.jar;C:\Users\davit\.gradle\caches\modules-2\files-2.1\org.apache.tomcat.embed\tomcat-embed-core\10.1.34\f610f84be607fbc82e393cc220f0ad45f92afc91\tomcat-embed-core-10.1.34.jar;C:\Users\davit\.gradle\caches\modules-2\files-2.1\io.micrometer\micrometer-observation\1.15.0-M1\73219187aabd13e002e96693d7aa8de51c4b849\micrometer-observation-1.15.0-M1.jar;C:\Users\davit\.gradle\caches\modules-2\files-2.1\com.zaxxer\HikariCP\6.2.1\2d60b91e74ee4ff10fc9a395d10b3b9c7061ef87\HikariCP-6.2.1.jar;C:\Users\davit\.gradle\caches\modules-2\files-2.1\jakarta.persistence\jakarta.persistence-api\3.1.0\66901fa1c373c6aff65c13791cc11da72060a8d6\jakarta.persistence-api-3.1.0.jar;C:\Users\davit\.gradle\caches\modules-2\files-2.1\jakarta.transaction\jakarta.transaction-api\2.0.1\51a520e3fae406abb84e2e1148e6746ce3f80a1a\jakarta.transaction-api-2.0.1.jar;C:\Users\davit\.gradle\caches\modules-2\files-2.1\org.jboss.logging\jboss-logging\3.6.1.Final\886afbb445b4016a37c8960a7aef6ebd769ce7e5\jboss-logging-3.6.1.Final.jar;C:\Users\davit\.gradle\caches\modules-2\files-2.1\org.hibernate.common\hibernate-commons-annotations\7.0.3.Final\e183c4be8bb41d12e9f19b374e00c34a0a85f439\hibernate-commons-annotations-7.0.3.Final.jar;C:\Users\davit\.gradle\caches\modules-2\files-2.1\io.smallrye\jandex\3.2.0\f17ad860f62a08487b9edabde608f8ac55c62fa7\jandex-3.2.0.jar;C:\Users\davit\.gradle\caches\modules-2\files-2.1\com.fasterxml\classmate\1.7.0\e98374da1f2143ac8e6e0a95036994bb19137a3\classmate-1.7.0.jar;C:\Users\davit\.gradle\caches\modules-2\files-2.1\net.bytebuddy\byte-buddy\1.16.1\f95f4d5efa5e07706129048a62b38a0acb35592c\byte-buddy-1.16.1.jar;C:\Users\davit\.gradle\caches\modules-2\files-2.1\org.glassfish.jaxb\jaxb-runtime\4.0.5\ca84c2a7169b5293e232b9d00d1e4e36d4c3914a\jaxb-runtime-4.0.5.jar;C:\Users\davit\.gradle\caches\modules-2\files-2.1\org.glassfish.jaxb\jaxb-core\4.0.5\7b4b11ea5542eea4ad55e1080b23be436795b3\jaxb-core-4.0.5.jar;C:\Users\davit\.gradle\caches\modules-2\files-2.1\jakarta.xml.bind\jakarta.xml.bind-api\4.0.2\6cd5a999b834b63238005b7144136379dc36cad2\jakarta.xml.bind-api-4.0.2.jar;C:\Users\davit\.gradle\caches\modules-2\files-2.1\jakarta.inject\jakarta.inject-api\2.0.1\4c28afe1991a941d7702fe1362c365f0a8641d1e\jakarta.inject-api-2.0.1.jar;C:\Users\davit\.gradle\caches\modules-2\files-2.1\org.antlr\antlr4-runtime\4.13.0\5a02e48521624faaf5ff4d99afc88b01686af655\antlr4-runtime-4.13.0.jar;C:\Users\davit\.gradle\caches\modules-2\files-2.1\org.slf4j\slf4j-api\2.0.16\172931663a09a1fa515567af5fbef00897d3c04\slf4j-api-2.0.16.jar;C:\Users\davit\.gradle\caches\modules-2\files-2.1\org.aspectj\aspectjweaver\1.9.22.1\bca243d0af0db4758fbae45c5f4995cb5dabb612\aspectjweaver-1.9.22.1.jar;C:\Users\davit\.gradle\caches\modules-2\files-2.1\jakarta.validation\jakarta.validation-api\3.0.2\92b6631659ba35ca09e44874d3eb936edfeee532\jakarta.validation-api-3.0.2.jar;C:\Users\davit\.gradle\caches\modules-2\files-2.1\org.reactivestreams\reactive-streams\1.0.4\3864a1320d97d7b045f729a326e1e077661f31b7\reactive-streams-1.0.4.jar;C:\Users\davit\.gradle\caches\modules-2\files-2.1\software.amazon.awssdk\third-party-jackson-core\2.20.129\42f34b52f518efe3b264705e04c1990beb57ded0\third-party-jackson-core-2.20.129.jar;C:\Users\davit\.gradle\caches\modules-2\files-2.1\org.apache.httpcomponents\httpclient\4.5.13\e5f6cae5ca7ecaac1ec2827a9e2d65ae2869cada\httpclient-4.5.13.jar;C:\Users\davit\.gradle\caches\modules-2\files-2.1\org.apache.httpcomponents\httpcore\4.4.16\51cf043c87253c9f58b539c9f7e44c8894223850\httpcore-4.4.16.jar;C:\Users\davit\.gradle\caches\modules-2\files-2.1\commons-codec\commons-codec\1.17.2\cd6bb9d856db5f61871a94d5801efd0b93b7fcb2\commons-codec-1.17.2.jar;C:\Users\davit\.gradle\caches\modules-2\files-2.1\io.netty\netty-codec-http2\4.1.117.Final\e0a678ac80e00b08a4c0118d496efabc4516ebbf\netty-codec-http2-4.1.117.Final.jar;C:\Users\davit\.gradle\caches\modules-2\files-2.1\io.netty\netty-codec-http\4.1.117.Final\5a0f8cd908b8b09b2cd1d39c1d2086a4d12e6029\netty-codec-http-4.1.117.Final.jar;C:\Users\davit\.gradle\caches\modules-2\files-2.1\io.netty\netty-handler\4.1.117.Final\db14cd99515f8c98a3f2a347718e59f14d85c503\netty-handler-4.1.117.Final.jar;C:\Users\davit\.gradle\caches\modules-2\files-2.1\io.netty\netty-codec\4.1.117.Final\2831d3431ed93d9c0b64b1c0cce2ced4737539aa\netty-codec-4.1.117.Final.jar;C:\Users\davit\.gradle\caches\modules-2\files-2.1\io.netty\netty-transport-classes-epoll\4.1.117.Final\ebca585acd227b8682ed5b2aafbb86d07f77848\netty-transport-classes-epoll-4.1.117.Final.jar;C:\Users\davit\.gradle\caches\modules-2\files-2.1\io.netty\netty-transport-native-unix-common\4.1.117.Final\684f2316ff2b2171babbc17c95ac3bd97f5f091e\netty-transport-native-unix-common-4.1.117.Final.jar;C:\Users\davit\.gradle\caches\modules-2\files-2.1\io.netty\netty-transport\4.1.117.Final\f81d72962bd134d8d8e11b514321134fa5fd0ce6\netty-transport-4.1.117.Final.jar;C:\Users\davit\.gradle\caches\modules-2\files-2.1\io.netty\netty-buffer\4.1.117.Final\22b4cc28194cb23671274499229e0ef35028fbd\netty-buffer-4.1.117.Final.jar;C:\Users\davit\.gradle\caches\modules-2\files-2.1\io.netty\netty-resolver\4.1.117.Final\581b37489a03162f473264b65f53d504269a74b0\netty-resolver-4.1.117.Final.jar;C:\Users\davit\.gradle\caches\modules-2\files-2.1\io.netty\netty-common\4.1.117.Final\9e074a4382f56b37f3b9ee1fc21d53e7af58ec9d\netty-common-4.1.117.Final.jar;C:\Users\davit\.gradle\caches\modules-2\files-2.1\ch.qos.logback\logback-core\1.5.16\4f17700f046900aea2fadf115e2d67fec921f7fd\logback-core-1.5.16.jar;C:\Users\davit\.gradle\caches\modules-2\files-2.1\org.apache.logging.log4j\log4j-api\2.24.3\b02c125db8b6d295adf72ae6e71af5d83bce2370\log4j-api-2.24.3.jar;C:\Users\davit\.gradle\caches\modules-2\files-2.1\io.micrometer\micrometer-commons\1.15.0-M1\d85a0d02f31c67f45a4e369608e1c11565e3f16a\micrometer-commons-1.15.0-M1.jar;C:\Users\davit\.gradle\caches\modules-2\files-2.1\org.eclipse.angus\angus-activation\2.0.2\41f1e0ddd157c856926ed149ab837d110955a9fc\angus-activation-2.0.2.jar;C:\Users\davit\.gradle\caches\modules-2\files-2.1\jakarta.activation\jakarta.activation-api\2.1.3\fa165bd70cda600368eee31555222776a46b881f\jakarta.activation-api-2.1.3.jar;C:\Users\davit\.gradle\caches\modules-2\files-2.1\org.springframework.security\spring-security-crypto\6.5.0-M1\c5a8b18ddeacde98a5b7434c5a128917a1e507ce\spring-security-crypto-6.5.0-M1.jar;C:\Users\davit\.gradle\caches\modules-2\files-2.1\commons-logging\commons-logging\1.2\4bfc12adfe4842bf07b657f0369c4cb522955686\commons-logging-1.2.jar;C:\Users\davit\.gradle\caches\modules-2\files-2.1\org.glassfish.jaxb\txw2\4.0.5\f36a4ef12120a9bb06d766d6a0e54b144fd7ed98\txw2-4.0.5.jar;C:\Users\davit\.gradle\caches\modules-2\files-2.1\com.sun.istack\istack-commons-runtime\4.1.2\18ec117c85f3ba0ac65409136afa8e42bc74e739\istack-commons-runtime-4.1.2.jar
Launcher Type: SUN_STANDARD

[Global flags]
     intx CICompilerCount                          = 12                                        {product} {ergonomic}
     uint ConcGCThreads                            = 4                                         {product} {ergonomic}
     uint G1ConcRefinementThreads                  = 15                                        {product} {ergonomic}
   size_t G1HeapRegionSize                         = 2097152                                   {product} {ergonomic}
   size_t InitialHeapSize                          = 266338304                                 {product} {ergonomic}
   size_t MarkStackSize                            = 4194304                                   {product} {ergonomic}
   size_t MarkStackSizeMax                         = 536870912                                 {product} {ergonomic}
   size_t MaxHeapSize                              = 4246732800                                {product} {ergonomic}
   size_t MaxNewSize                               = 2548039680                                {product} {ergonomic}
   size_t MinHeapDeltaBytes                        = 2097152                                   {product} {ergonomic}
   size_t MinHeapSize                              = 8388608                                   {product} {ergonomic}
    uintx NonNMethodCodeHeapSize                   = 7602176                                {pd product} {ergonomic}
    uintx NonProfiledCodeHeapSize                  = 122093568                              {pd product} {ergonomic}
    uintx ProfiledCodeHeapSize                     = 121962496                              {pd product} {ergonomic}
    uintx ReservedCodeCacheSize                    = 251658240                              {pd product} {ergonomic}
     bool SegmentedCodeCache                       = true                                      {product} {ergonomic}
   size_t SoftMaxHeapSize                          = 4246732800                             {manageable} {ergonomic}
     bool UseCompressedOops                        = true                           {product lp64_product} {ergonomic}
     bool UseG1GC                                  = true                                      {product} {ergonomic}
     bool UseLargePagesIndividualAllocation        = false                                  {pd product} {ergonomic}

Logging:
Log output configuration:
 #0: stdout all=warning uptime,level,tags foldmultilines=false
 #1: stderr all=off uptime,level,tags foldmultilines=false

Environment Variables:
PATH=C:\Windows\system32;C:\Windows;C:\Windows\System32\Wbem;C:\Windows\System32\WindowsPowerShell\v1.0\;C:\Windows\System32\OpenSSH\;C:\Program Files\dotnet\;C:\Program Files\NVIDIA Corporation\NVIDIA NvDLISR;C:\Program Files\Git\cmd;C:\Program Files (x86)\Microsoft SQL Server\160\Tools\Binn\;C:\Program Files\Microsoft SQL Server\160\Tools\Binn\;C:\Program Files\Microsoft SQL Server\Client SDK\ODBC\170\Tools\Binn\;C:\Program Files\Microsoft SQL Server\160\DTS\Binn\;C:\Program Files (x86)\Microsoft SQL Server\160\DTS\Binn\;C:\Program Files\nodejs\;C:\Program Files\Amazon\AWSCLIV2\;C:\Program Files\MySQL\MySQL Shell 8.0\bin\;C:\Users\davit\AppData\Local\Microsoft\WindowsApps;C:\Users\davit\AppData\Local\Programs\Microsoft VS Code\bin;C:\Users\davit\.dotnet\tools;C:\Users\davit\AppData\Roaming\npm
USERNAME=davit
OS=Windows_NT
PROCESSOR_IDENTIFIER=Intel64 Family 6 Model 151 Stepping 2, GenuineIntel
TMP=C:\Users\davit\AppData\Local\Temp
TEMP=C:\Users\davit\AppData\Local\Temp




Periodic native trim disabled

---------------  S Y S T E M  ---------------

OS:
 Windows 11 , 64 bit Build 22621 (10.0.22621.4974)
OS uptime: 0 days 14:49 hours
Hyper-V role detected

CPU: total 20 (initial active 20) (10 cores per cpu, 2 threads per core) family 6 model 151 stepping 2 microcode 0xf, cx8, cmov, fxsr, ht, mmx, 3dnowpref, sse, sse2, sse3, ssse3, sse4.1, sse4.2, popcnt, lzcnt, tsc, tscinvbit, avx, avx2, aes, erms, clmul, bmi1, bmi2, adx, sha, fma, vzeroupper, clflush, clflushopt, clwb, hv, serialize, rdtscp, rdpid, fsrm, gfni, f16c, cet_ibt, cet_ss
Processor Information for processor 0
  Max Mhz: 2100, Current Mhz: 2100, Mhz Limit: 2100
Processor Information for processor 1
  Max Mhz: 2100, Current Mhz: 2100, Mhz Limit: 2100
Processor Information for processor 2
  Max Mhz: 2100, Current Mhz: 2100, Mhz Limit: 2100
Processor Information for processor 3
  Max Mhz: 2100, Current Mhz: 2100, Mhz Limit: 2100
Processor Information for processor 4
  Max Mhz: 2100, Current Mhz: 2100, Mhz Limit: 2100
Processor Information for processor 5
  Max Mhz: 2100, Current Mhz: 2100, Mhz Limit: 2100
Processor Information for processor 6
  Max Mhz: 2100, Current Mhz: 2100, Mhz Limit: 2100
Processor Information for processor 7
  Max Mhz: 2100, Current Mhz: 2100, Mhz Limit: 2100
Processor Information for processor 8
  Max Mhz: 2100, Current Mhz: 2100, Mhz Limit: 2100
Processor Information for processor 9
  Max Mhz: 2100, Current Mhz: 2100, Mhz Limit: 2100
Processor Information for processor 10
  Max Mhz: 2100, Current Mhz: 2100, Mhz Limit: 2100
Processor Information for processor 11
  Max Mhz: 2100, Current Mhz: 2100, Mhz Limit: 2100
Processor Information for processor 12
  Max Mhz: 2100, Current Mhz: 2100, Mhz Limit: 2100
Processor Information for processor 13
  Max Mhz: 2100, Current Mhz: 2100, Mhz Limit: 2100
Processor Information for processor 14
  Max Mhz: 2100, Current Mhz: 2100, Mhz Limit: 2100
Processor Information for processor 15
  Max Mhz: 2100, Current Mhz: 2100, Mhz Limit: 2100
Processor Information for processor 16
  Max Mhz: 2100, Current Mhz: 1600, Mhz Limit: 1596
Processor Information for processor 17
  Max Mhz: 2100, Current Mhz: 1600, Mhz Limit: 1596
Processor Information for processor 18
  Max Mhz: 2100, Current Mhz: 1600, Mhz Limit: 1596
Processor Information for processor 19
  Max Mhz: 2100, Current Mhz: 1600, Mhz Limit: 1596

Memory: 4k page, system-wide physical 16193M (2402M free)
TotalPageFile size 26959M (AvailPageFile size 4532M)
current process WorkingSet (physical memory assigned to process): 242M, peak: 246M
current process commit charge ("private bytes"): 298M, peak: 448M

vm_info: OpenJDK 64-Bit Server VM (23.0.2+7-58) for windows-amd64 JRE (23.0.2+7-58), built on 2024-11-29T09:34:55Z with MS VC++ 17.6 (VS2022)

END.
